Process 1.278 seconds url: https://www.baseball-reference.com//boxes/BOS/BOS201004040.shtmlProcess 1.32 seconds url: https://www.baseball-reference.com//boxes/ANA/ANA201004050.shtmlProcess 1.448 seconds url: https://www.baseball-reference.com//boxes/ATL/ATL201004050.shtmlProcess 1.562 seconds url: https://www.baseball-reference.com//boxes/CIN/CIN201004050.shtmlProcess 1.417 seconds url: https://www.baseball-reference.com//boxes/KCA/KCA201004050.shtmlProcess 1.347 seconds url: https://www.baseball-reference.com//boxes/NYN/NYN201004050.shtmlProcess 1.35 seconds url: https://www.baseball-reference.com//boxes/PIT/PIT201004050.shtmlProcess 1.278 seconds url: https://www.baseball-reference.com//boxes/WAS/WAS201004050.shtmlProcess 1.262 seconds url: https://www.baseball-reference.com//boxes/ARI/ARI201004060.shtmlProcess 1.257 seconds url: https://www.baseball-reference.com//boxes/HOU/HOU201004060.shtmlProcess 1.314 seconds url: https://www.baseball-reference.com//boxes/OAK/OAK201004060.shtmlProcess 1.316 seconds url: https://www.baseball-reference.com//boxes/ANA/ANA201004070.shtmlProcess 1.264 seconds url: https://www.baseball-reference.com//boxes/ATL/ATL201004070.shtmlProcess 1.271 seconds url: https://www.baseball-reference.com//boxes/CHA/CHA201004070.shtmlProcess 1.285 seconds url: https://www.baseball-reference.com//boxes/HOU/HOU201004070.shtmlProcess 1.342 seconds url: https://www.baseball-reference.com//boxes/MIL/MIL201004070.shtmlProcess 1.341 seconds url: https://www.baseball-reference.com//boxes/OAK/OAK201004070.shtmlProcess 1.412 seconds url: https://www.baseball-reference.com//boxes/TBA/TBA201004070.shtmlProcess 1.281 seconds url: https://www.baseball-reference.com//boxes/WAS/WAS201004070.shtmlProcess 1.291 seconds url: https://www.baseball-reference.com//boxes/ATL/ATL201004080.shtmlProcess 1.399 seconds url: https://www.baseball-reference.com//boxes/CIN/CIN201004080.shtmlProcess 1.283 seconds url: https://www.baseball-reference.com//boxes/NYN/NYN201004080.shtmlProcess 1.319 seconds url: https://www.baseball-reference.com//boxes/PIT/PIT201004080.shtmlProcess 1.316 seconds url: https://www.baseball-reference.com//boxes/TEX/TEX201004080.shtmlProcess 1.263 seconds url: https://www.baseball-reference.com//boxes/ANA/ANA201004090.shtmlProcess 1.264 seconds url: https://www.baseball-reference.com//boxes/BAL/BAL201004090.shtmlProcess 1.281 seconds url: https://www.baseball-reference.com//boxes/CIN/CIN201004090.shtmlProcess 1.34 seconds url: https://www.baseball-reference.com//boxes/DET/DET201004090.shtmlProcess 1.266 seconds url: https://www.baseball-reference.com//boxes/HOU/HOU201004090.shtmlProcess 1.323 seconds url: https://www.baseball-reference.com//boxes/MIL/MIL201004090.shtmlProcess 1.29 seconds url: https://www.baseball-reference.com//boxes/SFN/SFN201004090.shtmlProcess 1.265 seconds url: https://www.baseball-reference.com//boxes/TEX/TEX201004090.shtmlProcess 1.272 seconds url: https://www.baseball-reference.com//boxes/ARI/ARI201004100.shtmlProcess 1.345 seconds url: https://www.baseball-reference.com//boxes/CHA/CHA201004100.shtmlProcess 1.432 seconds url: https://www.baseball-reference.com//boxes/COL/COL201004100.shtmlProcess 1.271 seconds url: https://www.baseball-reference.com//boxes/FLO/FLO201004100.shtmlProcess 1.272 seconds url: https://www.baseball-reference.com//boxes/KCA/KCA201004100.shtmlProcess 1.281 seconds url: https://www.baseball-reference.com//boxes/NYN/NYN201004100.shtmlProcess 1.332 seconds url: https://www.baseball-reference.com//boxes/TBA/TBA201004100.shtmlProcess 1.271 seconds url: https://www.baseball-reference.com//boxes/ANA/ANA201004110.shtmlProcess 1.439 seconds url: https://www.baseball-reference.com//boxes/BAL/BAL201004110.shtmlProcess 1.306 seconds url: https://www.baseball-reference.com//boxes/CIN/CIN201004110.shtmlProcess 1.266 seconds url: https://www.baseball-reference.com//boxes/DET/DET201004110.shtmlProcess 1.266 seconds url: https://www.baseball-reference.com//boxes/HOU/HOU201004110.shtmlProcess 1.316 seconds url: https://www.baseball-reference.com//boxes/MIL/MIL201004110.shtmlProcess 1.268 seconds url: https://www.baseball-reference.com//boxes/SFN/SFN201004110.shtmlProcess 1.289 seconds url: https://www.baseball-reference.com//boxes/TEX/TEX201004110.shtmlProcess 1.309 seconds url: https://www.baseball-reference.com//boxes/CHN/CHN201004120.shtmlProcess 1.253 seconds url: https://www.baseball-reference.com//boxes/DET/DET201004120.shtmlProcess 1.386 seconds url: https://www.baseball-reference.com//boxes/MIN/MIN201004120.shtmlProcess 1.293 seconds url: https://www.baseball-reference.com//boxes/SDN/SDN201004120.shtmlProcess 1.293 seconds url: https://www.baseball-reference.com//boxes/SFN/SFN201004120.shtmlProcess 1.382 seconds url: https://www.baseball-reference.com//boxes/TOR/TOR201004120.shtmlProcess 1.269 seconds url: https://www.baseball-reference.com//boxes/COL/COL201004130.shtmlProcess 1.308 seconds url: https://www.baseball-reference.com//boxes/FLO/FLO201004130.shtmlProcess 1.473 seconds url: https://www.baseball-reference.com//boxes/NYA/NYA201004130.shtmlProcess 1.483 seconds url: https://www.baseball-reference.com//boxes/SFN/SFN201004130.shtmlProcess 1.528 seconds url: https://www.baseball-reference.com//boxes/BAL/BAL201004140.shtmlProcess 1.406 seconds url: https://www.baseball-reference.com//boxes/CLE/CLE201004140.shtmlProcess 1.386 seconds url: https://www.baseball-reference.com//boxes/DET/DET201004140.shtmlProcess 1.275 seconds url: https://www.baseball-reference.com//boxes/LAN/LAN201004140.shtmlProcess 1.344 seconds url: https://www.baseball-reference.com//boxes/NYA/NYA201004140.shtmlProcess 1.281 seconds url: https://www.baseball-reference.com//boxes/SDN/SDN201004140.shtmlProcess 1.279 seconds url: https://www.baseball-reference.com//boxes/SFN/SFN201004140.shtmlProcess 1.262 seconds url: https://www.baseball-reference.com//boxes/TOR/TOR201004140.shtmlProcess 1.273 seconds url: https://www.baseball-reference.com//boxes/CLE/CLE201004150.shtmlProcess 1.391 seconds url: https://www.baseball-reference.com//boxes/FLO/FLO201004150.shtmlProcess 1.326 seconds url: https://www.baseball-reference.com//boxes/MIN/MIN201004150.shtmlProcess 1.261 seconds url: https://www.baseball-reference.com//boxes/OAK/OAK201004150.shtmlProcess 1.284 seconds url: https://www.baseball-reference.com//boxes/SDN/SDN201004150.shtmlProcess 1.353 seconds url: https://www.baseball-reference.com//boxes/TOR/TOR201004150.shtmlProcess 1.358 seconds url: https://www.baseball-reference.com//boxes/BOS/BOS201004160.shtmlProcess 1.263 seconds url: https://www.baseball-reference.com//boxes/CLE/CLE201004160.shtmlProcess 1.271 seconds url: https://www.baseball-reference.com//boxes/MIN/MIN201004160.shtmlProcess 1.294 seconds url: https://www.baseball-reference.com//boxes/OAK/OAK201004160.shtmlProcess 1.266 seconds url: https://www.baseball-reference.com//boxes/PIT/PIT201004160.shtmlProcess 1.336 seconds url: https://www.baseball-reference.com//boxes/SEA/SEA201004160.shtmlProcess 1.282 seconds url: https://www.baseball-reference.com//boxes/TOR/TOR201004160.shtmlProcess 1.315 seconds url: https://www.baseball-reference.com//boxes/ATL/ATL201004170.shtmlProcess 1.416 seconds url: https://www.baseball-reference.com//boxes/CHN/CHN201004170.shtmlProcess 1.294 seconds url: https://www.baseball-reference.com//boxes/LAN/LAN201004170.shtmlProcess 1.311 seconds url: https://www.baseball-reference.com//boxes/NYA/NYA201004170.shtmlProcess 1.355 seconds url: https://www.baseball-reference.com//boxes/PHI/PHI201004170.shtmlProcess 1.269 seconds url: https://www.baseball-reference.com//boxes/SDN/SDN201004170.shtmlProcess 1.315 seconds url: https://www.baseball-reference.com//boxes/SLN/SLN201004170.shtmlProcess 1.465 seconds url: https://www.baseball-reference.com//boxes/WAS/WAS201004170.shtmlProcess 1.327 seconds url: https://www.baseball-reference.com//boxes/BOS/BOS201004180.shtmlProcess 1.294 seconds url: https://www.baseball-reference.com//boxes/CLE/CLE201004180.shtmlProcess 1.304 seconds url: https://www.baseball-reference.com//boxes/MIN/MIN201004180.shtmlProcess 1.366 seconds url: https://www.baseball-reference.com//boxes/OAK/OAK201004180.shtmlProcess 1.338 seconds url: https://www.baseball-reference.com//boxes/PIT/PIT201004180.shtmlProcess 1.338 seconds url: https://www.baseball-reference.com//boxes/SEA/SEA201004180.shtmlProcess 1.339 seconds url: https://www.baseball-reference.com//boxes/TOR/TOR201004180.shtmlProcess 1.338 seconds url: https://www.baseball-reference.com//boxes/ANA/ANA201004190.shtmlProcess 1.307 seconds url: https://www.baseball-reference.com//boxes/BOS/BOS201004190.shtmlProcess 1.324 seconds url: https://www.baseball-reference.com//boxes/SDN/SDN201004190.shtmlProcess 1.319 seconds url: https://www.baseball-reference.com//boxes/TOR/TOR201004190.shtmlProcess 1.271 seconds url: https://www.baseball-reference.com//boxes/ANA/ANA201004200.shtmlProcess 1.268 seconds url: https://www.baseball-reference.com//boxes/ATL/ATL201004200.shtmlProcess 1.318 seconds url: https://www.baseball-reference.com//boxes/CHA/CHA201004200.shtmlProcess 1.432 seconds url: https://www.baseball-reference.com//boxes/HOU/HOU201004200.shtmlProcess 1.324 seconds url: https://www.baseball-reference.com//boxes/NYN/NYN201004200.shtmlProcess 1.276 seconds url: https://www.baseball-reference.com//boxes/PIT/PIT201004200.shtmlProcess 1.286 seconds url: https://www.baseball-reference.com//boxes/SEA/SEA201004200.shtmlProcess 1.284 seconds url: https://www.baseball-reference.com//boxes/WAS/WAS201004200.shtmlProcess 1.264 seconds url: https://www.baseball-reference.com//boxes/ARI/ARI201004210.shtmlProcess 1.284 seconds url: https://www.baseball-reference.com//boxes/BOS/BOS201004210.shtmlProcess 1.277 seconds url: https://www.baseball-reference.com//boxes/CIN/CIN201004210.shtmlProcess 1.276 seconds url: https://www.baseball-reference.com//boxes/MIN/MIN201004210.shtmlProcess 1.276 seconds url: https://www.baseball-reference.com//boxes/OAK/OAK201004210.shtmlProcess 1.34 seconds url: https://www.baseball-reference.com//boxes/SDN/SDN201004210.shtmlProcess 1.258 seconds url: https://www.baseball-reference.com//boxes/TOR/TOR201004210.shtmlProcess 1.272 seconds url: https://www.baseball-reference.com//boxes/ANA/ANA201004220.shtmlProcess 1.283 seconds url: https://www.baseball-reference.com//boxes/BOS/BOS201004220.shtmlProcess 1.275 seconds url: https://www.baseball-reference.com//boxes/CIN/CIN201004220.shtmlProcess 1.298 seconds url: https://www.baseball-reference.com//boxes/MIN/MIN201004220.shtmlProcess 1.429 seconds url: https://www.baseball-reference.com//boxes/OAK/OAK201004220.shtmlProcess 1.364 seconds url: https://www.baseball-reference.com//boxes/WAS/WAS201004220.shtmlProcess 1.268 seconds url: https://www.baseball-reference.com//boxes/ARI/ARI201004230.shtmlProcess 1.28 seconds url: https://www.baseball-reference.com//boxes/CHA/CHA201004230.shtmlProcess 1.257 seconds url: https://www.baseball-reference.com//boxes/HOU/HOU201004230.shtmlProcess 1.29 seconds url: https://www.baseball-reference.com//boxes/MIL/MIL201004230.shtmlProcess 1.265 seconds url: https://www.baseball-reference.com//boxes/OAK/OAK201004230.shtmlProcess 1.304 seconds url: https://www.baseball-reference.com//boxes/TBA/TBA201004230.shtmlProcess 1.266 seconds url: https://www.baseball-reference.com//boxes/WAS/WAS201004230.shtmlProcess 1.517 seconds url: https://www.baseball-reference.com//boxes/ARI/ARI201004240.shtmlProcess 1.282 seconds url: https://www.baseball-reference.com//boxes/CHA/CHA201004240.shtmlProcess 1.264 seconds url: https://www.baseball-reference.com//boxes/COL/COL201004241.shtmlProcess 1.547 seconds url: https://www.baseball-reference.com//boxes/HOU/HOU201004240.shtmlProcess 1.325 seconds url: https://www.baseball-reference.com//boxes/MIL/MIL201004240.shtmlProcess 1.305 seconds url: https://www.baseball-reference.com//boxes/OAK/OAK201004240.shtmlProcess 1.275 seconds url: https://www.baseball-reference.com//boxes/TBA/TBA201004240.shtmlProcess 1.338 seconds url: https://www.baseball-reference.com//boxes/WAS/WAS201004240.shtmlProcess 1.279 seconds url: https://www.baseball-reference.com//boxes/ARI/ARI201004250.shtmlProcess 1.265 seconds url: https://www.baseball-reference.com//boxes/CHA/CHA201004250.shtmlProcess 1.351 seconds url: https://www.baseball-reference.com//boxes/COL/COL201004250.shtmlProcess 1.266 seconds url: https://www.baseball-reference.com//boxes/KCA/KCA201004250.shtmlProcess 1.255 seconds url: https://www.baseball-reference.com//boxes/NYN/NYN201004250.shtmlProcess 1.285 seconds url: https://www.baseball-reference.com//boxes/SFN/SFN201004250.shtmlProcess 1.348 seconds url: https://www.baseball-reference.com//boxes/TEX/TEX201004250.shtmlProcess 1.4 seconds url: https://www.baseball-reference.com//boxes/ANA/ANA201004260.shtmlProcess 1.277 seconds url: https://www.baseball-reference.com//boxes/COL/COL201004260.shtmlProcess 1.279 seconds url: https://www.baseball-reference.com//boxes/KCA/KCA201004260.shtmlProcess 1.255 seconds url: https://www.baseball-reference.com//boxes/SFN/SFN201004260.shtmlProcess 1.296 seconds url: https://www.baseball-reference.com//boxes/TEX/TEX201004260.shtmlProcess 1.297 seconds url: https://www.baseball-reference.com//boxes/ANA/ANA201004270.shtmlProcess 1.374 seconds url: https://www.baseball-reference.com//boxes/CHN/CHN201004270.shtmlProcess 1.323 seconds url: https://www.baseball-reference.com//boxes/DET/DET201004270.shtmlProcess 1.297 seconds url: https://www.baseball-reference.com//boxes/HOU/HOU201004270.shtmlProcess 1.413 seconds url: https://www.baseball-reference.com//boxes/MIL/MIL201004270.shtmlProcess 1.356 seconds url: https://www.baseball-reference.com//boxes/NYN/NYN201004272.shtmlProcess 1.262 seconds url: https://www.baseball-reference.com//boxes/SLN/SLN201004270.shtmlProcess 1.311 seconds url: https://www.baseball-reference.com//boxes/TEX/TEX201004270.shtmlProcess 1.288 seconds url: https://www.baseball-reference.com//boxes/ANA/ANA201004280.shtmlProcess 1.287 seconds url: https://www.baseball-reference.com//boxes/CHN/CHN201004280.shtmlProcess 1.263 seconds url: https://www.baseball-reference.com//boxes/DET/DET201004280.shtmlProcess 1.277 seconds url: https://www.baseball-reference.com//boxes/HOU/HOU201004280.shtmlProcess 1.319 seconds url: https://www.baseball-reference.com//boxes/MIL/MIL201004280.shtmlProcess 1.352 seconds url: https://www.baseball-reference.com//boxes/SFN/SFN201004280.shtmlProcess 1.278 seconds url: https://www.baseball-reference.com//boxes/TBA/TBA201004280.shtmlProcess 1.275 seconds url: https://www.baseball-reference.com//boxes/TOR/TOR201004280.shtmlProcess 1.294 seconds url: https://www.baseball-reference.com//boxes/CHN/CHN201004290.shtmlProcess 1.289 seconds url: https://www.baseball-reference.com//boxes/HOU/HOU201004290.shtmlProcess 1.297 seconds url: https://www.baseball-reference.com//boxes/SDN/SDN201004290.shtmlProcess 1.325 seconds url: https://www.baseball-reference.com//boxes/TBA/TBA201004290.shtmlProcess 1.29 seconds url: https://www.baseball-reference.com//boxes/TOR/TOR201004290.shtmlProcess 1.27 seconds url: https://www.baseball-reference.com//boxes/BAL/BAL201004300.shtmlProcess 1.308 seconds url: https://www.baseball-reference.com//boxes/CLE/CLE201004300.shtmlProcess 1.271 seconds url: https://www.baseball-reference.com//boxes/FLO/FLO201004300.shtmlProcess 1.267 seconds url: https://www.baseball-reference.com//boxes/NYA/NYA201004300.shtmlProcess 1.269 seconds url: https://www.baseball-reference.com//boxes/SDN/SDN201004300.shtmlProcess 1.322 seconds url: https://www.baseball-reference.com//boxes/SFN/SFN201004300.shtmlProcess 1.27 seconds url: https://www.baseball-reference.com//boxes/TBA/TBA201004300.shtmlProcess 1.275 seconds url: https://www.baseball-reference.com//boxes/ATL/ATL201005010.shtmlProcess 1.31 seconds url: https://www.baseball-reference.com//boxes/CHN/CHN201005010.shtmlProcess 1.269 seconds url: https://www.baseball-reference.com//boxes/DET/DET201005010.shtmlProcess 1.331 seconds url: https://www.baseball-reference.com//boxes/LAN/LAN201005010.shtmlProcess 1.262 seconds url: https://www.baseball-reference.com//boxes/PHI/PHI201005010.shtmlProcess 1.3 seconds url: https://www.baseball-reference.com//boxes/SEA/SEA201005010.shtmlProcess 1.267 seconds url: https://www.baseball-reference.com//boxes/SLN/SLN201005010.shtmlProcess 1.284 seconds url: https://www.baseball-reference.com//boxes/TOR/TOR201005010.shtmlProcess 1.267 seconds url: https://www.baseball-reference.com//boxes/BAL/BAL201005020.shtmlProcess 1.291 seconds url: https://www.baseball-reference.com//boxes/CLE/CLE201005020.shtmlProcess 1.287 seconds url: https://www.baseball-reference.com//boxes/FLO/FLO201005020.shtmlProcess 1.425 seconds url: https://www.baseball-reference.com//boxes/NYA/NYA201005020.shtmlProcess 1.275 seconds url: https://www.baseball-reference.com//boxes/SDN/SDN201005020.shtmlProcess 1.269 seconds url: https://www.baseball-reference.com//boxes/SFN/SFN201005020.shtmlProcess 1.27 seconds url: https://www.baseball-reference.com//boxes/TBA/TBA201005020.shtmlProcess 1.297 seconds url: https://www.baseball-reference.com//boxes/BOS/BOS201005030.shtmlProcess 1.284 seconds url: https://www.baseball-reference.com//boxes/CIN/CIN201005030.shtmlProcess 1.282 seconds url: https://www.baseball-reference.com//boxes/HOU/HOU201005030.shtmlProcess 1.261 seconds url: https://www.baseball-reference.com//boxes/NYA/NYA201005030.shtmlProcess 1.258 seconds url: https://www.baseball-reference.com//boxes/PHI/PHI201005030.shtmlProcess 1.281 seconds url: https://www.baseball-reference.com//boxes/BOS/BOS201005040.shtmlProcess 1.268 seconds url: https://www.baseball-reference.com//boxes/CIN/CIN201005040.shtmlProcess 1.278 seconds url: https://www.baseball-reference.com//boxes/FLO/FLO201005040.shtmlProcess 1.271 seconds url: https://www.baseball-reference.com//boxes/LAN/LAN201005040.shtmlProcess 1.293 seconds url: https://www.baseball-reference.com//boxes/NYA/NYA201005040.shtmlProcess 1.273 seconds url: https://www.baseball-reference.com//boxes/PHI/PHI201005040.shtmlProcess 1.288 seconds url: https://www.baseball-reference.com//boxes/SDN/SDN201005040.shtmlProcess 1.311 seconds url: https://www.baseball-reference.com//boxes/WAS/WAS201005040.shtmlProcess 1.305 seconds url: https://www.baseball-reference.com//boxes/CHA/CHA201005050.shtmlProcess 1.285 seconds url: https://www.baseball-reference.com//boxes/CLE/CLE201005050.shtmlProcess 1.264 seconds url: https://www.baseball-reference.com//boxes/HOU/HOU201005050.shtmlProcess 1.259 seconds url: https://www.baseball-reference.com//boxes/MIN/MIN201005050.shtmlProcess 1.296 seconds url: https://www.baseball-reference.com//boxes/OAK/OAK201005050.shtmlProcess 1.269 seconds url: https://www.baseball-reference.com//boxes/PIT/PIT201005050.shtmlProcess 1.323 seconds url: https://www.baseball-reference.com//boxes/SEA/SEA201005050.shtmlProcess 1.271 seconds url: https://www.baseball-reference.com//boxes/BOS/BOS201005060.shtmlProcess 1.28 seconds url: https://www.baseball-reference.com//boxes/FLO/FLO201005060.shtmlProcess 1.366 seconds url: https://www.baseball-reference.com//boxes/LAN/LAN201005060.shtmlProcess 1.318 seconds url: https://www.baseball-reference.com//boxes/PHI/PHI201005060.shtmlProcess 1.27 seconds url: https://www.baseball-reference.com//boxes/SEA/SEA201005060.shtmlProcess 1.263 seconds url: https://www.baseball-reference.com//boxes/WAS/WAS201005060.shtmlProcess 1.339 seconds url: https://www.baseball-reference.com//boxes/BOS/BOS201005070.shtmlProcess 1.285 seconds url: https://www.baseball-reference.com//boxes/CIN/CIN201005070.shtmlProcess 1.313 seconds url: https://www.baseball-reference.com//boxes/LAN/LAN201005070.shtmlProcess 1.307 seconds url: https://www.baseball-reference.com//boxes/OAK/OAK201005070.shtmlProcess 1.36 seconds url: https://www.baseball-reference.com//boxes/PIT/PIT201005070.shtmlProcess 1.299 seconds url: https://www.baseball-reference.com//boxes/TEX/TEX201005070.shtmlProcess 1.284 seconds url: https://www.baseball-reference.com//boxes/ARI/ARI201005080.shtmlProcess 1.339 seconds url: https://www.baseball-reference.com//boxes/CHA/CHA201005080.shtmlProcess 1.264 seconds url: https://www.baseball-reference.com//boxes/CLE/CLE201005080.shtmlProcess 1.285 seconds url: https://www.baseball-reference.com//boxes/LAN/LAN201005080.shtmlProcess 1.32 seconds url: https://www.baseball-reference.com//boxes/MIN/MIN201005082.shtmlProcess 1.268 seconds url: https://www.baseball-reference.com//boxes/OAK/OAK201005080.shtmlProcess 1.302 seconds url: https://www.baseball-reference.com//boxes/PIT/PIT201005080.shtmlProcess 1.285 seconds url: https://www.baseball-reference.com//boxes/TEX/TEX201005080.shtmlProcess 1.379 seconds url: https://www.baseball-reference.com//boxes/ARI/ARI201005090.shtmlProcess 1.282 seconds url: https://www.baseball-reference.com//boxes/CHA/CHA201005090.shtmlProcess 1.311 seconds url: https://www.baseball-reference.com//boxes/CLE/CLE201005090.shtmlProcess 1.261 seconds url: https://www.baseball-reference.com//boxes/LAN/LAN201005090.shtmlProcess 1.426 seconds url: https://www.baseball-reference.com//boxes/NYN/NYN201005090.shtmlProcess 1.292 seconds url: https://www.baseball-reference.com//boxes/PHI/PHI201005090.shtmlProcess 1.267 seconds url: https://www.baseball-reference.com//boxes/SEA/SEA201005090.shtmlProcess 1.338 seconds url: https://www.baseball-reference.com//boxes/WAS/WAS201005090.shtmlProcess 1.363 seconds url: https://www.baseball-reference.com//boxes/ARI/ARI201005100.shtmlProcess 1.284 seconds url: https://www.baseball-reference.com//boxes/CHN/CHN201005100.shtmlProcess 1.281 seconds url: https://www.baseball-reference.com//boxes/DET/DET201005100.shtmlProcess 1.262 seconds url: https://www.baseball-reference.com//boxes/NYN/NYN201005100.shtmlProcess 1.309 seconds url: https://www.baseball-reference.com//boxes/ANA/ANA201005110.shtmlProcess 1.39 seconds url: https://www.baseball-reference.com//boxes/BAL/BAL201005110.shtmlProcess 1.281 seconds url: https://www.baseball-reference.com//boxes/CHN/CHN201005110.shtmlProcess 1.27 seconds url: https://www.baseball-reference.com//boxes/MIL/MIL201005110.shtmlProcess 1.319 seconds url: https://www.baseball-reference.com//boxes/NYN/NYN201005110.shtmlProcess 1.331 seconds url: https://www.baseball-reference.com//boxes/SFN/SFN201005110.shtmlProcess 1.278 seconds url: https://www.baseball-reference.com//boxes/TEX/TEX201005110.shtmlProcess 1.269 seconds url: https://www.baseball-reference.com//boxes/ARI/ARI201005120.shtmlProcess 1.304 seconds url: https://www.baseball-reference.com//boxes/BOS/BOS201005120.shtmlProcess 1.279 seconds url: https://www.baseball-reference.com//boxes/COL/COL201005120.shtmlProcess 1.437 seconds url: https://www.baseball-reference.com//boxes/DET/DET201005122.shtmlProcess 1.373 seconds url: https://www.baseball-reference.com//boxes/MIL/MIL201005120.shtmlProcess 1.361 seconds url: https://www.baseball-reference.com//boxes/NYN/NYN201005120.shtmlProcess 1.361 seconds url: https://www.baseball-reference.com//boxes/SFN/SFN201005120.shtmlProcess 1.285 seconds url: https://www.baseball-reference.com//boxes/TEX/TEX201005120.shtmlProcess 1.365 seconds url: https://www.baseball-reference.com//boxes/COL/COL201005130.shtmlProcess 1.327 seconds url: https://www.baseball-reference.com//boxes/FLO/FLO201005130.shtmlProcess 1.293 seconds url: https://www.baseball-reference.com//boxes/SFN/SFN201005130.shtmlProcess 1.304 seconds url: https://www.baseball-reference.com//boxes/TEX/TEX201005130.shtmlProcess 1.285 seconds url: https://www.baseball-reference.com//boxes/ATL/ATL201005140.shtmlProcess 1.368 seconds url: https://www.baseball-reference.com//boxes/CHN/CHN201005140.shtmlProcess 1.286 seconds url: https://www.baseball-reference.com//boxes/DET/DET201005140.shtmlProcess 1.376 seconds url: https://www.baseball-reference.com//boxes/KCA/KCA201005140.shtmlProcess 1.41 seconds url: https://www.baseball-reference.com//boxes/NYA/NYA201005140.shtmlProcess 1.28 seconds url: https://www.baseball-reference.com//boxes/SFN/SFN201005140.shtmlProcess 1.361 seconds url: https://www.baseball-reference.com//boxes/TOR/TOR201005140.shtmlProcess 1.314 seconds url: https://www.baseball-reference.com//boxes/ATL/ATL201005150.shtmlProcess 1.599 seconds url: https://www.baseball-reference.com//boxes/CHN/CHN201005150.shtmlProcess 2.064 seconds url: https://www.baseball-reference.com//boxes/COL/COL201005151.shtmlProcess 1.318 seconds url: https://www.baseball-reference.com//boxes/DET/DET201005150.shtmlProcess 1.295 seconds url: https://www.baseball-reference.com//boxes/KCA/KCA201005150.shtmlProcess 1.296 seconds url: https://www.baseball-reference.com//boxes/NYA/NYA201005150.shtmlProcess 1.329 seconds url: https://www.baseball-reference.com//boxes/SFN/SFN201005150.shtmlProcess 1.316 seconds url: https://www.baseball-reference.com//boxes/TOR/TOR201005150.shtmlProcess 1.37 seconds url: https://www.baseball-reference.com//boxes/ATL/ATL201005160.shtmlProcess 1.273 seconds url: https://www.baseball-reference.com//boxes/CHN/CHN201005160.shtmlProcess 1.315 seconds url: https://www.baseball-reference.com//boxes/COL/COL201005160.shtmlProcess 1.306 seconds url: https://www.baseball-reference.com//boxes/FLO/FLO201005160.shtmlProcess 1.292 seconds url: https://www.baseball-reference.com//boxes/MIL/MIL201005160.shtmlProcess 1.359 seconds url: https://www.baseball-reference.com//boxes/SDN/SDN201005160.shtmlProcess 1.385 seconds url: https://www.baseball-reference.com//boxes/TBA/TBA201005160.shtmlProcess 1.271 seconds url: https://www.baseball-reference.com//boxes/ATL/ATL201005170.shtmlProcess 1.273 seconds url: https://www.baseball-reference.com//boxes/CHN/CHN201005170.shtmlProcess 1.29 seconds url: https://www.baseball-reference.com//boxes/FLO/FLO201005170.shtmlProcess 1.293 seconds url: https://www.baseball-reference.com//boxes/NYA/NYA201005170.shtmlProcess 1.31 seconds url: https://www.baseball-reference.com//boxes/PHI/PHI201005170.shtmlProcess 1.276 seconds url: https://www.baseball-reference.com//boxes/SLN/SLN201005170.shtmlProcess 1.274 seconds url: https://www.baseball-reference.com//boxes/TEX/TEX201005170.shtmlProcess 1.272 seconds url: https://www.baseball-reference.com//boxes/ATL/ATL201005180.shtmlProcess 1.312 seconds url: https://www.baseball-reference.com//boxes/CHN/CHN201005180.shtmlProcess 1.29 seconds url: https://www.baseball-reference.com//boxes/DET/DET201005180.shtmlProcess 1.29 seconds url: https://www.baseball-reference.com//boxes/LAN/LAN201005180.shtmlProcess 1.282 seconds url: https://www.baseball-reference.com//boxes/OAK/OAK201005180.shtmlProcess 1.762 seconds url: https://www.baseball-reference.com//boxes/SDN/SDN201005180.shtmlProcess 1.274 seconds url: https://www.baseball-reference.com//boxes/TBA/TBA201005180.shtmlProcess 1.363 seconds url: https://www.baseball-reference.com//boxes/TOR/TOR201005180.shtmlProcess 1.265 seconds url: https://www.baseball-reference.com//boxes/ATL/ATL201005190.shtmlProcess 1.356 seconds url: https://www.baseball-reference.com//boxes/CHA/CHA201005190.shtmlProcess 1.263 seconds url: https://www.baseball-reference.com//boxes/HOU/HOU201005190.shtmlProcess 1.313 seconds url: https://www.baseball-reference.com//boxes/NYA/NYA201005190.shtmlProcess 1.3 seconds url: https://www.baseball-reference.com//boxes/PHI/PHI201005190.shtmlProcess 1.375 seconds url: https://www.baseball-reference.com//boxes/SEA/SEA201005190.shtmlProcess 1.382 seconds url: https://www.baseball-reference.com//boxes/TEX/TEX201005190.shtmlProcess 1.345 seconds url: https://www.baseball-reference.com//boxes/ARI/ARI201005200.shtmlProcess 1.44 seconds url: https://www.baseball-reference.com//boxes/BOS/BOS201005200.shtmlProcess 1.327 seconds url: https://www.baseball-reference.com//boxes/CLE/CLE201005200.shtmlProcess 1.328 seconds url: https://www.baseball-reference.com//boxes/LAN/LAN201005200.shtmlProcess 1.34 seconds url: https://www.baseball-reference.com//boxes/OAK/OAK201005200.shtmlProcess 1.299 seconds url: https://www.baseball-reference.com//boxes/PIT/PIT201005200.shtmlProcess 1.393 seconds url: https://www.baseball-reference.com//boxes/SLN/SLN201005200.shtmlProcess 1.524 seconds url: https://www.baseball-reference.com//boxes/WAS/WAS201005200.shtmlProcess 1.313 seconds url: https://www.baseball-reference.com//boxes/CHA/CHA201005210.shtmlProcess 1.253 seconds url: https://www.baseball-reference.com//boxes/HOU/HOU201005210.shtmlProcess 1.396 seconds url: https://www.baseball-reference.com//boxes/LAN/LAN201005210.shtmlProcess 1.307 seconds url: https://www.baseball-reference.com//boxes/NYN/NYN201005210.shtmlProcess 1.3 seconds url: https://www.baseball-reference.com//boxes/PHI/PHI201005210.shtmlProcess 1.375 seconds url: https://www.baseball-reference.com//boxes/SEA/SEA201005210.shtmlProcess 1.327 seconds url: https://www.baseball-reference.com//boxes/TEX/TEX201005210.shtmlProcess 1.355 seconds url: https://www.baseball-reference.com//boxes/ARI/ARI201005220.shtmlProcess 2.046 seconds url: https://www.baseball-reference.com//boxes/CLE/CLE201005220.shtmlProcess 1.29 seconds url: https://www.baseball-reference.com//boxes/KCA/KCA201005220.shtmlProcess 1.314 seconds url: https://www.baseball-reference.com//boxes/MIN/MIN201005220.shtmlProcess 1.268 seconds url: https://www.baseball-reference.com//boxes/OAK/OAK201005220.shtmlProcess 1.274 seconds url: https://www.baseball-reference.com//boxes/PIT/PIT201005220.shtmlProcess 1.334 seconds url: https://www.baseball-reference.com//boxes/SLN/SLN201005220.shtmlProcess 1.681 seconds url: https://www.baseball-reference.com//boxes/WAS/WAS201005220.shtmlProcess 1.279 seconds url: https://www.baseball-reference.com//boxes/CHA/CHA201005230.shtmlProcess 1.375 seconds url: https://www.baseball-reference.com//boxes/HOU/HOU201005230.shtmlProcess 1.451 seconds url: https://www.baseball-reference.com//boxes/LAN/LAN201005230.shtmlProcess 1.289 seconds url: https://www.baseball-reference.com//boxes/NYN/NYN201005230.shtmlProcess 1.271 seconds url: https://www.baseball-reference.com//boxes/PHI/PHI201005230.shtmlProcess 1.37 seconds url: https://www.baseball-reference.com//boxes/SEA/SEA201005230.shtmlProcess 1.281 seconds url: https://www.baseball-reference.com//boxes/TEX/TEX201005230.shtmlProcess 1.302 seconds url: https://www.baseball-reference.com//boxes/ANA/ANA201005240.shtmlProcess 1.29 seconds url: https://www.baseball-reference.com//boxes/CLE/CLE201005240.shtmlProcess 1.743 seconds url: https://www.baseball-reference.com//boxes/ANA/ANA201005250.shtmlProcess 1.3 seconds url: https://www.baseball-reference.com//boxes/CHN/CHN201005250.shtmlProcess 1.281 seconds url: https://www.baseball-reference.com//boxes/CLE/CLE201005250.shtmlProcess 1.279 seconds url: https://www.baseball-reference.com//boxes/FLO/FLO201005250.shtmlProcess 1.313 seconds url: https://www.baseball-reference.com//boxes/MIL/MIL201005250.shtmlProcess 1.308 seconds url: https://www.baseball-reference.com//boxes/NYN/NYN201005250.shtmlProcess 1.264 seconds url: https://www.baseball-reference.com//boxes/SEA/SEA201005250.shtmlProcess 1.299 seconds url: https://www.baseball-reference.com//boxes/TBA/TBA201005250.shtmlProcess 1.388 seconds url: https://www.baseball-reference.com//boxes/BAL/BAL201005260.shtmlProcess 1.266 seconds url: https://www.baseball-reference.com//boxes/CIN/CIN201005260.shtmlProcess 1.363 seconds url: https://www.baseball-reference.com//boxes/COL/COL201005260.shtmlProcess 1.594 seconds url: https://www.baseball-reference.com//boxes/KCA/KCA201005260.shtmlProcess 1.518 seconds url: https://www.baseball-reference.com//boxes/MIN/MIN201005260.shtmlProcess 1.325 seconds url: https://www.baseball-reference.com//boxes/SDN/SDN201005260.shtmlProcess 1.273 seconds url: https://www.baseball-reference.com//boxes/SFN/SFN201005260.shtmlProcess 1.645 seconds url: https://www.baseball-reference.com//boxes/BAL/BAL201005270.shtmlProcess 1.804 seconds url: https://www.baseball-reference.com//boxes/CHN/CHN201005270.shtmlProcess 1.555 seconds url: https://www.baseball-reference.com//boxes/COL/COL201005270.shtmlProcess 1.749 seconds url: https://www.baseball-reference.com//boxes/MIL/MIL201005270.shtmlProcess 1.397 seconds url: https://www.baseball-reference.com//boxes/NYN/NYN201005270.shtmlProcess 1.334 seconds url: https://www.baseball-reference.com//boxes/SFN/SFN201005270.shtmlProcess 1.363 seconds url: https://www.baseball-reference.com//boxes/ANA/ANA201005280.shtmlProcess 1.284 seconds url: https://www.baseball-reference.com//boxes/BOS/BOS201005280.shtmlProcess 1.368 seconds url: https://www.baseball-reference.com//boxes/CIN/CIN201005280.shtmlProcess 1.336 seconds url: https://www.baseball-reference.com//boxes/DET/DET201005280.shtmlProcess 1.276 seconds url: https://www.baseball-reference.com//boxes/MIL/MIL201005280.shtmlProcess 1.346 seconds url: https://www.baseball-reference.com//boxes/NYA/NYA201005280.shtmlProcess 1.282 seconds url: https://www.baseball-reference.com//boxes/SFN/SFN201005280.shtmlProcess 1.275 seconds url: https://www.baseball-reference.com//boxes/TOR/TOR201005280.shtmlProcess 1.303 seconds url: https://www.baseball-reference.com//boxes/ATL/ATL201005290.shtmlProcess 1.45 seconds url: https://www.baseball-reference.com//boxes/CHN/CHN201005290.shtmlProcess 1.733 seconds url: https://www.baseball-reference.com//boxes/COL/COL201005290.shtmlProcess 1.267 seconds url: https://www.baseball-reference.com//boxes/FLO/FLO201005290.shtmlProcess 1.283 seconds url: https://www.baseball-reference.com//boxes/MIN/MIN201005290.shtmlProcess 1.265 seconds url: https://www.baseball-reference.com//boxes/SDN/SDN201005290.shtmlProcess 1.306 seconds url: https://www.baseball-reference.com//boxes/TBA/TBA201005290.shtmlProcess 1.305 seconds url: https://www.baseball-reference.com//boxes/ANA/ANA201005300.shtmlProcess 1.307 seconds url: https://www.baseball-reference.com//boxes/BOS/BOS201005300.shtmlProcess 1.264 seconds url: https://www.baseball-reference.com//boxes/CIN/CIN201005300.shtmlProcess 1.69 seconds url: https://www.baseball-reference.com//boxes/DET/DET201005300.shtmlProcess 1.322 seconds url: https://www.baseball-reference.com//boxes/MIL/MIL201005300.shtmlProcess 1.868 seconds url: https://www.baseball-reference.com//boxes/NYA/NYA201005300.shtmlProcess 1.294 seconds url: https://www.baseball-reference.com//boxes/SFN/SFN201005300.shtmlProcess 1.303 seconds url: https://www.baseball-reference.com//boxes/TOR/TOR201005300.shtmlProcess 1.309 seconds url: https://www.baseball-reference.com//boxes/DET/DET201005310.shtmlProcess 1.268 seconds url: https://www.baseball-reference.com//boxes/HOU/HOU201005310.shtmlProcess 1.275 seconds url: https://www.baseball-reference.com//boxes/LAN/LAN201005310.shtmlProcess 1.364 seconds url: https://www.baseball-reference.com//boxes/PIT/PIT201005310.shtmlProcess 1.293 seconds url: https://www.baseball-reference.com//boxes/SEA/SEA201005310.shtmlProcess 1.257 seconds url: https://www.baseball-reference.com//boxes/SLN/SLN201005310.shtmlProcess 1.319 seconds url: https://www.baseball-reference.com//boxes/ATL/ATL201006010.shtmlProcess 1.446 seconds url: https://www.baseball-reference.com//boxes/CHA/CHA201006010.shtmlProcess 1.266 seconds url: https://www.baseball-reference.com//boxes/FLO/FLO201006010.shtmlProcess 1.435 seconds url: https://www.baseball-reference.com//boxes/KCA/KCA201006010.shtmlProcess 1.467 seconds url: https://www.baseball-reference.com//boxes/NYA/NYA201006010.shtmlProcess 1.318 seconds url: https://www.baseball-reference.com//boxes/SDN/SDN201006010.shtmlProcess 1.301 seconds url: https://www.baseball-reference.com//boxes/SFN/SFN201006010.shtmlProcess 1.297 seconds url: https://www.baseball-reference.com//boxes/TOR/TOR201006010.shtmlProcess 1.357 seconds url: https://www.baseball-reference.com//boxes/BOS/BOS201006020.shtmlProcess 1.396 seconds url: https://www.baseball-reference.com//boxes/DET/DET201006020.shtmlProcess 1.276 seconds url: https://www.baseball-reference.com//boxes/HOU/HOU201006020.shtmlProcess 4.219 seconds url: https://www.baseball-reference.com//boxes/LAN/LAN201006020.shtmlProcess 11.7 seconds url: https://www.baseball-reference.com//boxes/SDN/SDN201006020.shtmlProcess 2.788 seconds url: https://www.baseball-reference.com//boxes/SFN/SFN201006020.shtmlProcess 7.298 seconds url: https://www.baseball-reference.com//boxes/TOR/TOR201006020.shtmlProcess 6.695 seconds url: https://www.baseball-reference.com//boxes/CHA/CHA201006030.shtmlProcess 9.948 seconds url: https://www.baseball-reference.com//boxes/FLO/FLO201006030.shtmlProcess 5.047 seconds url: https://www.baseball-reference.com//boxes/KCA/KCA201006030.shtmlProcess 3.429 seconds url: https://www.baseball-reference.com//boxes/NYA/NYA201006030.shtmlProcess 7.354 seconds url: https://www.baseball-reference.com//boxes/ARI/ARI201006040.shtmlProcess 2.765 seconds url: https://www.baseball-reference.com//boxes/CHA/CHA201006040.shtmlProcess 2.608 seconds url: https://www.baseball-reference.com//boxes/KCA/KCA201006040.shtmlProcess 8.96 seconds url: https://www.baseball-reference.com//boxes/NYN/NYN201006040.shtmlProcess 4.148 seconds url: https://www.baseball-reference.com//boxes/PHI/PHI201006040.shtmlProcess 4.574 seconds url: https://www.baseball-reference.com//boxes/SEA/SEA201006040.shtmlProcess 4.358 seconds url: https://www.baseball-reference.com//boxes/TEX/TEX201006040.shtmlTraceback (most recent call last):
/n  File "C:\Anaconda3\lib\site-packages\urllib3\connection.py", line 159, in _new_conn
    (self._dns_host, self.port), self.timeout, **extra_kw)
/n  File "C:\Anaconda3\lib\site-packages\urllib3\util\connection.py", line 57, in create_connection
    for res in socket.getaddrinfo(host, port, family, socket.SOCK_STREAM):
/n  File "C:\Anaconda3\lib\socket.py", line 748, in getaddrinfo
    for res in _socket.getaddrinfo(host, port, family, type, proto, flags):
/nsocket.gaierror: [Errno 11001] getaddrinfo failed
/n
During handling of the above exception, another exception occurred:

/nTraceback (most recent call last):
/n  File "C:\Anaconda3\lib\site-packages\urllib3\connectionpool.py", line 600, in urlopen
    chunked=chunked)
/n  File "C:\Anaconda3\lib\site-packages\urllib3\connectionpool.py", line 343, in _make_request
    self._validate_conn(conn)
/n  File "C:\Anaconda3\lib\site-packages\urllib3\connectionpool.py", line 839, in _validate_conn
    conn.connect()
/n  File "C:\Anaconda3\lib\site-packages\urllib3\connection.py", line 301, in connect
    conn = self._new_conn()
/n  File "C:\Anaconda3\lib\site-packages\urllib3\connection.py", line 168, in _new_conn
    self, "Failed to establish a new connection: %s" % e)
/nurllib3.exceptions.NewConnectionError: <urllib3.connection.VerifiedHTTPSConnection object at 0x00DF6430>: Failed to establish a new connection: [Errno 11001] getaddrinfo failed
/n
During handling of the above exception, another exception occurred:

/nTraceback (most recent call last):
/n  File "C:\Anaconda3\lib\site-packages\requests\adapters.py", line 449, in send
    timeout=timeout
/n  File "C:\Anaconda3\lib\site-packages\urllib3\connectionpool.py", line 638, in urlopen
    _stacktrace=sys.exc_info()[2])
/n  File "C:\Anaconda3\lib\site-packages\urllib3\util\retry.py", line 398, in increment
    raise MaxRetryError(_pool, url, error or ResponseError(cause))
/nurllib3.exceptions.MaxRetryError: HTTPSConnectionPool(host='www.baseball-reference.com', port=443): Max retries exceeded with url: //boxes/WAS/WAS201006040.shtml (Caused by NewConnectionError('<urllib3.connection.VerifiedHTTPSConnection object at 0x00DF6430>: Failed to establish a new connection: [Errno 11001] getaddrinfo failed'))
/n
During handling of the above exception, another exception occurred:

/nTraceback (most recent call last):
/n  File "<ipython-input-1-f87164c95adc>", line 105, in load_mlb_games
    reps = requests.get(link)
/n  File "C:\Anaconda3\lib\site-packages\requests\api.py", line 75, in get
    return request('get', url, params=params, **kwargs)
/n  File "C:\Anaconda3\lib\site-packages\requests\api.py", line 60, in request
    return session.request(method=method, url=url, **kwargs)
/n  File "C:\Anaconda3\lib\site-packages\requests\sessions.py", line 533, in request
    resp = self.send(prep, **send_kwargs)
/n  File "C:\Anaconda3\lib\site-packages\requests\sessions.py", line 646, in send
    r = adapter.send(request, **kwargs)
/n  File "C:\Anaconda3\lib\site-packages\requests\adapters.py", line 516, in send
    raise ConnectionError(e, request=request)
/nrequests.exceptions.ConnectionError: HTTPSConnectionPool(host='www.baseball-reference.com', port=443): Max retries exceeded with url: //boxes/WAS/WAS201006040.shtml (Caused by NewConnectionError('<urllib3.connection.VerifiedHTTPSConnection object at 0x00DF6430>: Failed to establish a new connection: [Errno 11001] getaddrinfo failed'))
/nTraceback (most recent call last):
/n  File "C:\Anaconda3\lib\site-packages\urllib3\connection.py", line 159, in _new_conn
    (self._dns_host, self.port), self.timeout, **extra_kw)
/n  File "C:\Anaconda3\lib\site-packages\urllib3\util\connection.py", line 57, in create_connection
    for res in socket.getaddrinfo(host, port, family, socket.SOCK_STREAM):
/n  File "C:\Anaconda3\lib\socket.py", line 748, in getaddrinfo
    for res in _socket.getaddrinfo(host, port, family, type, proto, flags):
/nsocket.gaierror: [Errno 11001] getaddrinfo failed
/n
During handling of the above exception, another exception occurred:

/nTraceback (most recent call last):
/n  File "C:\Anaconda3\lib\site-packages\urllib3\connectionpool.py", line 600, in urlopen
    chunked=chunked)
/n  File "C:\Anaconda3\lib\site-packages\urllib3\connectionpool.py", line 343, in _make_request
    self._validate_conn(conn)
/n  File "C:\Anaconda3\lib\site-packages\urllib3\connectionpool.py", line 839, in _validate_conn
    conn.connect()
/n  File "C:\Anaconda3\lib\site-packages\urllib3\connection.py", line 301, in connect
    conn = self._new_conn()
/n  File "C:\Anaconda3\lib\site-packages\urllib3\connection.py", line 168, in _new_conn
    self, "Failed to establish a new connection: %s" % e)
/nurllib3.exceptions.NewConnectionError: <urllib3.connection.VerifiedHTTPSConnection object at 0x00DF6570>: Failed to establish a new connection: [Errno 11001] getaddrinfo failed
/n
During handling of the above exception, another exception occurred:

/nTraceback (most recent call last):
/n  File "C:\Anaconda3\lib\site-packages\requests\adapters.py", line 449, in send
    timeout=timeout
/n  File "C:\Anaconda3\lib\site-packages\urllib3\connectionpool.py", line 638, in urlopen
    _stacktrace=sys.exc_info()[2])
/n  File "C:\Anaconda3\lib\site-packages\urllib3\util\retry.py", line 398, in increment
    raise MaxRetryError(_pool, url, error or ResponseError(cause))
/nurllib3.exceptions.MaxRetryError: HTTPSConnectionPool(host='www.baseball-reference.com', port=443): Max retries exceeded with url: //boxes/BAL/BAL201006050.shtml (Caused by NewConnectionError('<urllib3.connection.VerifiedHTTPSConnection object at 0x00DF6570>: Failed to establish a new connection: [Errno 11001] getaddrinfo failed'))
/n
During handling of the above exception, another exception occurred:

/nTraceback (most recent call last):
/n  File "<ipython-input-1-f87164c95adc>", line 105, in load_mlb_games
    reps = requests.get(link)
/n  File "C:\Anaconda3\lib\site-packages\requests\api.py", line 75, in get
    return request('get', url, params=params, **kwargs)
/n  File "C:\Anaconda3\lib\site-packages\requests\api.py", line 60, in request
    return session.request(method=method, url=url, **kwargs)
/n  File "C:\Anaconda3\lib\site-packages\requests\sessions.py", line 533, in request
    resp = self.send(prep, **send_kwargs)
/n  File "C:\Anaconda3\lib\site-packages\requests\sessions.py", line 646, in send
    r = adapter.send(request, **kwargs)
/n  File "C:\Anaconda3\lib\site-packages\requests\adapters.py", line 516, in send
    raise ConnectionError(e, request=request)
/nrequests.exceptions.ConnectionError: HTTPSConnectionPool(host='www.baseball-reference.com', port=443): Max retries exceeded with url: //boxes/BAL/BAL201006050.shtml (Caused by NewConnectionError('<urllib3.connection.VerifiedHTTPSConnection object at 0x00DF6570>: Failed to establish a new connection: [Errno 11001] getaddrinfo failed'))
/nTraceback (most recent call last):
/n  File "C:\Anaconda3\lib\site-packages\urllib3\connection.py", line 159, in _new_conn
    (self._dns_host, self.port), self.timeout, **extra_kw)
/n  File "C:\Anaconda3\lib\site-packages\urllib3\util\connection.py", line 57, in create_connection
    for res in socket.getaddrinfo(host, port, family, socket.SOCK_STREAM):
/n  File "C:\Anaconda3\lib\socket.py", line 748, in getaddrinfo
    for res in _socket.getaddrinfo(host, port, family, type, proto, flags):
/nsocket.gaierror: [Errno 11001] getaddrinfo failed
/n
During handling of the above exception, another exception occurred:

/nTraceback (most recent call last):
/n  File "C:\Anaconda3\lib\site-packages\urllib3\connectionpool.py", line 600, in urlopen
    chunked=chunked)
/n  File "C:\Anaconda3\lib\site-packages\urllib3\connectionpool.py", line 343, in _make_request
    self._validate_conn(conn)
/n  File "C:\Anaconda3\lib\site-packages\urllib3\connectionpool.py", line 839, in _validate_conn
    conn.connect()
/n  File "C:\Anaconda3\lib\site-packages\urllib3\connection.py", line 301, in connect
    conn = self._new_conn()
/n  File "C:\Anaconda3\lib\site-packages\urllib3\connection.py", line 168, in _new_conn
    self, "Failed to establish a new connection: %s" % e)
/nurllib3.exceptions.NewConnectionError: <urllib3.connection.VerifiedHTTPSConnection object at 0x0106E6D0>: Failed to establish a new connection: [Errno 11001] getaddrinfo failed
/n
During handling of the above exception, another exception occurred:

/nTraceback (most recent call last):
/n  File "C:\Anaconda3\lib\site-packages\requests\adapters.py", line 449, in send
    timeout=timeout
/n  File "C:\Anaconda3\lib\site-packages\urllib3\connectionpool.py", line 638, in urlopen
    _stacktrace=sys.exc_info()[2])
/n  File "C:\Anaconda3\lib\site-packages\urllib3\util\retry.py", line 398, in increment
    raise MaxRetryError(_pool, url, error or ResponseError(cause))
/nurllib3.exceptions.MaxRetryError: HTTPSConnectionPool(host='www.baseball-reference.com', port=443): Max retries exceeded with url: //boxes/HOU/HOU201006050.shtml (Caused by NewConnectionError('<urllib3.connection.VerifiedHTTPSConnection object at 0x0106E6D0>: Failed to establish a new connection: [Errno 11001] getaddrinfo failed'))
/n
During handling of the above exception, another exception occurred:

/nTraceback (most recent call last):
/n  File "<ipython-input-1-f87164c95adc>", line 105, in load_mlb_games
    reps = requests.get(link)
/n  File "C:\Anaconda3\lib\site-packages\requests\api.py", line 75, in get
    return request('get', url, params=params, **kwargs)
/n  File "C:\Anaconda3\lib\site-packages\requests\api.py", line 60, in request
    return session.request(method=method, url=url, **kwargs)
/n  File "C:\Anaconda3\lib\site-packages\requests\sessions.py", line 533, in request
    resp = self.send(prep, **send_kwargs)
/n  File "C:\Anaconda3\lib\site-packages\requests\sessions.py", line 646, in send
    r = adapter.send(request, **kwargs)
/n  File "C:\Anaconda3\lib\site-packages\requests\adapters.py", line 516, in send
    raise ConnectionError(e, request=request)
/nrequests.exceptions.ConnectionError: HTTPSConnectionPool(host='www.baseball-reference.com', port=443): Max retries exceeded with url: //boxes/HOU/HOU201006050.shtml (Caused by NewConnectionError('<urllib3.connection.VerifiedHTTPSConnection object at 0x0106E6D0>: Failed to establish a new connection: [Errno 11001] getaddrinfo failed'))
/nTraceback (most recent call last):
/n  File "C:\Anaconda3\lib\site-packages\urllib3\connection.py", line 159, in _new_conn
    (self._dns_host, self.port), self.timeout, **extra_kw)
/n  File "C:\Anaconda3\lib\site-packages\urllib3\util\connection.py", line 57, in create_connection
    for res in socket.getaddrinfo(host, port, family, socket.SOCK_STREAM):
/n  File "C:\Anaconda3\lib\socket.py", line 748, in getaddrinfo
    for res in _socket.getaddrinfo(host, port, family, type, proto, flags):
/nsocket.gaierror: [Errno 11001] getaddrinfo failed
/n
During handling of the above exception, another exception occurred:

/nTraceback (most recent call last):
/n  File "C:\Anaconda3\lib\site-packages\urllib3\connectionpool.py", line 600, in urlopen
    chunked=chunked)
/n  File "C:\Anaconda3\lib\site-packages\urllib3\connectionpool.py", line 343, in _make_request
    self._validate_conn(conn)
/n  File "C:\Anaconda3\lib\site-packages\urllib3\connectionpool.py", line 839, in _validate_conn
    conn.connect()
/n  File "C:\Anaconda3\lib\site-packages\urllib3\connection.py", line 301, in connect
    conn = self._new_conn()
/n  File "C:\Anaconda3\lib\site-packages\urllib3\connection.py", line 168, in _new_conn
    self, "Failed to establish a new connection: %s" % e)
/nurllib3.exceptions.NewConnectionError: <urllib3.connection.VerifiedHTTPSConnection object at 0x0106E6D0>: Failed to establish a new connection: [Errno 11001] getaddrinfo failed
/n
During handling of the above exception, another exception occurred:

/nTraceback (most recent call last):
/n  File "C:\Anaconda3\lib\site-packages\requests\adapters.py", line 449, in send
    timeout=timeout
/n  File "C:\Anaconda3\lib\site-packages\urllib3\connectionpool.py", line 638, in urlopen
    _stacktrace=sys.exc_info()[2])
/n  File "C:\Anaconda3\lib\site-packages\urllib3\util\retry.py", line 398, in increment
    raise MaxRetryError(_pool, url, error or ResponseError(cause))
/nurllib3.exceptions.MaxRetryError: HTTPSConnectionPool(host='www.baseball-reference.com', port=443): Max retries exceeded with url: //boxes/LAN/LAN201006050.shtml (Caused by NewConnectionError('<urllib3.connection.VerifiedHTTPSConnection object at 0x0106E6D0>: Failed to establish a new connection: [Errno 11001] getaddrinfo failed'))
/n
During handling of the above exception, another exception occurred:

/nTraceback (most recent call last):
/n  File "<ipython-input-1-f87164c95adc>", line 105, in load_mlb_games
    reps = requests.get(link)
/n  File "C:\Anaconda3\lib\site-packages\requests\api.py", line 75, in get
    return request('get', url, params=params, **kwargs)
/n  File "C:\Anaconda3\lib\site-packages\requests\api.py", line 60, in request
    return session.request(method=method, url=url, **kwargs)
/n  File "C:\Anaconda3\lib\site-packages\requests\sessions.py", line 533, in request
    resp = self.send(prep, **send_kwargs)
/n  File "C:\Anaconda3\lib\site-packages\requests\sessions.py", line 646, in send
    r = adapter.send(request, **kwargs)
/n  File "C:\Anaconda3\lib\site-packages\requests\adapters.py", line 516, in send
    raise ConnectionError(e, request=request)
/nrequests.exceptions.ConnectionError: HTTPSConnectionPool(host='www.baseball-reference.com', port=443): Max retries exceeded with url: //boxes/LAN/LAN201006050.shtml (Caused by NewConnectionError('<urllib3.connection.VerifiedHTTPSConnection object at 0x0106E6D0>: Failed to establish a new connection: [Errno 11001] getaddrinfo failed'))
/nTraceback (most recent call last):
/n  File "C:\Anaconda3\lib\site-packages\urllib3\connection.py", line 159, in _new_conn
    (self._dns_host, self.port), self.timeout, **extra_kw)
/n  File "C:\Anaconda3\lib\site-packages\urllib3\util\connection.py", line 57, in create_connection
    for res in socket.getaddrinfo(host, port, family, socket.SOCK_STREAM):
/n  File "C:\Anaconda3\lib\socket.py", line 748, in getaddrinfo
    for res in _socket.getaddrinfo(host, port, family, type, proto, flags):
/nsocket.gaierror: [Errno 11001] getaddrinfo failed
/n
During handling of the above exception, another exception occurred:

/nTraceback (most recent call last):
/n  File "C:\Anaconda3\lib\site-packages\urllib3\connectionpool.py", line 600, in urlopen
    chunked=chunked)
/n  File "C:\Anaconda3\lib\site-packages\urllib3\connectionpool.py", line 343, in _make_request
    self._validate_conn(conn)
/n  File "C:\Anaconda3\lib\site-packages\urllib3\connectionpool.py", line 839, in _validate_conn
    conn.connect()
/n  File "C:\Anaconda3\lib\site-packages\urllib3\connection.py", line 301, in connect
    conn = self._new_conn()
/n  File "C:\Anaconda3\lib\site-packages\urllib3\connection.py", line 168, in _new_conn
    self, "Failed to establish a new connection: %s" % e)
/nurllib3.exceptions.NewConnectionError: <urllib3.connection.VerifiedHTTPSConnection object at 0x0106E470>: Failed to establish a new connection: [Errno 11001] getaddrinfo failed
/n
During handling of the above exception, another exception occurred:

/nTraceback (most recent call last):
/n  File "C:\Anaconda3\lib\site-packages\requests\adapters.py", line 449, in send
    timeout=timeout
/n  File "C:\Anaconda3\lib\site-packages\urllib3\connectionpool.py", line 638, in urlopen
    _stacktrace=sys.exc_info()[2])
/n  File "C:\Anaconda3\lib\site-packages\urllib3\util\retry.py", line 398, in increment
    raise MaxRetryError(_pool, url, error or ResponseError(cause))
/nurllib3.exceptions.MaxRetryError: HTTPSConnectionPool(host='www.baseball-reference.com', port=443): Max retries exceeded with url: //boxes/OAK/OAK201006050.shtml (Caused by NewConnectionError('<urllib3.connection.VerifiedHTTPSConnection object at 0x0106E470>: Failed to establish a new connection: [Errno 11001] getaddrinfo failed'))
/n
During handling of the above exception, another exception occurred:

/nTraceback (most recent call last):
/n  File "<ipython-input-1-f87164c95adc>", line 105, in load_mlb_games
    reps = requests.get(link)
/n  File "C:\Anaconda3\lib\site-packages\requests\api.py", line 75, in get
    return request('get', url, params=params, **kwargs)
/n  File "C:\Anaconda3\lib\site-packages\requests\api.py", line 60, in request
    return session.request(method=method, url=url, **kwargs)
/n  File "C:\Anaconda3\lib\site-packages\requests\sessions.py", line 533, in request
    resp = self.send(prep, **send_kwargs)
/n  File "C:\Anaconda3\lib\site-packages\requests\sessions.py", line 646, in send
    r = adapter.send(request, **kwargs)
/n  File "C:\Anaconda3\lib\site-packages\requests\adapters.py", line 516, in send
    raise ConnectionError(e, request=request)
/nrequests.exceptions.ConnectionError: HTTPSConnectionPool(host='www.baseball-reference.com', port=443): Max retries exceeded with url: //boxes/OAK/OAK201006050.shtml (Caused by NewConnectionError('<urllib3.connection.VerifiedHTTPSConnection object at 0x0106E470>: Failed to establish a new connection: [Errno 11001] getaddrinfo failed'))
/nTraceback (most recent call last):
/n  File "C:\Anaconda3\lib\site-packages\urllib3\connection.py", line 159, in _new_conn
    (self._dns_host, self.port), self.timeout, **extra_kw)
/n  File "C:\Anaconda3\lib\site-packages\urllib3\util\connection.py", line 57, in create_connection
    for res in socket.getaddrinfo(host, port, family, socket.SOCK_STREAM):
/n  File "C:\Anaconda3\lib\socket.py", line 748, in getaddrinfo
    for res in _socket.getaddrinfo(host, port, family, type, proto, flags):
/nsocket.gaierror: [Errno 11001] getaddrinfo failed
/n
During handling of the above exception, another exception occurred:

/nTraceback (most recent call last):
/n  File "C:\Anaconda3\lib\site-packages\urllib3\connectionpool.py", line 600, in urlopen
    chunked=chunked)
/n  File "C:\Anaconda3\lib\site-packages\urllib3\connectionpool.py", line 343, in _make_request
    self._validate_conn(conn)
/n  File "C:\Anaconda3\lib\site-packages\urllib3\connectionpool.py", line 839, in _validate_conn
    conn.connect()
/n  File "C:\Anaconda3\lib\site-packages\urllib3\connection.py", line 301, in connect
    conn = self._new_conn()
/n  File "C:\Anaconda3\lib\site-packages\urllib3\connection.py", line 168, in _new_conn
    self, "Failed to establish a new connection: %s" % e)
/nurllib3.exceptions.NewConnectionError: <urllib3.connection.VerifiedHTTPSConnection object at 0x0106E6F0>: Failed to establish a new connection: [Errno 11001] getaddrinfo failed
/n
During handling of the above exception, another exception occurred:

/nTraceback (most recent call last):
/n  File "C:\Anaconda3\lib\site-packages\requests\adapters.py", line 449, in send
    timeout=timeout
/n  File "C:\Anaconda3\lib\site-packages\urllib3\connectionpool.py", line 638, in urlopen
    _stacktrace=sys.exc_info()[2])
/n  File "C:\Anaconda3\lib\site-packages\urllib3\util\retry.py", line 398, in increment
    raise MaxRetryError(_pool, url, error or ResponseError(cause))
/nurllib3.exceptions.MaxRetryError: HTTPSConnectionPool(host='www.baseball-reference.com', port=443): Max retries exceeded with url: //boxes/PIT/PIT201006050.shtml (Caused by NewConnectionError('<urllib3.connection.VerifiedHTTPSConnection object at 0x0106E6F0>: Failed to establish a new connection: [Errno 11001] getaddrinfo failed'))
/n
During handling of the above exception, another exception occurred:

/nTraceback (most recent call last):
/n  File "<ipython-input-1-f87164c95adc>", line 105, in load_mlb_games
    reps = requests.get(link)
/n  File "C:\Anaconda3\lib\site-packages\requests\api.py", line 75, in get
    return request('get', url, params=params, **kwargs)
/n  File "C:\Anaconda3\lib\site-packages\requests\api.py", line 60, in request
    return session.request(method=method, url=url, **kwargs)
/n  File "C:\Anaconda3\lib\site-packages\requests\sessions.py", line 533, in request
    resp = self.send(prep, **send_kwargs)
/n  File "C:\Anaconda3\lib\site-packages\requests\sessions.py", line 646, in send
    r = adapter.send(request, **kwargs)
/n  File "C:\Anaconda3\lib\site-packages\requests\adapters.py", line 516, in send
    raise ConnectionError(e, request=request)
/nrequests.exceptions.ConnectionError: HTTPSConnectionPool(host='www.baseball-reference.com', port=443): Max retries exceeded with url: //boxes/PIT/PIT201006050.shtml (Caused by NewConnectionError('<urllib3.connection.VerifiedHTTPSConnection object at 0x0106E6F0>: Failed to establish a new connection: [Errno 11001] getaddrinfo failed'))
/nTraceback (most recent call last):
/n  File "C:\Anaconda3\lib\site-packages\urllib3\connection.py", line 159, in _new_conn
    (self._dns_host, self.port), self.timeout, **extra_kw)
/n  File "C:\Anaconda3\lib\site-packages\urllib3\util\connection.py", line 57, in create_connection
    for res in socket.getaddrinfo(host, port, family, socket.SOCK_STREAM):
/n  File "C:\Anaconda3\lib\socket.py", line 748, in getaddrinfo
    for res in _socket.getaddrinfo(host, port, family, type, proto, flags):
/nsocket.gaierror: [Errno 11001] getaddrinfo failed
/n
During handling of the above exception, another exception occurred:

/nTraceback (most recent call last):
/n  File "C:\Anaconda3\lib\site-packages\urllib3\connectionpool.py", line 600, in urlopen
    chunked=chunked)
/n  File "C:\Anaconda3\lib\site-packages\urllib3\connectionpool.py", line 343, in _make_request
    self._validate_conn(conn)
/n  File "C:\Anaconda3\lib\site-packages\urllib3\connectionpool.py", line 839, in _validate_conn
    conn.connect()
/n  File "C:\Anaconda3\lib\site-packages\urllib3\connection.py", line 301, in connect
    conn = self._new_conn()
/n  File "C:\Anaconda3\lib\site-packages\urllib3\connection.py", line 168, in _new_conn
    self, "Failed to establish a new connection: %s" % e)
/nurllib3.exceptions.NewConnectionError: <urllib3.connection.VerifiedHTTPSConnection object at 0x0106E990>: Failed to establish a new connection: [Errno 11001] getaddrinfo failed
/n
During handling of the above exception, another exception occurred:

/nTraceback (most recent call last):
/n  File "C:\Anaconda3\lib\site-packages\requests\adapters.py", line 449, in send
    timeout=timeout
/n  File "C:\Anaconda3\lib\site-packages\urllib3\connectionpool.py", line 638, in urlopen
    _stacktrace=sys.exc_info()[2])
/n  File "C:\Anaconda3\lib\site-packages\urllib3\util\retry.py", line 398, in increment
    raise MaxRetryError(_pool, url, error or ResponseError(cause))
/nurllib3.exceptions.MaxRetryError: HTTPSConnectionPool(host='www.baseball-reference.com', port=443): Max retries exceeded with url: //boxes/SLN/SLN201006050.shtml (Caused by NewConnectionError('<urllib3.connection.VerifiedHTTPSConnection object at 0x0106E990>: Failed to establish a new connection: [Errno 11001] getaddrinfo failed'))
/n
During handling of the above exception, another exception occurred:

/nTraceback (most recent call last):
/n  File "<ipython-input-1-f87164c95adc>", line 105, in load_mlb_games
    reps = requests.get(link)
/n  File "C:\Anaconda3\lib\site-packages\requests\api.py", line 75, in get
    return request('get', url, params=params, **kwargs)
/n  File "C:\Anaconda3\lib\site-packages\requests\api.py", line 60, in request
    return session.request(method=method, url=url, **kwargs)
/n  File "C:\Anaconda3\lib\site-packages\requests\sessions.py", line 533, in request
    resp = self.send(prep, **send_kwargs)
/n  File "C:\Anaconda3\lib\site-packages\requests\sessions.py", line 646, in send
    r = adapter.send(request, **kwargs)
/n  File "C:\Anaconda3\lib\site-packages\requests\adapters.py", line 516, in send
    raise ConnectionError(e, request=request)
/nrequests.exceptions.ConnectionError: HTTPSConnectionPool(host='www.baseball-reference.com', port=443): Max retries exceeded with url: //boxes/SLN/SLN201006050.shtml (Caused by NewConnectionError('<urllib3.connection.VerifiedHTTPSConnection object at 0x0106E990>: Failed to establish a new connection: [Errno 11001] getaddrinfo failed'))
/nTraceback (most recent call last):
/n  File "C:\Anaconda3\lib\site-packages\urllib3\connection.py", line 159, in _new_conn
    (self._dns_host, self.port), self.timeout, **extra_kw)
/n  File "C:\Anaconda3\lib\site-packages\urllib3\util\connection.py", line 57, in create_connection
    for res in socket.getaddrinfo(host, port, family, socket.SOCK_STREAM):
/n  File "C:\Anaconda3\lib\socket.py", line 748, in getaddrinfo
    for res in _socket.getaddrinfo(host, port, family, type, proto, flags):
/nsocket.gaierror: [Errno 11001] getaddrinfo failed
/n
During handling of the above exception, another exception occurred:

/nTraceback (most recent call last):
/n  File "C:\Anaconda3\lib\site-packages\urllib3\connectionpool.py", line 600, in urlopen
    chunked=chunked)
/n  File "C:\Anaconda3\lib\site-packages\urllib3\connectionpool.py", line 343, in _make_request
    self._validate_conn(conn)
/n  File "C:\Anaconda3\lib\site-packages\urllib3\connectionpool.py", line 839, in _validate_conn
    conn.connect()
/n  File "C:\Anaconda3\lib\site-packages\urllib3\connection.py", line 301, in connect
    conn = self._new_conn()
/n  File "C:\Anaconda3\lib\site-packages\urllib3\connection.py", line 168, in _new_conn
    self, "Failed to establish a new connection: %s" % e)
/nurllib3.exceptions.NewConnectionError: <urllib3.connection.VerifiedHTTPSConnection object at 0x0788EDF0>: Failed to establish a new connection: [Errno 11001] getaddrinfo failed
/n
During handling of the above exception, another exception occurred:

/nTraceback (most recent call last):
/n  File "C:\Anaconda3\lib\site-packages\requests\adapters.py", line 449, in send
    timeout=timeout
/n  File "C:\Anaconda3\lib\site-packages\urllib3\connectionpool.py", line 638, in urlopen
    _stacktrace=sys.exc_info()[2])
/n  File "C:\Anaconda3\lib\site-packages\urllib3\util\retry.py", line 398, in increment
    raise MaxRetryError(_pool, url, error or ResponseError(cause))
/nurllib3.exceptions.MaxRetryError: HTTPSConnectionPool(host='www.baseball-reference.com', port=443): Max retries exceeded with url: //boxes/TOR/TOR201006050.shtml (Caused by NewConnectionError('<urllib3.connection.VerifiedHTTPSConnection object at 0x0788EDF0>: Failed to establish a new connection: [Errno 11001] getaddrinfo failed'))
/n
During handling of the above exception, another exception occurred:

/nTraceback (most recent call last):
/n  File "<ipython-input-1-f87164c95adc>", line 105, in load_mlb_games
    reps = requests.get(link)
/n  File "C:\Anaconda3\lib\site-packages\requests\api.py", line 75, in get
    return request('get', url, params=params, **kwargs)
/n  File "C:\Anaconda3\lib\site-packages\requests\api.py", line 60, in request
    return session.request(method=method, url=url, **kwargs)
/n  File "C:\Anaconda3\lib\site-packages\requests\sessions.py", line 533, in request
    resp = self.send(prep, **send_kwargs)
/n  File "C:\Anaconda3\lib\site-packages\requests\sessions.py", line 646, in send
    r = adapter.send(request, **kwargs)
/n  File "C:\Anaconda3\lib\site-packages\requests\adapters.py", line 516, in send
    raise ConnectionError(e, request=request)
/nrequests.exceptions.ConnectionError: HTTPSConnectionPool(host='www.baseball-reference.com', port=443): Max retries exceeded with url: //boxes/TOR/TOR201006050.shtml (Caused by NewConnectionError('<urllib3.connection.VerifiedHTTPSConnection object at 0x0788EDF0>: Failed to establish a new connection: [Errno 11001] getaddrinfo failed'))
/nTraceback (most recent call last):
/n  File "C:\Anaconda3\lib\site-packages\urllib3\connection.py", line 159, in _new_conn
    (self._dns_host, self.port), self.timeout, **extra_kw)
/n  File "C:\Anaconda3\lib\site-packages\urllib3\util\connection.py", line 57, in create_connection
    for res in socket.getaddrinfo(host, port, family, socket.SOCK_STREAM):
/n  File "C:\Anaconda3\lib\socket.py", line 748, in getaddrinfo
    for res in _socket.getaddrinfo(host, port, family, type, proto, flags):
/nsocket.gaierror: [Errno 11001] getaddrinfo failed
/n
During handling of the above exception, another exception occurred:

/nTraceback (most recent call last):
/n  File "C:\Anaconda3\lib\site-packages\urllib3\connectionpool.py", line 600, in urlopen
    chunked=chunked)
/n  File "C:\Anaconda3\lib\site-packages\urllib3\connectionpool.py", line 343, in _make_request
    self._validate_conn(conn)
/n  File "C:\Anaconda3\lib\site-packages\urllib3\connectionpool.py", line 839, in _validate_conn
    conn.connect()
/n  File "C:\Anaconda3\lib\site-packages\urllib3\connection.py", line 301, in connect
    conn = self._new_conn()
/n  File "C:\Anaconda3\lib\site-packages\urllib3\connection.py", line 168, in _new_conn
    self, "Failed to establish a new connection: %s" % e)
/nurllib3.exceptions.NewConnectionError: <urllib3.connection.VerifiedHTTPSConnection object at 0x00DF6130>: Failed to establish a new connection: [Errno 11001] getaddrinfo failed
/n
During handling of the above exception, another exception occurred:

/nTraceback (most recent call last):
/n  File "C:\Anaconda3\lib\site-packages\requests\adapters.py", line 449, in send
    timeout=timeout
/n  File "C:\Anaconda3\lib\site-packages\urllib3\connectionpool.py", line 638, in urlopen
    _stacktrace=sys.exc_info()[2])
/n  File "C:\Anaconda3\lib\site-packages\urllib3\util\retry.py", line 398, in increment
    raise MaxRetryError(_pool, url, error or ResponseError(cause))
/nurllib3.exceptions.MaxRetryError: HTTPSConnectionPool(host='www.baseball-reference.com', port=443): Max retries exceeded with url: //boxes/ARI/ARI201006060.shtml (Caused by NewConnectionError('<urllib3.connection.VerifiedHTTPSConnection object at 0x00DF6130>: Failed to establish a new connection: [Errno 11001] getaddrinfo failed'))
/n
During handling of the above exception, another exception occurred:

/nTraceback (most recent call last):
/n  File "<ipython-input-1-f87164c95adc>", line 105, in load_mlb_games
    reps = requests.get(link)
/n  File "C:\Anaconda3\lib\site-packages\requests\api.py", line 75, in get
    return request('get', url, params=params, **kwargs)
/n  File "C:\Anaconda3\lib\site-packages\requests\api.py", line 60, in request
    return session.request(method=method, url=url, **kwargs)
/n  File "C:\Anaconda3\lib\site-packages\requests\sessions.py", line 533, in request
    resp = self.send(prep, **send_kwargs)
/n  File "C:\Anaconda3\lib\site-packages\requests\sessions.py", line 646, in send
    r = adapter.send(request, **kwargs)
/n  File "C:\Anaconda3\lib\site-packages\requests\adapters.py", line 516, in send
    raise ConnectionError(e, request=request)
/nrequests.exceptions.ConnectionError: HTTPSConnectionPool(host='www.baseball-reference.com', port=443): Max retries exceeded with url: //boxes/ARI/ARI201006060.shtml (Caused by NewConnectionError('<urllib3.connection.VerifiedHTTPSConnection object at 0x00DF6130>: Failed to establish a new connection: [Errno 11001] getaddrinfo failed'))
/nTraceback (most recent call last):
/n  File "C:\Anaconda3\lib\site-packages\urllib3\connection.py", line 159, in _new_conn
    (self._dns_host, self.port), self.timeout, **extra_kw)
/n  File "C:\Anaconda3\lib\site-packages\urllib3\util\connection.py", line 57, in create_connection
    for res in socket.getaddrinfo(host, port, family, socket.SOCK_STREAM):
/n  File "C:\Anaconda3\lib\socket.py", line 748, in getaddrinfo
    for res in _socket.getaddrinfo(host, port, family, type, proto, flags):
/nsocket.gaierror: [Errno 11001] getaddrinfo failed
/n
During handling of the above exception, another exception occurred:

/nTraceback (most recent call last):
/n  File "C:\Anaconda3\lib\site-packages\urllib3\connectionpool.py", line 600, in urlopen
    chunked=chunked)
/n  File "C:\Anaconda3\lib\site-packages\urllib3\connectionpool.py", line 343, in _make_request
    self._validate_conn(conn)
/n  File "C:\Anaconda3\lib\site-packages\urllib3\connectionpool.py", line 839, in _validate_conn
    conn.connect()
/n  File "C:\Anaconda3\lib\site-packages\urllib3\connection.py", line 301, in connect
    conn = self._new_conn()
/n  File "C:\Anaconda3\lib\site-packages\urllib3\connection.py", line 168, in _new_conn
    self, "Failed to establish a new connection: %s" % e)
/nurllib3.exceptions.NewConnectionError: <urllib3.connection.VerifiedHTTPSConnection object at 0x00DF6430>: Failed to establish a new connection: [Errno 11001] getaddrinfo failed
/n
During handling of the above exception, another exception occurred:

/nTraceback (most recent call last):
/n  File "C:\Anaconda3\lib\site-packages\requests\adapters.py", line 449, in send
    timeout=timeout
/n  File "C:\Anaconda3\lib\site-packages\urllib3\connectionpool.py", line 638, in urlopen
    _stacktrace=sys.exc_info()[2])
/n  File "C:\Anaconda3\lib\site-packages\urllib3\util\retry.py", line 398, in increment
    raise MaxRetryError(_pool, url, error or ResponseError(cause))
/nurllib3.exceptions.MaxRetryError: HTTPSConnectionPool(host='www.baseball-reference.com', port=443): Max retries exceeded with url: //boxes/CHA/CHA201006060.shtml (Caused by NewConnectionError('<urllib3.connection.VerifiedHTTPSConnection object at 0x00DF6430>: Failed to establish a new connection: [Errno 11001] getaddrinfo failed'))
/n
During handling of the above exception, another exception occurred:

/nTraceback (most recent call last):
/n  File "<ipython-input-1-f87164c95adc>", line 105, in load_mlb_games
    reps = requests.get(link)
/n  File "C:\Anaconda3\lib\site-packages\requests\api.py", line 75, in get
    return request('get', url, params=params, **kwargs)
/n  File "C:\Anaconda3\lib\site-packages\requests\api.py", line 60, in request
    return session.request(method=method, url=url, **kwargs)
/n  File "C:\Anaconda3\lib\site-packages\requests\sessions.py", line 533, in request
    resp = self.send(prep, **send_kwargs)
/n  File "C:\Anaconda3\lib\site-packages\requests\sessions.py", line 646, in send
    r = adapter.send(request, **kwargs)
/n  File "C:\Anaconda3\lib\site-packages\requests\adapters.py", line 516, in send
    raise ConnectionError(e, request=request)
/nrequests.exceptions.ConnectionError: HTTPSConnectionPool(host='www.baseball-reference.com', port=443): Max retries exceeded with url: //boxes/CHA/CHA201006060.shtml (Caused by NewConnectionError('<urllib3.connection.VerifiedHTTPSConnection object at 0x00DF6430>: Failed to establish a new connection: [Errno 11001] getaddrinfo failed'))
/nProcess 4.302 seconds url: https://www.baseball-reference.com//boxes/KCA/KCA201006060.shtmlProcess 13.22 seconds url: https://www.baseball-reference.com//boxes/NYN/NYN201006060.shtmlProcess 8.968 seconds url: https://www.baseball-reference.com//boxes/PHI/PHI201006060.shtmlProcess 10.42 seconds url: https://www.baseball-reference.com//boxes/SEA/SEA201006060.shtmlProcess 6.629 seconds url: https://www.baseball-reference.com//boxes/TEX/TEX201006060.shtmlProcess 8.29 seconds url: https://www.baseball-reference.com//boxes/WAS/WAS201006060.shtmlProcess 6.677 seconds url: https://www.baseball-reference.com//boxes/CIN/CIN201006070.shtmlProcess 2.967 seconds url: https://www.baseball-reference.com//boxes/COL/COL201006070.shtmlProcess 3.759 seconds url: https://www.baseball-reference.com//boxes/OAK/OAK201006070.shtmlProcess 18.62 seconds url: https://www.baseball-reference.com//boxes/PIT/PIT201006070.shtmlProcess 12.79 seconds url: https://www.baseball-reference.com//boxes/ARI/ARI201006080.shtmlProcess 3.1 seconds url: https://www.baseball-reference.com//boxes/CHA/CHA201006080.shtmlProcess 13.32 seconds url: https://www.baseball-reference.com//boxes/CLE/CLE201006080.shtmlProcess 10.02 seconds url: https://www.baseball-reference.com//boxes/LAN/LAN201006080.shtmlProcess 10.36 seconds url: https://www.baseball-reference.com//boxes/MIN/MIN201006080.shtmlProcess 14.04 seconds url: https://www.baseball-reference.com//boxes/OAK/OAK201006080.shtmlProcess 11.81 seconds url: https://www.baseball-reference.com//boxes/TBA/TBA201006080.shtmlProcess 8.964 seconds url: https://www.baseball-reference.com//boxes/WAS/WAS201006080.shtmlProcess 11.48 seconds url: https://www.baseball-reference.com//boxes/BAL/BAL201006090.shtmlProcess 3.642 seconds url: https://www.baseball-reference.com//boxes/CIN/CIN201006090.shtmlProcess 3.995 seconds url: https://www.baseball-reference.com//boxes/COL/COL201006090.shtmlProcess 29.16 seconds url: https://www.baseball-reference.com//boxes/MIL/MIL201006090.shtmlProcess 14.65 seconds url: https://www.baseball-reference.com//boxes/OAK/OAK201006090.shtmlProcess 13.35 seconds url: https://www.baseball-reference.com//boxes/TEX/TEX201006090.shtmlProcess 7.316 seconds url: https://www.baseball-reference.com//boxes/ARI/ARI201006100.shtmlProcess 6.219 seconds url: https://www.baseball-reference.com//boxes/CHA/CHA201006100.shtmlProcess 4.783 seconds url: https://www.baseball-reference.com//boxes/CLE/CLE201006100.shtmlProcess 3.766 seconds url: https://www.baseball-reference.com//boxes/MIL/MIL201006100.shtmlProcess 11.21 seconds url: https://www.baseball-reference.com//boxes/NYN/NYN201006101.shtmlProcess 7.739 seconds url: https://www.baseball-reference.com//boxes/OAK/OAK201006100.shtmlProcess 3.834 seconds url: https://www.baseball-reference.com//boxes/TBA/TBA201006100.shtmlProcess 3.191 seconds url: https://www.baseball-reference.com//boxes/WAS/WAS201006100.shtmlProcess 4.111 seconds url: https://www.baseball-reference.com//boxes/BAL/BAL201006110.shtmlProcess 4.578 seconds url: https://www.baseball-reference.com//boxes/CHN/CHN201006110.shtmlProcess 8.032 seconds url: https://www.baseball-reference.com//boxes/CLE/CLE201006110.shtmlProcess 6.409 seconds url: https://www.baseball-reference.com//boxes/DET/DET201006110.shtmlProcess 3.681 seconds url: https://www.baseball-reference.com//boxes/MIL/MIL201006110.shtmlProcess 5.901 seconds url: https://www.baseball-reference.com//boxes/NYA/NYA201006110.shtmlProcess 4.862 seconds url: https://www.baseball-reference.com//boxes/SFN/SFN201006110.shtmlProcess 6.198 seconds url: https://www.baseball-reference.com//boxes/ARI/ARI201006120.shtmlProcess 6.364 seconds url: https://www.baseball-reference.com//boxes/BOS/BOS201006120.shtmlProcess 12.63 seconds url: https://www.baseball-reference.com//boxes/CIN/CIN201006120.shtmlProcess 7.193 seconds url: https://www.baseball-reference.com//boxes/COL/COL201006120.shtmlProcess 15.59 seconds url: https://www.baseball-reference.com//boxes/LAN/LAN201006120.shtmlProcess 4.974 seconds url: https://www.baseball-reference.com//boxes/MIN/MIN201006120.shtmlProcess 5.375 seconds url: https://www.baseball-reference.com//boxes/SDN/SDN201006120.shtmlProcess 9.473 seconds url: https://www.baseball-reference.com//boxes/TBA/TBA201006120.shtmlProcess 8.665 seconds url: https://www.baseball-reference.com//boxes/BAL/BAL201006130.shtmlProcess 11.76 seconds url: https://www.baseball-reference.com//boxes/CHN/CHN201006130.shtmlProcess 13.38 seconds url: https://www.baseball-reference.com//boxes/CLE/CLE201006130.shtmlProcess 8.224 seconds url: https://www.baseball-reference.com//boxes/DET/DET201006130.shtmlProcess 10.74 seconds url: https://www.baseball-reference.com//boxes/MIL/MIL201006130.shtmlProcess 13.38 seconds url: https://www.baseball-reference.com//boxes/NYA/NYA201006130.shtmlProcess 5.534 seconds url: https://www.baseball-reference.com//boxes/SFN/SFN201006130.shtmlProcess 6.965 seconds url: https://www.baseball-reference.com//boxes/ANA/ANA201006140.shtmlProcess 7.885 seconds url: https://www.baseball-reference.com//boxes/SFN/SFN201006140.shtmlProcess 9.836 seconds url: https://www.baseball-reference.com//boxes/ANA/ANA201006150.shtmlProcess 7.426 seconds url: https://www.baseball-reference.com//boxes/BOS/BOS201006150.shtmlProcess 14.53 seconds url: https://www.baseball-reference.com//boxes/CIN/CIN201006150.shtmlProcess 9.343 seconds url: https://www.baseball-reference.com//boxes/DET/DET201006150.shtmlProcess 10.77 seconds url: https://www.baseball-reference.com//boxes/KCA/KCA201006150.shtmlProcess 12.47 seconds url: https://www.baseball-reference.com//boxes/NYA/NYA201006150.shtmlProcess 9.099 seconds url: https://www.baseball-reference.com//boxes/SDN/SDN201006150.shtmlProcess 8.566 seconds url: https://www.baseball-reference.com//boxes/SLN/SLN201006150.shtmlProcess 4.46 seconds url: https://www.baseball-reference.com//boxes/ATL/ATL201006160.shtmlProcess 5.14 seconds url: https://www.baseball-reference.com//boxes/CHN/CHN201006160.shtmlProcess 1.263 seconds url: https://www.baseball-reference.com//boxes/CLE/CLE201006160.shtmlProcess 1.413 seconds url: https://www.baseball-reference.com//boxes/FLO/FLO201006160.shtmlProcess 1.285 seconds url: https://www.baseball-reference.com//boxes/MIN/MIN201006160.shtmlProcess 1.326 seconds url: https://www.baseball-reference.com//boxes/PIT/PIT201006160.shtmlProcess 1.504 seconds url: https://www.baseball-reference.com//boxes/SFN/SFN201006160.shtmlProcess 1.27 seconds url: https://www.baseball-reference.com//boxes/ATL/ATL201006170.shtmlProcess 1.291 seconds url: https://www.baseball-reference.com//boxes/CHN/CHN201006170.shtmlProcess 1.332 seconds url: https://www.baseball-reference.com//boxes/CLE/CLE201006170.shtmlProcess 1.302 seconds url: https://www.baseball-reference.com//boxes/FLO/FLO201006170.shtmlProcess 1.391 seconds url: https://www.baseball-reference.com//boxes/MIN/MIN201006170.shtmlProcess 1.291 seconds url: https://www.baseball-reference.com//boxes/PIT/PIT201006170.shtmlProcess 1.303 seconds url: https://www.baseball-reference.com//boxes/BOS/BOS201006180.shtmlProcess 1.443 seconds url: https://www.baseball-reference.com//boxes/COL/COL201006180.shtmlProcess 1.464 seconds url: https://www.baseball-reference.com//boxes/FLO/FLO201006180.shtmlProcess 1.455 seconds url: https://www.baseball-reference.com//boxes/NYA/NYA201006180.shtmlProcess 1.415 seconds url: https://www.baseball-reference.com//boxes/PIT/PIT201006180.shtmlProcess 1.346 seconds url: https://www.baseball-reference.com//boxes/SEA/SEA201006180.shtmlProcess 1.263 seconds url: https://www.baseball-reference.com//boxes/TOR/TOR201006180.shtmlProcess 1.318 seconds url: https://www.baseball-reference.com//boxes/ATL/ATL201006190.shtmlProcess 1.299 seconds url: https://www.baseball-reference.com//boxes/CHN/CHN201006190.shtmlProcess 1.401 seconds url: https://www.baseball-reference.com//boxes/DET/DET201006190.shtmlProcess 1.279 seconds url: https://www.baseball-reference.com//boxes/HOU/HOU201006190.shtmlProcess 1.419 seconds url: https://www.baseball-reference.com//boxes/PHI/PHI201006190.shtmlProcess 1.307 seconds url: https://www.baseball-reference.com//boxes/SDN/SDN201006190.shtmlProcess 1.393 seconds url: https://www.baseball-reference.com//boxes/SLN/SLN201006190.shtmlProcess 1.36 seconds url: https://www.baseball-reference.com//boxes/WAS/WAS201006190.shtmlProcess 1.334 seconds url: https://www.baseball-reference.com//boxes/BOS/BOS201006200.shtmlProcess 1.261 seconds url: https://www.baseball-reference.com//boxes/COL/COL201006200.shtmlProcess 1.286 seconds url: https://www.baseball-reference.com//boxes/FLO/FLO201006200.shtmlProcess 1.272 seconds url: https://www.baseball-reference.com//boxes/NYA/NYA201006200.shtmlProcess 1.298 seconds url: https://www.baseball-reference.com//boxes/PIT/PIT201006200.shtmlProcess 1.287 seconds url: https://www.baseball-reference.com//boxes/SEA/SEA201006200.shtmlProcess 1.36 seconds url: https://www.baseball-reference.com//boxes/TOR/TOR201006200.shtmlProcess 1.266 seconds url: https://www.baseball-reference.com//boxes/ARI/ARI201006210.shtmlProcess 1.276 seconds url: https://www.baseball-reference.com//boxes/WAS/WAS201006210.shtmlProcess 1.294 seconds url: https://www.baseball-reference.com//boxes/ARI/ARI201006220.shtmlProcess 1.322 seconds url: https://www.baseball-reference.com//boxes/CHA/CHA201006220.shtmlProcess 1.35 seconds url: https://www.baseball-reference.com//boxes/HOU/HOU201006220.shtmlProcess 1.339 seconds url: https://www.baseball-reference.com//boxes/NYN/NYN201006220.shtmlProcess 1.395 seconds url: https://www.baseball-reference.com//boxes/PHI/PHI201006220.shtmlProcess 1.283 seconds url: https://www.baseball-reference.com//boxes/TBA/TBA201006220.shtmlProcess 1.362 seconds url: https://www.baseball-reference.com//boxes/TOR/TOR201006220.shtmlProcess 1.316 seconds url: https://www.baseball-reference.com//boxes/ANA/ANA201006230.shtmlProcess 1.274 seconds url: https://www.baseball-reference.com//boxes/BAL/BAL201006230.shtmlProcess 1.292 seconds url: https://www.baseball-reference.com//boxes/COL/COL201006230.shtmlProcess 1.352 seconds url: https://www.baseball-reference.com//boxes/MIL/MIL201006230.shtmlProcess 1.284 seconds url: https://www.baseball-reference.com//boxes/OAK/OAK201006230.shtmlProcess 1.959 seconds url: https://www.baseball-reference.com//boxes/SEA/SEA201006230.shtmlProcess 1.273 seconds url: https://www.baseball-reference.com//boxes/TEX/TEX201006230.shtmlProcess 1.263 seconds url: https://www.baseball-reference.com//boxes/WAS/WAS201006230.shtmlProcess 1.272 seconds url: https://www.baseball-reference.com//boxes/BAL/BAL201006240.shtmlProcess 1.325 seconds url: https://www.baseball-reference.com//boxes/COL/COL201006240.shtmlProcess 1.292 seconds url: https://www.baseball-reference.com//boxes/MIL/MIL201006240.shtmlProcess 1.286 seconds url: https://www.baseball-reference.com//boxes/PHI/PHI201006240.shtmlProcess 1.289 seconds url: https://www.baseball-reference.com//boxes/TBA/TBA201006240.shtmlProcess 1.312 seconds url: https://www.baseball-reference.com//boxes/TOR/TOR201006240.shtmlProcess 1.371 seconds url: https://www.baseball-reference.com//boxes/ATL/ATL201006250.shtmlProcess 1.354 seconds url: https://www.baseball-reference.com//boxes/CHA/CHA201006250.shtmlProcess 1.333 seconds url: https://www.baseball-reference.com//boxes/FLO/FLO201006250.shtmlProcess 1.3 seconds url: https://www.baseball-reference.com//boxes/LAN/LAN201006250.shtmlProcess 1.333 seconds url: https://www.baseball-reference.com//boxes/NYN/NYN201006250.shtmlProcess 1.278 seconds url: https://www.baseball-reference.com//boxes/PHI/PHI201006250.shtmlProcess 1.277 seconds url: https://www.baseball-reference.com//boxes/TBA/TBA201006250.shtmlProcess 1.282 seconds url: https://www.baseball-reference.com//boxes/ANA/ANA201006260.shtmlProcess 1.344 seconds url: https://www.baseball-reference.com//boxes/BAL/BAL201006260.shtmlProcess 1.318 seconds url: https://www.baseball-reference.com//boxes/CIN/CIN201006260.shtmlProcess 1.326 seconds url: https://www.baseball-reference.com//boxes/KCA/KCA201006260.shtmlProcess 1.363 seconds url: https://www.baseball-reference.com//boxes/MIL/MIL201006260.shtmlProcess 1.312 seconds url: https://www.baseball-reference.com//boxes/OAK/OAK201006260.shtmlProcess 1.421 seconds url: https://www.baseball-reference.com//boxes/SFN/SFN201006260.shtmlProcess 1.34 seconds url: https://www.baseball-reference.com//boxes/TEX/TEX201006260.shtmlProcess 1.353 seconds url: https://www.baseball-reference.com//boxes/ATL/ATL201006270.shtmlProcess 1.326 seconds url: https://www.baseball-reference.com//boxes/CHA/CHA201006270.shtmlProcess 1.279 seconds url: https://www.baseball-reference.com//boxes/FLO/FLO201006270.shtmlProcess 1.32 seconds url: https://www.baseball-reference.com//boxes/LAN/LAN201006270.shtmlProcess 1.319 seconds url: https://www.baseball-reference.com//boxes/NYN/NYN201006270.shtmlProcess 1.401 seconds url: https://www.baseball-reference.com//boxes/PHI/PHI201006270.shtmlProcess 1.298 seconds url: https://www.baseball-reference.com//boxes/TBA/TBA201006270.shtmlProcess 1.286 seconds url: https://www.baseball-reference.com//boxes/ATL/ATL201006280.shtmlProcess 1.296 seconds url: https://www.baseball-reference.com//boxes/CIN/CIN201006280.shtmlProcess 1.309 seconds url: https://www.baseball-reference.com//boxes/FLO/FLO201006280.shtmlProcess 1.316 seconds url: https://www.baseball-reference.com//boxes/MIL/MIL201006280.shtmlProcess 1.371 seconds url: https://www.baseball-reference.com//boxes/SDN/SDN201006280.shtmlProcess 1.277 seconds url: https://www.baseball-reference.com//boxes/SLN/SLN201006280.shtmlProcess 1.293 seconds url: https://www.baseball-reference.com//boxes/ATL/ATL201006290.shtmlProcess 1.266 seconds url: https://www.baseball-reference.com//boxes/BOS/BOS201006290.shtmlProcess 1.403 seconds url: https://www.baseball-reference.com//boxes/CIN/CIN201006290.shtmlProcess 1.307 seconds url: https://www.baseball-reference.com//boxes/FLO/FLO201006290.shtmlProcess 1.351 seconds url: https://www.baseball-reference.com//boxes/MIL/MIL201006290.shtmlProcess 1.263 seconds url: https://www.baseball-reference.com//boxes/NYA/NYA201006290.shtmlProcess 1.407 seconds url: https://www.baseball-reference.com//boxes/SFN/SFN201006290.shtmlProcess 1.294 seconds url: https://www.baseball-reference.com//boxes/ANA/ANA201006300.shtmlProcess 1.329 seconds url: https://www.baseball-reference.com//boxes/BAL/BAL201006300.shtmlProcess 1.34 seconds url: https://www.baseball-reference.com//boxes/CHN/CHN201006300.shtmlProcess 1.267 seconds url: https://www.baseball-reference.com//boxes/CLE/CLE201006300.shtmlProcess 1.283 seconds url: https://www.baseball-reference.com//boxes/KCA/KCA201006300.shtmlProcess 1.281 seconds url: https://www.baseball-reference.com//boxes/MIN/MIN201006300.shtmlProcess 1.266 seconds url: https://www.baseball-reference.com//boxes/SDN/SDN201006300.shtmlProcess 1.281 seconds url: https://www.baseball-reference.com//boxes/SLN/SLN201006300.shtmlProcess 1.39 seconds url: https://www.baseball-reference.com//boxes/BAL/BAL201007010.shtmlProcess 1.306 seconds url: https://www.baseball-reference.com//boxes/CLE/CLE201007010.shtmlProcess 1.335 seconds url: https://www.baseball-reference.com//boxes/MIN/MIN201007010.shtmlProcess 1.289 seconds url: https://www.baseball-reference.com//boxes/PIT/PIT201007010.shtmlProcess 1.336 seconds url: https://www.baseball-reference.com//boxes/SLN/SLN201007010.shtmlProcess 1.268 seconds url: https://www.baseball-reference.com//boxes/ANA/ANA201007020.shtmlProcess 1.295 seconds url: https://www.baseball-reference.com//boxes/ATL/ATL201007020.shtmlProcess 1.428 seconds url: https://www.baseball-reference.com//boxes/CHN/CHN201007020.shtmlProcess 1.351 seconds url: https://www.baseball-reference.com//boxes/COL/COL201007020.shtmlProcess 1.256 seconds url: https://www.baseball-reference.com//boxes/MIN/MIN201007020.shtmlProcess 1.324 seconds url: https://www.baseball-reference.com//boxes/PIT/PIT201007020.shtmlProcess 1.252 seconds url: https://www.baseball-reference.com//boxes/SLN/SLN201007020.shtmlProcess 1.351 seconds url: https://www.baseball-reference.com//boxes/WAS/WAS201007020.shtmlProcess 1.267 seconds url: https://www.baseball-reference.com//boxes/ARI/ARI201007030.shtmlProcess 1.267 seconds url: https://www.baseball-reference.com//boxes/BOS/BOS201007030.shtmlProcess 1.488 seconds url: https://www.baseball-reference.com//boxes/CLE/CLE201007030.shtmlProcess 1.275 seconds url: https://www.baseball-reference.com//boxes/DET/DET201007030.shtmlProcess 1.371 seconds url: https://www.baseball-reference.com//boxes/NYA/NYA201007030.shtmlProcess 1.259 seconds url: https://www.baseball-reference.com//boxes/SDN/SDN201007030.shtmlProcess 1.27 seconds url: https://www.baseball-reference.com//boxes/TEX/TEX201007030.shtmlProcess 1.3 seconds url: https://www.baseball-reference.com//boxes/ANA/ANA201007040.shtmlProcess 1.263 seconds url: https://www.baseball-reference.com//boxes/ATL/ATL201007040.shtmlProcess 1.312 seconds url: https://www.baseball-reference.com//boxes/CHN/CHN201007040.shtmlProcess 1.364 seconds url: https://www.baseball-reference.com//boxes/COL/COL201007040.shtmlProcess 1.268 seconds url: https://www.baseball-reference.com//boxes/MIN/MIN201007040.shtmlProcess 1.285 seconds url: https://www.baseball-reference.com//boxes/PIT/PIT201007040.shtmlProcess 1.281 seconds url: https://www.baseball-reference.com//boxes/SLN/SLN201007040.shtmlProcess 1.365 seconds url: https://www.baseball-reference.com//boxes/WAS/WAS201007040.shtmlProcess 1.27 seconds url: https://www.baseball-reference.com//boxes/CHA/CHA201007050.shtmlProcess 1.377 seconds url: https://www.baseball-reference.com//boxes/LAN/LAN201007050.shtmlProcess 1.267 seconds url: https://www.baseball-reference.com//boxes/NYN/NYN201007050.shtmlProcess 1.295 seconds url: https://www.baseball-reference.com//boxes/PHI/PHI201007050.shtmlProcess 1.273 seconds url: https://www.baseball-reference.com//boxes/TBA/TBA201007050.shtmlProcess 1.264 seconds url: https://www.baseball-reference.com//boxes/ARI/ARI201007060.shtmlProcess 1.279 seconds url: https://www.baseball-reference.com//boxes/COL/COL201007060.shtmlProcess 1.27 seconds url: https://www.baseball-reference.com//boxes/HOU/HOU201007060.shtmlProcess 1.261 seconds url: https://www.baseball-reference.com//boxes/MIL/MIL201007060.shtmlProcess 1.279 seconds url: https://www.baseball-reference.com//boxes/OAK/OAK201007060.shtmlProcess 1.383 seconds url: https://www.baseball-reference.com//boxes/SEA/SEA201007060.shtmlProcess 1.288 seconds url: https://www.baseball-reference.com//boxes/TEX/TEX201007060.shtmlProcess 1.269 seconds url: https://www.baseball-reference.com//boxes/WAS/WAS201007060.shtmlProcess 1.263 seconds url: https://www.baseball-reference.com//boxes/CHA/CHA201007070.shtmlProcess 1.34 seconds url: https://www.baseball-reference.com//boxes/DET/DET201007070.shtmlProcess 1.266 seconds url: https://www.baseball-reference.com//boxes/LAN/LAN201007070.shtmlProcess 1.271 seconds url: https://www.baseball-reference.com//boxes/NYN/NYN201007070.shtmlProcess 1.279 seconds url: https://www.baseball-reference.com//boxes/PHI/PHI201007070.shtmlProcess 1.368 seconds url: https://www.baseball-reference.com//boxes/TBA/TBA201007070.shtmlProcess 1.288 seconds url: https://www.baseball-reference.com//boxes/TOR/TOR201007070.shtmlProcess 1.356 seconds url: https://www.baseball-reference.com//boxes/ARI/ARI201007080.shtmlProcess 1.26 seconds url: https://www.baseball-reference.com//boxes/COL/COL201007080.shtmlProcess 1.32 seconds url: https://www.baseball-reference.com//boxes/LAN/LAN201007080.shtmlProcess 1.323 seconds url: https://www.baseball-reference.com//boxes/PHI/PHI201007080.shtmlProcess 1.301 seconds url: https://www.baseball-reference.com//boxes/TBA/TBA201007080.shtmlProcess 1.313 seconds url: https://www.baseball-reference.com//boxes/TOR/TOR201007080.shtmlProcess 1.343 seconds url: https://www.baseball-reference.com//boxes/ARI/ARI201007090.shtmlProcess 1.355 seconds url: https://www.baseball-reference.com//boxes/COL/COL201007090.shtmlProcess 1.299 seconds url: https://www.baseball-reference.com//boxes/HOU/HOU201007090.shtmlProcess 1.322 seconds url: https://www.baseball-reference.com//boxes/MIL/MIL201007090.shtmlProcess 1.405 seconds url: https://www.baseball-reference.com//boxes/OAK/OAK201007090.shtmlProcess 1.281 seconds url: https://www.baseball-reference.com//boxes/SEA/SEA201007090.shtmlProcess 1.399 seconds url: https://www.baseball-reference.com//boxes/TEX/TEX201007090.shtmlProcess 1.335 seconds url: https://www.baseball-reference.com//boxes/WAS/WAS201007090.shtmlProcess 1.372 seconds url: https://www.baseball-reference.com//boxes/CHA/CHA201007100.shtmlProcess 1.338 seconds url: https://www.baseball-reference.com//boxes/DET/DET201007100.shtmlProcess 1.477 seconds url: https://www.baseball-reference.com//boxes/LAN/LAN201007100.shtmlProcess 1.73 seconds url: https://www.baseball-reference.com//boxes/NYN/NYN201007100.shtmlProcess 1.56 seconds url: https://www.baseball-reference.com//boxes/PHI/PHI201007100.shtmlProcess 1.52 seconds url: https://www.baseball-reference.com//boxes/TBA/TBA201007100.shtmlProcess 2.665 seconds url: https://www.baseball-reference.com//boxes/TOR/TOR201007100.shtmlProcess 1.775 seconds url: https://www.baseball-reference.com//boxes/ARI/ARI201007110.shtmlProcess 1.584 seconds url: https://www.baseball-reference.com//boxes/COL/COL201007110.shtmlProcess 1.536 seconds url: https://www.baseball-reference.com//boxes/HOU/HOU201007110.shtmlProcess 1.476 seconds url: https://www.baseball-reference.com//boxes/MIL/MIL201007110.shtmlProcess 1.423 seconds url: https://www.baseball-reference.com//boxes/OAK/OAK201007110.shtmlProcess 1.325 seconds url: https://www.baseball-reference.com//boxes/SEA/SEA201007110.shtmlProcess 1.277 seconds url: https://www.baseball-reference.com//boxes/TEX/TEX201007110.shtmlProcess 1.327 seconds url: https://www.baseball-reference.com//boxes/WAS/WAS201007110.shtmlProcess 1.288 seconds url: https://www.baseball-reference.com//boxes/ATL/ATL201007150.shtmlProcess 1.373 seconds url: https://www.baseball-reference.com//boxes/CHN/CHN201007150.shtmlProcess 1.281 seconds url: https://www.baseball-reference.com//boxes/SFN/SFN201007150.shtmlProcess 1.267 seconds url: https://www.baseball-reference.com//boxes/ANA/ANA201007160.shtmlProcess 1.412 seconds url: https://www.baseball-reference.com//boxes/BAL/BAL201007160.shtmlProcess 1.299 seconds url: https://www.baseball-reference.com//boxes/CHN/CHN201007160.shtmlProcess 1.277 seconds url: https://www.baseball-reference.com//boxes/CLE/CLE201007160.shtmlProcess 1.495 seconds url: https://www.baseball-reference.com//boxes/KCA/KCA201007160.shtmlProcess 1.323 seconds url: https://www.baseball-reference.com//boxes/NYA/NYA201007160.shtmlProcess 1.27 seconds url: https://www.baseball-reference.com//boxes/SDN/SDN201007160.shtmlProcess 1.336 seconds url: https://www.baseball-reference.com//boxes/SLN/SLN201007160.shtmlProcess 1.29 seconds url: https://www.baseball-reference.com//boxes/ATL/ATL201007170.shtmlProcess 1.417 seconds url: https://www.baseball-reference.com//boxes/BOS/BOS201007170.shtmlProcess 1.388 seconds url: https://www.baseball-reference.com//boxes/CIN/CIN201007170.shtmlProcess 1.357 seconds url: https://www.baseball-reference.com//boxes/CLE/CLE201007172.shtmlProcess 1.427 seconds url: https://www.baseball-reference.com//boxes/KCA/KCA201007170.shtmlProcess 1.301 seconds url: https://www.baseball-reference.com//boxes/NYA/NYA201007170.shtmlProcess 1.301 seconds url: https://www.baseball-reference.com//boxes/SDN/SDN201007170.shtmlProcess 1.264 seconds url: https://www.baseball-reference.com//boxes/SLN/SLN201007170.shtmlProcess 1.274 seconds url: https://www.baseball-reference.com//boxes/ATL/ATL201007180.shtmlProcess 1.262 seconds url: https://www.baseball-reference.com//boxes/BOS/BOS201007180.shtmlProcess 1.339 seconds url: https://www.baseball-reference.com//boxes/CIN/CIN201007180.shtmlProcess 1.346 seconds url: https://www.baseball-reference.com//boxes/FLO/FLO201007180.shtmlProcess 1.317 seconds url: https://www.baseball-reference.com//boxes/MIN/MIN201007180.shtmlProcess 1.383 seconds url: https://www.baseball-reference.com//boxes/PIT/PIT201007180.shtmlProcess 1.263 seconds url: https://www.baseball-reference.com//boxes/SFN/SFN201007180.shtmlProcess 1.28 seconds url: https://www.baseball-reference.com//boxes/ARI/ARI201007190.shtmlProcess 1.296 seconds url: https://www.baseball-reference.com//boxes/CHN/CHN201007190.shtmlProcess 1.289 seconds url: https://www.baseball-reference.com//boxes/DET/DET201007190.shtmlProcess 1.304 seconds url: https://www.baseball-reference.com//boxes/KCA/KCA201007190.shtmlProcess 1.324 seconds url: https://www.baseball-reference.com//boxes/MIN/MIN201007190.shtmlProcess 1.279 seconds url: https://www.baseball-reference.com//boxes/PIT/PIT201007190.shtmlProcess 1.388 seconds url: https://www.baseball-reference.com//boxes/SLN/SLN201007190.shtmlProcess 1.44 seconds url: https://www.baseball-reference.com//boxes/ATL/ATL201007200.shtmlProcess 1.341 seconds url: https://www.baseball-reference.com//boxes/CHN/CHN201007200.shtmlProcess 1.298 seconds url: https://www.baseball-reference.com//boxes/DET/DET201007200.shtmlProcess 1.299 seconds url: https://www.baseball-reference.com//boxes/KCA/KCA201007200.shtmlProcess 1.295 seconds url: https://www.baseball-reference.com//boxes/MIN/MIN201007200.shtmlProcess 1.307 seconds url: https://www.baseball-reference.com//boxes/OAK/OAK201007200.shtmlProcess 1.29 seconds url: https://www.baseball-reference.com//boxes/SEA/SEA201007200.shtmlProcess 1.273 seconds url: https://www.baseball-reference.com//boxes/ARI/ARI201007210.shtmlProcess 1.309 seconds url: https://www.baseball-reference.com//boxes/BAL/BAL201007210.shtmlProcess 1.276 seconds url: https://www.baseball-reference.com//boxes/CIN/CIN201007210.shtmlProcess 1.259 seconds url: https://www.baseball-reference.com//boxes/FLO/FLO201007210.shtmlProcess 1.37 seconds url: https://www.baseball-reference.com//boxes/LAN/LAN201007210.shtmlProcess 1.533 seconds url: https://www.baseball-reference.com//boxes/NYA/NYA201007210.shtmlProcess 1.286 seconds url: https://www.baseball-reference.com//boxes/PIT/PIT201007210.shtmlProcess 1.301 seconds url: https://www.baseball-reference.com//boxes/SLN/SLN201007210.shtmlProcess 1.299 seconds url: https://www.baseball-reference.com//boxes/ATL/ATL201007220.shtmlProcess 1.283 seconds url: https://www.baseball-reference.com//boxes/CIN/CIN201007220.shtmlProcess 1.263 seconds url: https://www.baseball-reference.com//boxes/FLO/FLO201007220.shtmlProcess 1.299 seconds url: https://www.baseball-reference.com//boxes/NYA/NYA201007220.shtmlProcess 1.277 seconds url: https://www.baseball-reference.com//boxes/SEA/SEA201007220.shtmlProcess 1.372 seconds url: https://www.baseball-reference.com//boxes/TEX/TEX201007220.shtmlProcess 1.262 seconds url: https://www.baseball-reference.com//boxes/BAL/BAL201007230.shtmlProcess 1.284 seconds url: https://www.baseball-reference.com//boxes/CLE/CLE201007230.shtmlProcess 1.271 seconds url: https://www.baseball-reference.com//boxes/HOU/HOU201007230.shtmlProcess 1.33 seconds url: https://www.baseball-reference.com//boxes/MIL/MIL201007230.shtmlProcess 1.312 seconds url: https://www.baseball-reference.com//boxes/OAK/OAK201007230.shtmlProcess 1.401 seconds url: https://www.baseball-reference.com//boxes/PIT/PIT201007230.shtmlProcess 1.364 seconds url: https://www.baseball-reference.com//boxes/TEX/TEX201007230.shtmlProcess 1.32 seconds url: https://www.baseball-reference.com//boxes/BAL/BAL201007240.shtmlProcess 1.275 seconds url: https://www.baseball-reference.com//boxes/CLE/CLE201007240.shtmlProcess 1.325 seconds url: https://www.baseball-reference.com//boxes/FLO/FLO201007240.shtmlProcess 1.399 seconds url: https://www.baseball-reference.com//boxes/LAN/LAN201007240.shtmlProcess 1.291 seconds url: https://www.baseball-reference.com//boxes/NYA/NYA201007240.shtmlProcess 1.292 seconds url: https://www.baseball-reference.com//boxes/PHI/PHI201007240.shtmlProcess 1.271 seconds url: https://www.baseball-reference.com//boxes/SEA/SEA201007240.shtmlProcess 1.316 seconds url: https://www.baseball-reference.com//boxes/ARI/ARI201007250.shtmlProcess 1.275 seconds url: https://www.baseball-reference.com//boxes/CHN/CHN201007250.shtmlProcess 1.349 seconds url: https://www.baseball-reference.com//boxes/DET/DET201007251.shtmlProcess 1.297 seconds url: https://www.baseball-reference.com//boxes/FLO/FLO201007250.shtmlProcess 1.285 seconds url: https://www.baseball-reference.com//boxes/LAN/LAN201007250.shtmlProcess 1.311 seconds url: https://www.baseball-reference.com//boxes/NYA/NYA201007250.shtmlProcess 1.265 seconds url: https://www.baseball-reference.com//boxes/PHI/PHI201007250.shtmlProcess 1.27 seconds url: https://www.baseball-reference.com//boxes/SEA/SEA201007250.shtmlProcess 1.318 seconds url: https://www.baseball-reference.com//boxes/ANA/ANA201007260.shtmlProcess 1.307 seconds url: https://www.baseball-reference.com//boxes/CLE/CLE201007260.shtmlProcess 1.27 seconds url: https://www.baseball-reference.com//boxes/KCA/KCA201007260.shtmlProcess 1.271 seconds url: https://www.baseball-reference.com//boxes/PHI/PHI201007260.shtmlProcess 1.266 seconds url: https://www.baseball-reference.com//boxes/TBA/TBA201007260.shtmlProcess 1.331 seconds url: https://www.baseball-reference.com//boxes/ANA/ANA201007270.shtmlProcess 1.269 seconds url: https://www.baseball-reference.com//boxes/CLE/CLE201007270.shtmlProcess 1.261 seconds url: https://www.baseball-reference.com//boxes/HOU/HOU201007270.shtmlProcess 1.264 seconds url: https://www.baseball-reference.com//boxes/MIL/MIL201007270.shtmlProcess 1.429 seconds url: https://www.baseball-reference.com//boxes/PHI/PHI201007270.shtmlProcess 1.378 seconds url: https://www.baseball-reference.com//boxes/SFN/SFN201007270.shtmlProcess 1.269 seconds url: https://www.baseball-reference.com//boxes/TEX/TEX201007270.shtmlProcess 1.683 seconds url: https://www.baseball-reference.com//boxes/WAS/WAS201007270.shtmlProcess 1.331 seconds url: https://www.baseball-reference.com//boxes/CHA/CHA201007280.shtmlProcess 1.411 seconds url: https://www.baseball-reference.com//boxes/COL/COL201007280.shtmlProcess 1.332 seconds url: https://www.baseball-reference.com//boxes/KCA/KCA201007280.shtmlProcess 1.265 seconds url: https://www.baseball-reference.com//boxes/NYN/NYN201007280.shtmlProcess 1.295 seconds url: https://www.baseball-reference.com//boxes/SDN/SDN201007280.shtmlProcess 1.356 seconds url: https://www.baseball-reference.com//boxes/TBA/TBA201007280.shtmlProcess 1.269 seconds url: https://www.baseball-reference.com//boxes/TOR/TOR201007280.shtmlProcess 1.266 seconds url: https://www.baseball-reference.com//boxes/CHA/CHA201007290.shtmlProcess 1.312 seconds url: https://www.baseball-reference.com//boxes/COL/COL201007290.shtmlProcess 1.374 seconds url: https://www.baseball-reference.com//boxes/NYN/NYN201007290.shtmlProcess 1.267 seconds url: https://www.baseball-reference.com//boxes/SDN/SDN201007290.shtmlProcess 1.283 seconds url: https://www.baseball-reference.com//boxes/TBA/TBA201007290.shtmlProcess 1.316 seconds url: https://www.baseball-reference.com//boxes/WAS/WAS201007290.shtmlProcess 1.352 seconds url: https://www.baseball-reference.com//boxes/BOS/BOS201007300.shtmlProcess 1.33 seconds url: https://www.baseball-reference.com//boxes/CIN/CIN201007300.shtmlProcess 1.272 seconds url: https://www.baseball-reference.com//boxes/HOU/HOU201007300.shtmlProcess 1.279 seconds url: https://www.baseball-reference.com//boxes/MIN/MIN201007300.shtmlProcess 1.274 seconds url: https://www.baseball-reference.com//boxes/SDN/SDN201007300.shtmlProcess 1.326 seconds url: https://www.baseball-reference.com//boxes/SLN/SLN201007300.shtmlProcess 1.334 seconds url: https://www.baseball-reference.com//boxes/TOR/TOR201007300.shtmlProcess 1.356 seconds url: https://www.baseball-reference.com//boxes/ANA/ANA201007310.shtmlProcess 1.339 seconds url: https://www.baseball-reference.com//boxes/CHA/CHA201007310.shtmlProcess 1.261 seconds url: https://www.baseball-reference.com//boxes/COL/COL201007310.shtmlProcess 1.268 seconds url: https://www.baseball-reference.com//boxes/KCA/KCA201007310.shtmlProcess 1.365 seconds url: https://www.baseball-reference.com//boxes/NYN/NYN201007310.shtmlProcess 1.362 seconds url: https://www.baseball-reference.com//boxes/SFN/SFN201007310.shtmlProcess 1.303 seconds url: https://www.baseball-reference.com//boxes/TBA/TBA201007310.shtmlProcess 1.297 seconds url: https://www.baseball-reference.com//boxes/WAS/WAS201007310.shtmlProcess 1.36 seconds url: https://www.baseball-reference.com//boxes/BOS/BOS201008010.shtmlProcess 1.308 seconds url: https://www.baseball-reference.com//boxes/CIN/CIN201008010.shtmlProcess 1.273 seconds url: https://www.baseball-reference.com//boxes/HOU/HOU201008010.shtmlProcess 1.283 seconds url: https://www.baseball-reference.com//boxes/MIN/MIN201008010.shtmlProcess 1.269 seconds url: https://www.baseball-reference.com//boxes/SDN/SDN201008010.shtmlProcess 1.287 seconds url: https://www.baseball-reference.com//boxes/SLN/SLN201008010.shtmlProcess 1.28 seconds url: https://www.baseball-reference.com//boxes/TOR/TOR201008010.shtmlProcess 1.316 seconds url: https://www.baseball-reference.com//boxes/ARI/ARI201008020.shtmlProcess 1.322 seconds url: https://www.baseball-reference.com//boxes/BOS/BOS201008020.shtmlProcess 1.283 seconds url: https://www.baseball-reference.com//boxes/LAN/LAN201008020.shtmlProcess 1.304 seconds url: https://www.baseball-reference.com//boxes/OAK/OAK201008020.shtmlProcess 1.284 seconds url: https://www.baseball-reference.com//boxes/SLN/SLN201008020.shtmlProcess 1.315 seconds url: https://www.baseball-reference.com//boxes/ARI/ARI201008030.shtmlProcess 1.296 seconds url: https://www.baseball-reference.com//boxes/BAL/BAL201008030.shtmlProcess 1.339 seconds url: https://www.baseball-reference.com//boxes/CHN/CHN201008030.shtmlProcess 1.322 seconds url: https://www.baseball-reference.com//boxes/DET/DET201008031.shtmlProcess 1.262 seconds url: https://www.baseball-reference.com//boxes/FLO/FLO201008030.shtmlProcess 1.355 seconds url: https://www.baseball-reference.com//boxes/NYA/NYA201008030.shtmlProcess 1.319 seconds url: https://www.baseball-reference.com//boxes/PIT/PIT201008030.shtmlProcess 1.505 seconds url: https://www.baseball-reference.com//boxes/SLN/SLN201008030.shtmlProcess 1.304 seconds url: https://www.baseball-reference.com//boxes/ARI/ARI201008040.shtmlProcess 1.26 seconds url: https://www.baseball-reference.com//boxes/BAL/BAL201008040.shtmlProcess 1.338 seconds url: https://www.baseball-reference.com//boxes/CHN/CHN201008040.shtmlProcess 1.309 seconds url: https://www.baseball-reference.com//boxes/DET/DET201008040.shtmlProcess 1.262 seconds url: https://www.baseball-reference.com//boxes/LAN/LAN201008040.shtmlProcess 1.302 seconds url: https://www.baseball-reference.com//boxes/OAK/OAK201008040.shtmlProcess 1.291 seconds url: https://www.baseball-reference.com//boxes/SEA/SEA201008040.shtmlProcess 1.344 seconds url: https://www.baseball-reference.com//boxes/TBA/TBA201008040.shtmlProcess 1.328 seconds url: https://www.baseball-reference.com//boxes/ATL/ATL201008050.shtmlProcess 2.442 seconds url: https://www.baseball-reference.com//boxes/BOS/BOS201008050.shtmlProcess 1.316 seconds url: https://www.baseball-reference.com//boxes/FLO/FLO201008050.shtmlProcess 1.287 seconds url: https://www.baseball-reference.com//boxes/PIT/PIT201008050.shtmlProcess 1.461 seconds url: https://www.baseball-reference.com//boxes/TBA/TBA201008050.shtmlProcess 1.368 seconds url: https://www.baseball-reference.com//boxes/ATL/ATL201008060.shtmlProcess 1.303 seconds url: https://www.baseball-reference.com//boxes/CHN/CHN201008060.shtmlProcess 1.264 seconds url: https://www.baseball-reference.com//boxes/DET/DET201008060.shtmlProcess 1.289 seconds url: https://www.baseball-reference.com//boxes/LAN/LAN201008060.shtmlProcess 1.267 seconds url: https://www.baseball-reference.com//boxes/NYA/NYA201008060.shtmlProcess 1.278 seconds url: https://www.baseball-reference.com//boxes/PHI/PHI201008060.shtmlProcess 1.274 seconds url: https://www.baseball-reference.com//boxes/SEA/SEA201008060.shtmlProcess 1.404 seconds url: https://www.baseball-reference.com//boxes/ARI/ARI201008070.shtmlProcess 1.291 seconds url: https://www.baseball-reference.com//boxes/BAL/BAL201008070.shtmlProcess 1.354 seconds url: https://www.baseball-reference.com//boxes/CLE/CLE201008070.shtmlProcess 1.318 seconds url: https://www.baseball-reference.com//boxes/FLO/FLO201008070.shtmlProcess 1.285 seconds url: https://www.baseball-reference.com//boxes/MIL/MIL201008070.shtmlProcess 1.273 seconds url: https://www.baseball-reference.com//boxes/OAK/OAK201008070.shtmlProcess 1.268 seconds url: https://www.baseball-reference.com//boxes/PIT/PIT201008070.shtmlProcess 1.411 seconds url: https://www.baseball-reference.com//boxes/TOR/TOR201008070.shtmlProcess 1.265 seconds url: https://www.baseball-reference.com//boxes/ATL/ATL201008080.shtmlProcess 1.419 seconds url: https://www.baseball-reference.com//boxes/CHN/CHN201008080.shtmlProcess 1.352 seconds url: https://www.baseball-reference.com//boxes/DET/DET201008080.shtmlProcess 1.349 seconds url: https://www.baseball-reference.com//boxes/MIL/MIL201008080.shtmlProcess 1.317 seconds url: https://www.baseball-reference.com//boxes/OAK/OAK201008080.shtmlProcess 1.295 seconds url: https://www.baseball-reference.com//boxes/PIT/PIT201008080.shtmlProcess 1.486 seconds url: https://www.baseball-reference.com//boxes/TOR/TOR201008080.shtmlProcess 1.341 seconds url: https://www.baseball-reference.com//boxes/BAL/BAL201008090.shtmlProcess 1.288 seconds url: https://www.baseball-reference.com//boxes/DET/DET201008090.shtmlProcess 1.271 seconds url: https://www.baseball-reference.com//boxes/MIL/MIL201008090.shtmlProcess 1.271 seconds url: https://www.baseball-reference.com//boxes/SEA/SEA201008090.shtmlProcess 1.318 seconds url: https://www.baseball-reference.com//boxes/ANA/ANA201008100.shtmlProcess 1.274 seconds url: https://www.baseball-reference.com//boxes/CIN/CIN201008100.shtmlProcess 1.284 seconds url: https://www.baseball-reference.com//boxes/DET/DET201008100.shtmlProcess 1.271 seconds url: https://www.baseball-reference.com//boxes/MIL/MIL201008100.shtmlProcess 1.278 seconds url: https://www.baseball-reference.com//boxes/PHI/PHI201008100.shtmlProcess 1.361 seconds url: https://www.baseball-reference.com//boxes/SEA/SEA201008100.shtmlProcess 1.353 seconds url: https://www.baseball-reference.com//boxes/TEX/TEX201008100.shtmlProcess 1.367 seconds url: https://www.baseball-reference.com//boxes/WAS/WAS201008100.shtmlProcess 1.354 seconds url: https://www.baseball-reference.com//boxes/CHA/CHA201008110.shtmlProcess 1.32 seconds url: https://www.baseball-reference.com//boxes/CLE/CLE201008110.shtmlProcess 1.374 seconds url: https://www.baseball-reference.com//boxes/HOU/HOU201008110.shtmlProcess 1.335 seconds url: https://www.baseball-reference.com//boxes/NYN/NYN201008110.shtmlProcess 1.321 seconds url: https://www.baseball-reference.com//boxes/SDN/SDN201008110.shtmlProcess 1.263 seconds url: https://www.baseball-reference.com//boxes/SFN/SFN201008110.shtmlProcess 1.268 seconds url: https://www.baseball-reference.com//boxes/TOR/TOR201008110.shtmlProcess 1.331 seconds url: https://www.baseball-reference.com//boxes/CHA/CHA201008120.shtmlProcess 1.307 seconds url: https://www.baseball-reference.com//boxes/KCA/KCA201008120.shtmlProcess 1.287 seconds url: https://www.baseball-reference.com//boxes/NYN/NYN201008120.shtmlProcess 1.285 seconds url: https://www.baseball-reference.com//boxes/SDN/SDN201008120.shtmlProcess 1.349 seconds url: https://www.baseball-reference.com//boxes/TOR/TOR201008120.shtmlProcess 1.273 seconds url: https://www.baseball-reference.com//boxes/ANA/ANA201008130.shtmlProcess 1.271 seconds url: https://www.baseball-reference.com//boxes/CHA/CHA201008130.shtmlProcess 1.276 seconds url: https://www.baseball-reference.com//boxes/CLE/CLE201008130.shtmlProcess 1.285 seconds url: https://www.baseball-reference.com//boxes/HOU/HOU201008130.shtmlProcess 1.343 seconds url: https://www.baseball-reference.com//boxes/MIN/MIN201008130.shtmlProcess 1.321 seconds url: https://www.baseball-reference.com//boxes/SFN/SFN201008130.shtmlProcess 1.312 seconds url: https://www.baseball-reference.com//boxes/TBA/TBA201008130.shtmlProcess 1.266 seconds url: https://www.baseball-reference.com//boxes/WAS/WAS201008130.shtmlProcess 1.274 seconds url: https://www.baseball-reference.com//boxes/ATL/ATL201008140.shtmlProcess 1.315 seconds url: https://www.baseball-reference.com//boxes/CIN/CIN201008140.shtmlProcess 1.363 seconds url: https://www.baseball-reference.com//boxes/COL/COL201008140.shtmlProcess 1.29 seconds url: https://www.baseball-reference.com//boxes/KCA/KCA201008140.shtmlProcess 1.277 seconds url: https://www.baseball-reference.com//boxes/NYN/NYN201008140.shtmlProcess 1.356 seconds url: https://www.baseball-reference.com//boxes/SLN/SLN201008140.shtmlProcess 1.342 seconds url: https://www.baseball-reference.com//boxes/TEX/TEX201008140.shtmlProcess 1.306 seconds url: https://www.baseball-reference.com//boxes/ANA/ANA201008150.shtmlProcess 1.274 seconds url: https://www.baseball-reference.com//boxes/CHA/CHA201008150.shtmlProcess 1.307 seconds url: https://www.baseball-reference.com//boxes/CLE/CLE201008150.shtmlProcess 1.283 seconds url: https://www.baseball-reference.com//boxes/HOU/HOU201008150.shtmlProcess 1.314 seconds url: https://www.baseball-reference.com//boxes/MIN/MIN201008150.shtmlProcess 1.27 seconds url: https://www.baseball-reference.com//boxes/SFN/SFN201008150.shtmlProcess 1.29 seconds url: https://www.baseball-reference.com//boxes/TBA/TBA201008150.shtmlProcess 1.404 seconds url: https://www.baseball-reference.com//boxes/WAS/WAS201008150.shtmlProcess 1.268 seconds url: https://www.baseball-reference.com//boxes/BAL/BAL201008160.shtmlProcess 1.264 seconds url: https://www.baseball-reference.com//boxes/HOU/HOU201008160.shtmlProcess 1.268 seconds url: https://www.baseball-reference.com//boxes/OAK/OAK201008160.shtmlProcess 1.303 seconds url: https://www.baseball-reference.com//boxes/TBA/TBA201008160.shtmlProcess 1.286 seconds url: https://www.baseball-reference.com//boxes/ATL/ATL201008170.shtmlProcess 1.281 seconds url: https://www.baseball-reference.com//boxes/BOS/BOS201008170.shtmlProcess 1.264 seconds url: https://www.baseball-reference.com//boxes/HOU/HOU201008170.shtmlProcess 1.297 seconds url: https://www.baseball-reference.com//boxes/LAN/LAN201008170.shtmlProcess 1.278 seconds url: https://www.baseball-reference.com//boxes/NYA/NYA201008170.shtmlProcess 1.276 seconds url: https://www.baseball-reference.com//boxes/PHI/PHI201008170.shtmlProcess 1.541 seconds url: https://www.baseball-reference.com//boxes/SLN/SLN201008170.shtmlProcess 1.28 seconds url: https://www.baseball-reference.com//boxes/ARI/ARI201008180.shtmlProcess 1.335 seconds url: https://www.baseball-reference.com//boxes/BAL/BAL201008180.shtmlProcess 1.414 seconds url: https://www.baseball-reference.com//boxes/CHN/CHN201008180.shtmlProcess 1.449 seconds url: https://www.baseball-reference.com//boxes/KCA/KCA201008180.shtmlProcess 1.301 seconds url: https://www.baseball-reference.com//boxes/MIN/MIN201008180.shtmlProcess 1.306 seconds url: https://www.baseball-reference.com//boxes/OAK/OAK201008180.shtmlProcess 1.309 seconds url: https://www.baseball-reference.com//boxes/PIT/PIT201008180.shtmlProcess 1.284 seconds url: https://www.baseball-reference.com//boxes/TBA/TBA201008180.shtmlProcess 1.346 seconds url: https://www.baseball-reference.com//boxes/ATL/ATL201008190.shtmlProcess 1.294 seconds url: https://www.baseball-reference.com//boxes/BOS/BOS201008190.shtmlProcess 1.366 seconds url: https://www.baseball-reference.com//boxes/HOU/HOU201008190.shtmlProcess 1.319 seconds url: https://www.baseball-reference.com//boxes/LAN/LAN201008190.shtmlProcess 1.351 seconds url: https://www.baseball-reference.com//boxes/NYA/NYA201008190.shtmlProcess 1.291 seconds url: https://www.baseball-reference.com//boxes/PHI/PHI201008190.shtmlProcess 1.433 seconds url: https://www.baseball-reference.com//boxes/ARI/ARI201008200.shtmlProcess 1.315 seconds url: https://www.baseball-reference.com//boxes/BOS/BOS201008200.shtmlProcess 2.077 seconds url: https://www.baseball-reference.com//boxes/DET/DET201008200.shtmlProcess 1.303 seconds url: https://www.baseball-reference.com//boxes/LAN/LAN201008200.shtmlProcess 1.258 seconds url: https://www.baseball-reference.com//boxes/MIN/MIN201008200.shtmlProcess 1.281 seconds url: https://www.baseball-reference.com//boxes/OAK/OAK201008200.shtmlProcess 1.385 seconds url: https://www.baseball-reference.com//boxes/PIT/PIT201008200.shtmlProcess 2.096 seconds url: https://www.baseball-reference.com//boxes/ARI/ARI201008210.shtmlProcess 1.31 seconds url: https://www.baseball-reference.com//boxes/BOS/BOS201008210.shtmlProcess 1.285 seconds url: https://www.baseball-reference.com//boxes/DET/DET201008210.shtmlProcess 1.296 seconds url: https://www.baseball-reference.com//boxes/KCA/KCA201008211.shtmlProcess 1.297 seconds url: https://www.baseball-reference.com//boxes/LAN/LAN201008210.shtmlProcess 1.3 seconds url: https://www.baseball-reference.com//boxes/MIN/MIN201008210.shtmlProcess 1.803 seconds url: https://www.baseball-reference.com//boxes/OAK/OAK201008210.shtmlProcess 1.3 seconds url: https://www.baseball-reference.com//boxes/PIT/PIT201008210.shtmlProcess 1.364 seconds url: https://www.baseball-reference.com//boxes/ARI/ARI201008220.shtmlProcess 1.297 seconds url: https://www.baseball-reference.com//boxes/BOS/BOS201008220.shtmlProcess 1.279 seconds url: https://www.baseball-reference.com//boxes/DET/DET201008220.shtmlProcess 1.312 seconds url: https://www.baseball-reference.com//boxes/KCA/KCA201008220.shtmlProcess 1.957 seconds url: https://www.baseball-reference.com//boxes/MIL/MIL201008220.shtmlProcess 8.006 seconds url: https://www.baseball-reference.com//boxes/NYA/NYA201008220.shtmlProcess 13.07 seconds url: https://www.baseball-reference.com//boxes/PHI/PHI201008220.shtmlProcess 1.317 seconds url: https://www.baseball-reference.com//boxes/SLN/SLN201008220.shtmlProcess 3.943 seconds url: https://www.baseball-reference.com//boxes/BOS/BOS201008230.shtmlProcess 7.812 seconds url: https://www.baseball-reference.com//boxes/DET/DET201008230.shtmlProcess 10.72 seconds url: https://www.baseball-reference.com//boxes/PIT/PIT201008230.shtmlProcess 12.77 seconds url: https://www.baseball-reference.com//boxes/TEX/TEX201008230.shtmlProcess 3.999 seconds url: https://www.baseball-reference.com//boxes/WAS/WAS201008230.shtmlProcess 7.486 seconds url: https://www.baseball-reference.com//boxes/CHA/CHA201008240.shtmlProcess 17.86 seconds url: https://www.baseball-reference.com//boxes/COL/COL201008240.shtmlTraceback (most recent call last):
/n  File "C:\Anaconda3\lib\site-packages\urllib3\connection.py", line 159, in _new_conn
    (self._dns_host, self.port), self.timeout, **extra_kw)
/n  File "C:\Anaconda3\lib\site-packages\urllib3\util\connection.py", line 57, in create_connection
    for res in socket.getaddrinfo(host, port, family, socket.SOCK_STREAM):
/n  File "C:\Anaconda3\lib\socket.py", line 748, in getaddrinfo
    for res in _socket.getaddrinfo(host, port, family, type, proto, flags):
/nsocket.gaierror: [Errno 11001] getaddrinfo failed
/n
During handling of the above exception, another exception occurred:

/nTraceback (most recent call last):
/n  File "C:\Anaconda3\lib\site-packages\urllib3\connectionpool.py", line 600, in urlopen
    chunked=chunked)
/n  File "C:\Anaconda3\lib\site-packages\urllib3\connectionpool.py", line 343, in _make_request
    self._validate_conn(conn)
/n  File "C:\Anaconda3\lib\site-packages\urllib3\connectionpool.py", line 839, in _validate_conn
    conn.connect()
/n  File "C:\Anaconda3\lib\site-packages\urllib3\connection.py", line 301, in connect
    conn = self._new_conn()
/n  File "C:\Anaconda3\lib\site-packages\urllib3\connection.py", line 168, in _new_conn
    self, "Failed to establish a new connection: %s" % e)
/nurllib3.exceptions.NewConnectionError: <urllib3.connection.VerifiedHTTPSConnection object at 0x07F89070>: Failed to establish a new connection: [Errno 11001] getaddrinfo failed
/n
During handling of the above exception, another exception occurred:

/nTraceback (most recent call last):
/n  File "C:\Anaconda3\lib\site-packages\requests\adapters.py", line 449, in send
    timeout=timeout
/n  File "C:\Anaconda3\lib\site-packages\urllib3\connectionpool.py", line 638, in urlopen
    _stacktrace=sys.exc_info()[2])
/n  File "C:\Anaconda3\lib\site-packages\urllib3\util\retry.py", line 398, in increment
    raise MaxRetryError(_pool, url, error or ResponseError(cause))
/nurllib3.exceptions.MaxRetryError: HTTPSConnectionPool(host='www.baseball-reference.com', port=443): Max retries exceeded with url: //boxes/MIL/MIL201008240.shtml (Caused by NewConnectionError('<urllib3.connection.VerifiedHTTPSConnection object at 0x07F89070>: Failed to establish a new connection: [Errno 11001] getaddrinfo failed'))
/n
During handling of the above exception, another exception occurred:

/nTraceback (most recent call last):
/n  File "<ipython-input-1-f87164c95adc>", line 105, in load_mlb_games
    reps = requests.get(link)
/n  File "C:\Anaconda3\lib\site-packages\requests\api.py", line 75, in get
    return request('get', url, params=params, **kwargs)
/n  File "C:\Anaconda3\lib\site-packages\requests\api.py", line 60, in request
    return session.request(method=method, url=url, **kwargs)
/n  File "C:\Anaconda3\lib\site-packages\requests\sessions.py", line 533, in request
    resp = self.send(prep, **send_kwargs)
/n  File "C:\Anaconda3\lib\site-packages\requests\sessions.py", line 646, in send
    r = adapter.send(request, **kwargs)
/n  File "C:\Anaconda3\lib\site-packages\requests\adapters.py", line 516, in send
    raise ConnectionError(e, request=request)
/nrequests.exceptions.ConnectionError: HTTPSConnectionPool(host='www.baseball-reference.com', port=443): Max retries exceeded with url: //boxes/MIL/MIL201008240.shtml (Caused by NewConnectionError('<urllib3.connection.VerifiedHTTPSConnection object at 0x07F89070>: Failed to establish a new connection: [Errno 11001] getaddrinfo failed'))
/nTraceback (most recent call last):
/n  File "C:\Anaconda3\lib\site-packages\urllib3\connection.py", line 159, in _new_conn
    (self._dns_host, self.port), self.timeout, **extra_kw)
/n  File "C:\Anaconda3\lib\site-packages\urllib3\util\connection.py", line 57, in create_connection
    for res in socket.getaddrinfo(host, port, family, socket.SOCK_STREAM):
/n  File "C:\Anaconda3\lib\socket.py", line 748, in getaddrinfo
    for res in _socket.getaddrinfo(host, port, family, type, proto, flags):
/nsocket.gaierror: [Errno 11001] getaddrinfo failed
/n
During handling of the above exception, another exception occurred:

/nTraceback (most recent call last):
/n  File "C:\Anaconda3\lib\site-packages\urllib3\connectionpool.py", line 600, in urlopen
    chunked=chunked)
/n  File "C:\Anaconda3\lib\site-packages\urllib3\connectionpool.py", line 343, in _make_request
    self._validate_conn(conn)
/n  File "C:\Anaconda3\lib\site-packages\urllib3\connectionpool.py", line 839, in _validate_conn
    conn.connect()
/n  File "C:\Anaconda3\lib\site-packages\urllib3\connection.py", line 301, in connect
    conn = self._new_conn()
/n  File "C:\Anaconda3\lib\site-packages\urllib3\connection.py", line 168, in _new_conn
    self, "Failed to establish a new connection: %s" % e)
/nurllib3.exceptions.NewConnectionError: <urllib3.connection.VerifiedHTTPSConnection object at 0x07F74290>: Failed to establish a new connection: [Errno 11001] getaddrinfo failed
/n
During handling of the above exception, another exception occurred:

/nTraceback (most recent call last):
/n  File "C:\Anaconda3\lib\site-packages\requests\adapters.py", line 449, in send
    timeout=timeout
/n  File "C:\Anaconda3\lib\site-packages\urllib3\connectionpool.py", line 638, in urlopen
    _stacktrace=sys.exc_info()[2])
/n  File "C:\Anaconda3\lib\site-packages\urllib3\util\retry.py", line 398, in increment
    raise MaxRetryError(_pool, url, error or ResponseError(cause))
/nurllib3.exceptions.MaxRetryError: HTTPSConnectionPool(host='www.baseball-reference.com', port=443): Max retries exceeded with url: //boxes/PHI/PHI201008240.shtml (Caused by NewConnectionError('<urllib3.connection.VerifiedHTTPSConnection object at 0x07F74290>: Failed to establish a new connection: [Errno 11001] getaddrinfo failed'))
/n
During handling of the above exception, another exception occurred:

/nTraceback (most recent call last):
/n  File "<ipython-input-1-f87164c95adc>", line 105, in load_mlb_games
    reps = requests.get(link)
/n  File "C:\Anaconda3\lib\site-packages\requests\api.py", line 75, in get
    return request('get', url, params=params, **kwargs)
/n  File "C:\Anaconda3\lib\site-packages\requests\api.py", line 60, in request
    return session.request(method=method, url=url, **kwargs)
/n  File "C:\Anaconda3\lib\site-packages\requests\sessions.py", line 533, in request
    resp = self.send(prep, **send_kwargs)
/n  File "C:\Anaconda3\lib\site-packages\requests\sessions.py", line 646, in send
    r = adapter.send(request, **kwargs)
/n  File "C:\Anaconda3\lib\site-packages\requests\adapters.py", line 516, in send
    raise ConnectionError(e, request=request)
/nrequests.exceptions.ConnectionError: HTTPSConnectionPool(host='www.baseball-reference.com', port=443): Max retries exceeded with url: //boxes/PHI/PHI201008240.shtml (Caused by NewConnectionError('<urllib3.connection.VerifiedHTTPSConnection object at 0x07F74290>: Failed to establish a new connection: [Errno 11001] getaddrinfo failed'))
/nTraceback (most recent call last):
/n  File "C:\Anaconda3\lib\site-packages\urllib3\connection.py", line 159, in _new_conn
    (self._dns_host, self.port), self.timeout, **extra_kw)
/n  File "C:\Anaconda3\lib\site-packages\urllib3\util\connection.py", line 57, in create_connection
    for res in socket.getaddrinfo(host, port, family, socket.SOCK_STREAM):
/n  File "C:\Anaconda3\lib\socket.py", line 748, in getaddrinfo
    for res in _socket.getaddrinfo(host, port, family, type, proto, flags):
/nsocket.gaierror: [Errno 11001] getaddrinfo failed
/n
During handling of the above exception, another exception occurred:

/nTraceback (most recent call last):
/n  File "C:\Anaconda3\lib\site-packages\urllib3\connectionpool.py", line 600, in urlopen
    chunked=chunked)
/n  File "C:\Anaconda3\lib\site-packages\urllib3\connectionpool.py", line 343, in _make_request
    self._validate_conn(conn)
/n  File "C:\Anaconda3\lib\site-packages\urllib3\connectionpool.py", line 839, in _validate_conn
    conn.connect()
/n  File "C:\Anaconda3\lib\site-packages\urllib3\connection.py", line 301, in connect
    conn = self._new_conn()
/n  File "C:\Anaconda3\lib\site-packages\urllib3\connection.py", line 168, in _new_conn
    self, "Failed to establish a new connection: %s" % e)
/nurllib3.exceptions.NewConnectionError: <urllib3.connection.VerifiedHTTPSConnection object at 0x07EC7990>: Failed to establish a new connection: [Errno 11001] getaddrinfo failed
/n
During handling of the above exception, another exception occurred:

/nTraceback (most recent call last):
/n  File "C:\Anaconda3\lib\site-packages\requests\adapters.py", line 449, in send
    timeout=timeout
/n  File "C:\Anaconda3\lib\site-packages\urllib3\connectionpool.py", line 638, in urlopen
    _stacktrace=sys.exc_info()[2])
/n  File "C:\Anaconda3\lib\site-packages\urllib3\util\retry.py", line 398, in increment
    raise MaxRetryError(_pool, url, error or ResponseError(cause))
/nurllib3.exceptions.MaxRetryError: HTTPSConnectionPool(host='www.baseball-reference.com', port=443): Max retries exceeded with url: //boxes/SDN/SDN201008240.shtml (Caused by NewConnectionError('<urllib3.connection.VerifiedHTTPSConnection object at 0x07EC7990>: Failed to establish a new connection: [Errno 11001] getaddrinfo failed'))
/n
During handling of the above exception, another exception occurred:

/nTraceback (most recent call last):
/n  File "<ipython-input-1-f87164c95adc>", line 105, in load_mlb_games
    reps = requests.get(link)
/n  File "C:\Anaconda3\lib\site-packages\requests\api.py", line 75, in get
    return request('get', url, params=params, **kwargs)
/n  File "C:\Anaconda3\lib\site-packages\requests\api.py", line 60, in request
    return session.request(method=method, url=url, **kwargs)
/n  File "C:\Anaconda3\lib\site-packages\requests\sessions.py", line 533, in request
    resp = self.send(prep, **send_kwargs)
/n  File "C:\Anaconda3\lib\site-packages\requests\sessions.py", line 646, in send
    r = adapter.send(request, **kwargs)
/n  File "C:\Anaconda3\lib\site-packages\requests\adapters.py", line 516, in send
    raise ConnectionError(e, request=request)
/nrequests.exceptions.ConnectionError: HTTPSConnectionPool(host='www.baseball-reference.com', port=443): Max retries exceeded with url: //boxes/SDN/SDN201008240.shtml (Caused by NewConnectionError('<urllib3.connection.VerifiedHTTPSConnection object at 0x07EC7990>: Failed to establish a new connection: [Errno 11001] getaddrinfo failed'))
/nTraceback (most recent call last):
/n  File "C:\Anaconda3\lib\site-packages\urllib3\connection.py", line 159, in _new_conn
    (self._dns_host, self.port), self.timeout, **extra_kw)
/n  File "C:\Anaconda3\lib\site-packages\urllib3\util\connection.py", line 57, in create_connection
    for res in socket.getaddrinfo(host, port, family, socket.SOCK_STREAM):
/n  File "C:\Anaconda3\lib\socket.py", line 748, in getaddrinfo
    for res in _socket.getaddrinfo(host, port, family, type, proto, flags):
/nsocket.gaierror: [Errno 11001] getaddrinfo failed
/n
During handling of the above exception, another exception occurred:

/nTraceback (most recent call last):
/n  File "C:\Anaconda3\lib\site-packages\urllib3\connectionpool.py", line 600, in urlopen
    chunked=chunked)
/n  File "C:\Anaconda3\lib\site-packages\urllib3\connectionpool.py", line 343, in _make_request
    self._validate_conn(conn)
/n  File "C:\Anaconda3\lib\site-packages\urllib3\connectionpool.py", line 839, in _validate_conn
    conn.connect()
/n  File "C:\Anaconda3\lib\site-packages\urllib3\connection.py", line 301, in connect
    conn = self._new_conn()
/n  File "C:\Anaconda3\lib\site-packages\urllib3\connection.py", line 168, in _new_conn
    self, "Failed to establish a new connection: %s" % e)
/nurllib3.exceptions.NewConnectionError: <urllib3.connection.VerifiedHTTPSConnection object at 0x078D83D0>: Failed to establish a new connection: [Errno 11001] getaddrinfo failed
/n
During handling of the above exception, another exception occurred:

/nTraceback (most recent call last):
/n  File "C:\Anaconda3\lib\site-packages\requests\adapters.py", line 449, in send
    timeout=timeout
/n  File "C:\Anaconda3\lib\site-packages\urllib3\connectionpool.py", line 638, in urlopen
    _stacktrace=sys.exc_info()[2])
/n  File "C:\Anaconda3\lib\site-packages\urllib3\util\retry.py", line 398, in increment
    raise MaxRetryError(_pool, url, error or ResponseError(cause))
/nurllib3.exceptions.MaxRetryError: HTTPSConnectionPool(host='www.baseball-reference.com', port=443): Max retries exceeded with url: //boxes/TEX/TEX201008240.shtml (Caused by NewConnectionError('<urllib3.connection.VerifiedHTTPSConnection object at 0x078D83D0>: Failed to establish a new connection: [Errno 11001] getaddrinfo failed'))
/n
During handling of the above exception, another exception occurred:

/nTraceback (most recent call last):
/n  File "<ipython-input-1-f87164c95adc>", line 105, in load_mlb_games
    reps = requests.get(link)
/n  File "C:\Anaconda3\lib\site-packages\requests\api.py", line 75, in get
    return request('get', url, params=params, **kwargs)
/n  File "C:\Anaconda3\lib\site-packages\requests\api.py", line 60, in request
    return session.request(method=method, url=url, **kwargs)
/n  File "C:\Anaconda3\lib\site-packages\requests\sessions.py", line 533, in request
    resp = self.send(prep, **send_kwargs)
/n  File "C:\Anaconda3\lib\site-packages\requests\sessions.py", line 646, in send
    r = adapter.send(request, **kwargs)
/n  File "C:\Anaconda3\lib\site-packages\requests\adapters.py", line 516, in send
    raise ConnectionError(e, request=request)
/nrequests.exceptions.ConnectionError: HTTPSConnectionPool(host='www.baseball-reference.com', port=443): Max retries exceeded with url: //boxes/TEX/TEX201008240.shtml (Caused by NewConnectionError('<urllib3.connection.VerifiedHTTPSConnection object at 0x078D83D0>: Failed to establish a new connection: [Errno 11001] getaddrinfo failed'))
/nTraceback (most recent call last):
/n  File "C:\Anaconda3\lib\site-packages\urllib3\connection.py", line 159, in _new_conn
    (self._dns_host, self.port), self.timeout, **extra_kw)
/n  File "C:\Anaconda3\lib\site-packages\urllib3\util\connection.py", line 57, in create_connection
    for res in socket.getaddrinfo(host, port, family, socket.SOCK_STREAM):
/n  File "C:\Anaconda3\lib\socket.py", line 748, in getaddrinfo
    for res in _socket.getaddrinfo(host, port, family, type, proto, flags):
/nsocket.gaierror: [Errno 11001] getaddrinfo failed
/n
During handling of the above exception, another exception occurred:

/nTraceback (most recent call last):
/n  File "C:\Anaconda3\lib\site-packages\urllib3\connectionpool.py", line 600, in urlopen
    chunked=chunked)
/n  File "C:\Anaconda3\lib\site-packages\urllib3\connectionpool.py", line 343, in _make_request
    self._validate_conn(conn)
/n  File "C:\Anaconda3\lib\site-packages\urllib3\connectionpool.py", line 839, in _validate_conn
    conn.connect()
/n  File "C:\Anaconda3\lib\site-packages\urllib3\connection.py", line 301, in connect
    conn = self._new_conn()
/n  File "C:\Anaconda3\lib\site-packages\urllib3\connection.py", line 168, in _new_conn
    self, "Failed to establish a new connection: %s" % e)
/nurllib3.exceptions.NewConnectionError: <urllib3.connection.VerifiedHTTPSConnection object at 0x07F89570>: Failed to establish a new connection: [Errno 11001] getaddrinfo failed
/n
During handling of the above exception, another exception occurred:

/nTraceback (most recent call last):
/n  File "C:\Anaconda3\lib\site-packages\requests\adapters.py", line 449, in send
    timeout=timeout
/n  File "C:\Anaconda3\lib\site-packages\urllib3\connectionpool.py", line 638, in urlopen
    _stacktrace=sys.exc_info()[2])
/n  File "C:\Anaconda3\lib\site-packages\urllib3\util\retry.py", line 398, in increment
    raise MaxRetryError(_pool, url, error or ResponseError(cause))
/nurllib3.exceptions.MaxRetryError: HTTPSConnectionPool(host='www.baseball-reference.com', port=443): Max retries exceeded with url: //boxes/WAS/WAS201008240.shtml (Caused by NewConnectionError('<urllib3.connection.VerifiedHTTPSConnection object at 0x07F89570>: Failed to establish a new connection: [Errno 11001] getaddrinfo failed'))
/n
During handling of the above exception, another exception occurred:

/nTraceback (most recent call last):
/n  File "<ipython-input-1-f87164c95adc>", line 105, in load_mlb_games
    reps = requests.get(link)
/n  File "C:\Anaconda3\lib\site-packages\requests\api.py", line 75, in get
    return request('get', url, params=params, **kwargs)
/n  File "C:\Anaconda3\lib\site-packages\requests\api.py", line 60, in request
    return session.request(method=method, url=url, **kwargs)
/n  File "C:\Anaconda3\lib\site-packages\requests\sessions.py", line 533, in request
    resp = self.send(prep, **send_kwargs)
/n  File "C:\Anaconda3\lib\site-packages\requests\sessions.py", line 646, in send
    r = adapter.send(request, **kwargs)
/n  File "C:\Anaconda3\lib\site-packages\requests\adapters.py", line 516, in send
    raise ConnectionError(e, request=request)
/nrequests.exceptions.ConnectionError: HTTPSConnectionPool(host='www.baseball-reference.com', port=443): Max retries exceeded with url: //boxes/WAS/WAS201008240.shtml (Caused by NewConnectionError('<urllib3.connection.VerifiedHTTPSConnection object at 0x07F89570>: Failed to establish a new connection: [Errno 11001] getaddrinfo failed'))
/nProcess 2.929 seconds url: https://www.baseball-reference.com//boxes/BOS/BOS201008251.shtmlProcess 1.255 seconds url: https://www.baseball-reference.com//boxes/CHA/CHA201008250.shtmlProcess 18.58 seconds url: https://www.baseball-reference.com//boxes/COL/COL201008250.shtmlProcess 8.447 seconds url: https://www.baseball-reference.com//boxes/MIL/MIL201008250.shtmlProcess 14.13 seconds url: https://www.baseball-reference.com//boxes/PHI/PHI201008250.shtmlProcess 9.27 seconds url: https://www.baseball-reference.com//boxes/SDN/SDN201008250.shtmlProcess 8.255 seconds url: https://www.baseball-reference.com//boxes/TEX/TEX201008250.shtmlProcess 15.01 seconds url: https://www.baseball-reference.com//boxes/WAS/WAS201008250.shtmlProcess 7.85 seconds url: https://www.baseball-reference.com//boxes/CLE/CLE201008260.shtmlProcess 5.341 seconds url: https://www.baseball-reference.com//boxes/NYN/NYN201008260.shtmlProcess 10.05 seconds url: https://www.baseball-reference.com//boxes/SDN/SDN201008260.shtmlProcess 10.07 seconds url: https://www.baseball-reference.com//boxes/TOR/TOR201008260.shtmlProcess 14.89 seconds url: https://www.baseball-reference.com//boxes/ANA/ANA201008270.shtmlProcess 7.499 seconds url: https://www.baseball-reference.com//boxes/CHA/CHA201008270.shtmlProcess 9.429 seconds url: https://www.baseball-reference.com//boxes/CLE/CLE201008270.shtmlProcess 12.01 seconds url: https://www.baseball-reference.com//boxes/MIL/MIL201008270.shtmlProcess 1.322 seconds url: https://www.baseball-reference.com//boxes/SDN/SDN201008270.shtmlProcess 1.318 seconds url: https://www.baseball-reference.com//boxes/SFN/SFN201008270.shtmlProcess 1.349 seconds url: https://www.baseball-reference.com//boxes/TEX/TEX201008270.shtmlProcess 1.285 seconds url: https://www.baseball-reference.com//boxes/WAS/WAS201008270.shtmlProcess 1.308 seconds url: https://www.baseball-reference.com//boxes/ATL/ATL201008280.shtmlProcess 1.257 seconds url: https://www.baseball-reference.com//boxes/CIN/CIN201008280.shtmlProcess 1.353 seconds url: https://www.baseball-reference.com//boxes/COL/COL201008280.shtmlProcess 1.328 seconds url: https://www.baseball-reference.com//boxes/NYN/NYN201008280.shtmlProcess 1.261 seconds url: https://www.baseball-reference.com//boxes/SEA/SEA201008280.shtmlProcess 1.272 seconds url: https://www.baseball-reference.com//boxes/TBA/TBA201008280.shtmlProcess 1.332 seconds url: https://www.baseball-reference.com//boxes/TOR/TOR201008280.shtmlProcess 1.326 seconds url: https://www.baseball-reference.com//boxes/ANA/ANA201008290.shtmlProcess 1.377 seconds url: https://www.baseball-reference.com//boxes/CHA/CHA201008290.shtmlProcess 1.268 seconds url: https://www.baseball-reference.com//boxes/CLE/CLE201008290.shtmlProcess 1.273 seconds url: https://www.baseball-reference.com//boxes/MIL/MIL201008290.shtmlProcess 1.394 seconds url: https://www.baseball-reference.com//boxes/SDN/SDN201008290.shtmlProcess 1.367 seconds url: https://www.baseball-reference.com//boxes/SFN/SFN201008290.shtmlProcess 1.333 seconds url: https://www.baseball-reference.com//boxes/TEX/TEX201008290.shtmlProcess 1.312 seconds url: https://www.baseball-reference.com//boxes/WAS/WAS201008290.shtmlProcess 1.263 seconds url: https://www.baseball-reference.com//boxes/ATL/ATL201008300.shtmlProcess 1.344 seconds url: https://www.baseball-reference.com//boxes/CIN/CIN201008300.shtmlProcess 1.331 seconds url: https://www.baseball-reference.com//boxes/FLO/FLO201008300.shtmlProcess 1.273 seconds url: https://www.baseball-reference.com//boxes/KCA/KCA201008300.shtmlProcess 1.337 seconds url: https://www.baseball-reference.com//boxes/NYA/NYA201008300.shtmlProcess 1.313 seconds url: https://www.baseball-reference.com//boxes/SFN/SFN201008300.shtmlProcess 1.385 seconds url: https://www.baseball-reference.com//boxes/ARI/ARI201008310.shtmlProcess 1.308 seconds url: https://www.baseball-reference.com//boxes/BAL/BAL201008310.shtmlProcess 1.32 seconds url: https://www.baseball-reference.com//boxes/CIN/CIN201008310.shtmlProcess 1.25 seconds url: https://www.baseball-reference.com//boxes/FLO/FLO201008310.shtmlProcess 1.27 seconds url: https://www.baseball-reference.com//boxes/KCA/KCA201008310.shtmlProcess 1.27 seconds url: https://www.baseball-reference.com//boxes/MIN/MIN201008310.shtmlProcess 1.373 seconds url: https://www.baseball-reference.com//boxes/SEA/SEA201008310.shtmlProcess 1.265 seconds url: https://www.baseball-reference.com//boxes/TBA/TBA201008310.shtmlProcess 1.281 seconds url: https://www.baseball-reference.com//boxes/ATL/ATL201009010.shtmlProcess 1.366 seconds url: https://www.baseball-reference.com//boxes/CHN/CHN201009010.shtmlProcess 1.343 seconds url: https://www.baseball-reference.com//boxes/CLE/CLE201009010.shtmlProcess 1.273 seconds url: https://www.baseball-reference.com//boxes/HOU/HOU201009010.shtmlProcess 1.328 seconds url: https://www.baseball-reference.com//boxes/LAN/LAN201009010.shtmlProcess 1.285 seconds url: https://www.baseball-reference.com//boxes/NYA/NYA201009010.shtmlProcess 1.262 seconds url: https://www.baseball-reference.com//boxes/SFN/SFN201009010.shtmlProcess 1.277 seconds url: https://www.baseball-reference.com//boxes/ATL/ATL201009020.shtmlProcess 1.271 seconds url: https://www.baseball-reference.com//boxes/COL/COL201009020.shtmlProcess 1.277 seconds url: https://www.baseball-reference.com//boxes/NYA/NYA201009020.shtmlProcess 1.287 seconds url: https://www.baseball-reference.com//boxes/ARI/ARI201009030.shtmlProcess 1.371 seconds url: https://www.baseball-reference.com//boxes/CHN/CHN201009030.shtmlProcess 1.329 seconds url: https://www.baseball-reference.com//boxes/KCA/KCA201009030.shtmlProcess 1.334 seconds url: https://www.baseball-reference.com//boxes/MIN/MIN201009030.shtmlProcess 1.303 seconds url: https://www.baseball-reference.com//boxes/OAK/OAK201009030.shtmlProcess 1.502 seconds url: https://www.baseball-reference.com//boxes/PIT/PIT201009030.shtmlProcess 1.318 seconds url: https://www.baseball-reference.com//boxes/SEA/SEA201009030.shtmlProcess 1.263 seconds url: https://www.baseball-reference.com//boxes/ARI/ARI201009040.shtmlProcess 1.32 seconds url: https://www.baseball-reference.com//boxes/BOS/BOS201009041.shtmlProcess 1.285 seconds url: https://www.baseball-reference.com//boxes/CHN/CHN201009040.shtmlProcess 1.333 seconds url: https://www.baseball-reference.com//boxes/KCA/KCA201009040.shtmlProcess 1.268 seconds url: https://www.baseball-reference.com//boxes/MIN/MIN201009040.shtmlProcess 1.288 seconds url: https://www.baseball-reference.com//boxes/OAK/OAK201009040.shtmlProcess 1.281 seconds url: https://www.baseball-reference.com//boxes/PIT/PIT201009040.shtmlProcess 1.34 seconds url: https://www.baseball-reference.com//boxes/SEA/SEA201009040.shtmlProcess 1.371 seconds url: https://www.baseball-reference.com//boxes/ARI/ARI201009050.shtmlProcess 1.287 seconds url: https://www.baseball-reference.com//boxes/BOS/BOS201009050.shtmlProcess 1.276 seconds url: https://www.baseball-reference.com//boxes/FLO/FLO201009050.shtmlProcess 1.376 seconds url: https://www.baseball-reference.com//boxes/LAN/LAN201009050.shtmlProcess 1.306 seconds url: https://www.baseball-reference.com//boxes/NYA/NYA201009050.shtmlProcess 1.324 seconds url: https://www.baseball-reference.com//boxes/PHI/PHI201009050.shtmlProcess 1.266 seconds url: https://www.baseball-reference.com//boxes/SDN/SDN201009050.shtmlProcess 1.331 seconds url: https://www.baseball-reference.com//boxes/SLN/SLN201009050.shtmlProcess 1.28 seconds url: https://www.baseball-reference.com//boxes/ARI/ARI201009060.shtmlProcess 1.344 seconds url: https://www.baseball-reference.com//boxes/CHN/CHN201009060.shtmlProcess 1.357 seconds url: https://www.baseball-reference.com//boxes/DET/DET201009060.shtmlProcess 1.355 seconds url: https://www.baseball-reference.com//boxes/MIN/MIN201009060.shtmlProcess 1.344 seconds url: https://www.baseball-reference.com//boxes/OAK/OAK201009060.shtmlProcess 1.278 seconds url: https://www.baseball-reference.com//boxes/PHI/PHI201009062.shtmlProcess 1.271 seconds url: https://www.baseball-reference.com//boxes/SDN/SDN201009060.shtmlProcess 1.275 seconds url: https://www.baseball-reference.com//boxes/WAS/WAS201009060.shtmlProcess 1.282 seconds url: https://www.baseball-reference.com//boxes/ARI/ARI201009070.shtmlProcess 1.396 seconds url: https://www.baseball-reference.com//boxes/CHN/CHN201009070.shtmlProcess 1.296 seconds url: https://www.baseball-reference.com//boxes/DET/DET201009070.shtmlProcess 1.264 seconds url: https://www.baseball-reference.com//boxes/MIN/MIN201009070.shtmlProcess 1.305 seconds url: https://www.baseball-reference.com//boxes/OAK/OAK201009070.shtmlProcess 1.418 seconds url: https://www.baseball-reference.com//boxes/PIT/PIT201009070.shtmlProcess 1.357 seconds url: https://www.baseball-reference.com//boxes/TOR/TOR201009070.shtmlProcess 1.274 seconds url: https://www.baseball-reference.com//boxes/ANA/ANA201009080.shtmlProcess 1.276 seconds url: https://www.baseball-reference.com//boxes/BOS/BOS201009080.shtmlProcess 1.32 seconds url: https://www.baseball-reference.com//boxes/COL/COL201009080.shtmlProcess 1.274 seconds url: https://www.baseball-reference.com//boxes/MIL/MIL201009080.shtmlProcess 1.278 seconds url: https://www.baseball-reference.com//boxes/NYA/NYA201009080.shtmlProcess 1.272 seconds url: https://www.baseball-reference.com//boxes/PHI/PHI201009080.shtmlProcess 1.283 seconds url: https://www.baseball-reference.com//boxes/SDN/SDN201009080.shtmlProcess 1.308 seconds url: https://www.baseball-reference.com//boxes/WAS/WAS201009080.shtmlProcess 1.352 seconds url: https://www.baseball-reference.com//boxes/COL/COL201009090.shtmlProcess 1.268 seconds url: https://www.baseball-reference.com//boxes/HOU/HOU201009090.shtmlProcess 1.261 seconds url: https://www.baseball-reference.com//boxes/TOR/TOR201009090.shtmlProcess 1.282 seconds url: https://www.baseball-reference.com//boxes/ATL/ATL201009100.shtmlProcess 1.291 seconds url: https://www.baseball-reference.com//boxes/CIN/CIN201009100.shtmlProcess 1.333 seconds url: https://www.baseball-reference.com//boxes/COL/COL201009100.shtmlProcess 1.321 seconds url: https://www.baseball-reference.com//boxes/HOU/HOU201009100.shtmlProcess 1.265 seconds url: https://www.baseball-reference.com//boxes/NYN/NYN201009100.shtmlProcess 1.346 seconds url: https://www.baseball-reference.com//boxes/SDN/SDN201009100.shtmlProcess 1.441 seconds url: https://www.baseball-reference.com//boxes/TOR/TOR201009100.shtmlProcess 1.291 seconds url: https://www.baseball-reference.com//boxes/ANA/ANA201009110.shtmlProcess 1.263 seconds url: https://www.baseball-reference.com//boxes/CHA/CHA201009110.shtmlProcess 1.508 seconds url: https://www.baseball-reference.com//boxes/CLE/CLE201009110.shtmlProcess 1.355 seconds url: https://www.baseball-reference.com//boxes/DET/DET201009110.shtmlProcess 1.356 seconds url: https://www.baseball-reference.com//boxes/MIL/MIL201009110.shtmlProcess 1.343 seconds url: https://www.baseball-reference.com//boxes/OAK/OAK201009110.shtmlProcess 1.277 seconds url: https://www.baseball-reference.com//boxes/TEX/TEX201009110.shtmlProcess 1.329 seconds url: https://www.baseball-reference.com//boxes/WAS/WAS201009110.shtmlProcess 1.264 seconds url: https://www.baseball-reference.com//boxes/ATL/ATL201009120.shtmlProcess 1.285 seconds url: https://www.baseball-reference.com//boxes/CIN/CIN201009120.shtmlProcess 1.494 seconds url: https://www.baseball-reference.com//boxes/COL/COL201009120.shtmlProcess 1.291 seconds url: https://www.baseball-reference.com//boxes/HOU/HOU201009120.shtmlProcess 1.386 seconds url: https://www.baseball-reference.com//boxes/NYN/NYN201009120.shtmlProcess 1.283 seconds url: https://www.baseball-reference.com//boxes/SDN/SDN201009120.shtmlProcess 1.355 seconds url: https://www.baseball-reference.com//boxes/TOR/TOR201009120.shtmlProcess 1.297 seconds url: https://www.baseball-reference.com//boxes/ATL/ATL201009130.shtmlProcess 1.369 seconds url: https://www.baseball-reference.com//boxes/CIN/CIN201009130.shtmlProcess 1.266 seconds url: https://www.baseball-reference.com//boxes/FLO/FLO201009130.shtmlProcess 1.324 seconds url: https://www.baseball-reference.com//boxes/KCA/KCA201009130.shtmlProcess 1.341 seconds url: https://www.baseball-reference.com//boxes/SEA/SEA201009130.shtmlProcess 1.287 seconds url: https://www.baseball-reference.com//boxes/TBA/TBA201009130.shtmlProcess 1.393 seconds url: https://www.baseball-reference.com//boxes/BAL/BAL201009140.shtmlProcess 1.266 seconds url: https://www.baseball-reference.com//boxes/CIN/CIN201009140.shtmlProcess 1.261 seconds url: https://www.baseball-reference.com//boxes/COL/COL201009140.shtmlProcess 1.258 seconds url: https://www.baseball-reference.com//boxes/HOU/HOU201009140.shtmlProcess 1.297 seconds url: https://www.baseball-reference.com//boxes/NYN/NYN201009140.shtmlProcess 1.271 seconds url: https://www.baseball-reference.com//boxes/SFN/SFN201009140.shtmlProcess 1.271 seconds url: https://www.baseball-reference.com//boxes/TBA/TBA201009140.shtmlProcess 1.307 seconds url: https://www.baseball-reference.com//boxes/ATL/ATL201009150.shtmlProcess 1.333 seconds url: https://www.baseball-reference.com//boxes/CHA/CHA201009150.shtmlProcess 1.313 seconds url: https://www.baseball-reference.com//boxes/CLE/CLE201009150.shtmlProcess 1.312 seconds url: https://www.baseball-reference.com//boxes/FLO/FLO201009150.shtmlProcess 1.292 seconds url: https://www.baseball-reference.com//boxes/KCA/KCA201009150.shtmlProcess 1.316 seconds url: https://www.baseball-reference.com//boxes/SEA/SEA201009150.shtmlProcess 1.296 seconds url: https://www.baseball-reference.com//boxes/SLN/SLN201009150.shtmlProcess 1.276 seconds url: https://www.baseball-reference.com//boxes/TEX/TEX201009150.shtmlProcess 1.263 seconds url: https://www.baseball-reference.com//boxes/CIN/CIN201009160.shtmlProcess 1.32 seconds url: https://www.baseball-reference.com//boxes/NYN/NYN201009160.shtmlProcess 1.332 seconds url: https://www.baseball-reference.com//boxes/SLN/SLN201009160.shtmlProcess 1.269 seconds url: https://www.baseball-reference.com//boxes/BOS/BOS201009170.shtmlProcess 1.296 seconds url: https://www.baseball-reference.com//boxes/FLO/FLO201009170.shtmlProcess 1.36 seconds url: https://www.baseball-reference.com//boxes/KCA/KCA201009170.shtmlProcess 1.288 seconds url: https://www.baseball-reference.com//boxes/MIN/MIN201009170.shtmlProcess 1.914 seconds url: https://www.baseball-reference.com//boxes/PHI/PHI201009170.shtmlProcess 1.366 seconds url: https://www.baseball-reference.com//boxes/SEA/SEA201009170.shtmlProcess 1.309 seconds url: https://www.baseball-reference.com//boxes/SLN/SLN201009170.shtmlProcess 1.429 seconds url: https://www.baseball-reference.com//boxes/BAL/BAL201009180.shtmlProcess 1.262 seconds url: https://www.baseball-reference.com//boxes/CHA/CHA201009180.shtmlProcess 1.263 seconds url: https://www.baseball-reference.com//boxes/HOU/HOU201009180.shtmlProcess 1.326 seconds url: https://www.baseball-reference.com//boxes/LAN/LAN201009180.shtmlProcess 1.302 seconds url: https://www.baseball-reference.com//boxes/NYN/NYN201009180.shtmlProcess 1.276 seconds url: https://www.baseball-reference.com//boxes/PIT/PIT201009180.shtmlProcess 1.32 seconds url: https://www.baseball-reference.com//boxes/SFN/SFN201009180.shtmlProcess 1.286 seconds url: https://www.baseball-reference.com//boxes/TBA/TBA201009180.shtmlProcess 1.281 seconds url: https://www.baseball-reference.com//boxes/BOS/BOS201009190.shtmlProcess 1.333 seconds url: https://www.baseball-reference.com//boxes/FLO/FLO201009190.shtmlProcess 1.267 seconds url: https://www.baseball-reference.com//boxes/KCA/KCA201009190.shtmlProcess 1.713 seconds url: https://www.baseball-reference.com//boxes/MIN/MIN201009190.shtmlProcess 1.363 seconds url: https://www.baseball-reference.com//boxes/PHI/PHI201009190.shtmlProcess 1.3 seconds url: https://www.baseball-reference.com//boxes/SEA/SEA201009190.shtmlProcess 1.289 seconds url: https://www.baseball-reference.com//boxes/SLN/SLN201009190.shtmlProcess 1.3 seconds url: https://www.baseball-reference.com//boxes/ANA/ANA201009200.shtmlProcess 1.286 seconds url: https://www.baseball-reference.com//boxes/DET/DET201009200.shtmlProcess 1.455 seconds url: https://www.baseball-reference.com//boxes/MIL/MIL201009200.shtmlProcess 1.567 seconds url: https://www.baseball-reference.com//boxes/NYA/NYA201009200.shtmlProcess 1.297 seconds url: https://www.baseball-reference.com//boxes/PHI/PHI201009200.shtmlProcess 1.297 seconds url: https://www.baseball-reference.com//boxes/ANA/ANA201009210.shtmlProcess 1.276 seconds url: https://www.baseball-reference.com//boxes/BOS/BOS201009210.shtmlProcess 1.371 seconds url: https://www.baseball-reference.com//boxes/DET/DET201009210.shtmlProcess 1.288 seconds url: https://www.baseball-reference.com//boxes/LAN/LAN201009210.shtmlProcess 1.288 seconds url: https://www.baseball-reference.com//boxes/MIN/MIN201009210.shtmlProcess 1.264 seconds url: https://www.baseball-reference.com//boxes/OAK/OAK201009210.shtmlProcess 1.319 seconds url: https://www.baseball-reference.com//boxes/PIT/PIT201009210.shtmlProcess 1.318 seconds url: https://www.baseball-reference.com//boxes/WAS/WAS201009210.shtmlProcess 1.257 seconds url: https://www.baseball-reference.com//boxes/ARI/ARI201009220.shtmlProcess 1.263 seconds url: https://www.baseball-reference.com//boxes/CHN/CHN201009220.shtmlProcess 1.272 seconds url: https://www.baseball-reference.com//boxes/FLO/FLO201009220.shtmlProcess 1.27 seconds url: https://www.baseball-reference.com//boxes/MIL/MIL201009220.shtmlProcess 1.277 seconds url: https://www.baseball-reference.com//boxes/NYA/NYA201009220.shtmlProcess 1.375 seconds url: https://www.baseball-reference.com//boxes/PHI/PHI201009220.shtmlProcess 1.269 seconds url: https://www.baseball-reference.com//boxes/TOR/TOR201009220.shtmlProcess 1.379 seconds url: https://www.baseball-reference.com//boxes/ARI/ARI201009230.shtmlProcess 1.37 seconds url: https://www.baseball-reference.com//boxes/CLE/CLE201009230.shtmlProcess 1.378 seconds url: https://www.baseball-reference.com//boxes/MIL/MIL201009230.shtmlProcess 1.399 seconds url: https://www.baseball-reference.com//boxes/OAK/OAK201009230.shtmlProcess 1.376 seconds url: https://www.baseball-reference.com//boxes/TOR/TOR201009230.shtmlProcess 1.352 seconds url: https://www.baseball-reference.com//boxes/ANA/ANA201009240.shtmlProcess 1.344 seconds url: https://www.baseball-reference.com//boxes/CHN/CHN201009240.shtmlProcess 1.281 seconds url: https://www.baseball-reference.com//boxes/COL/COL201009240.shtmlProcess 1.267 seconds url: https://www.baseball-reference.com//boxes/MIL/MIL201009240.shtmlProcess 1.271 seconds url: https://www.baseball-reference.com//boxes/OAK/OAK201009240.shtmlProcess 1.375 seconds url: https://www.baseball-reference.com//boxes/PIT/PIT201009240.shtmlProcess 1.31 seconds url: https://www.baseball-reference.com//boxes/TBA/TBA201009240.shtmlProcess 1.279 seconds url: https://www.baseball-reference.com//boxes/WAS/WAS201009240.shtmlProcess 1.271 seconds url: https://www.baseball-reference.com//boxes/ARI/ARI201009250.shtmlProcess 1.332 seconds url: https://www.baseball-reference.com//boxes/CLE/CLE201009250.shtmlProcess 1.286 seconds url: https://www.baseball-reference.com//boxes/DET/DET201009250.shtmlProcess 1.279 seconds url: https://www.baseball-reference.com//boxes/NYA/NYA201009250.shtmlProcess 1.267 seconds url: https://www.baseball-reference.com//boxes/PHI/PHI201009250.shtmlProcess 1.38 seconds url: https://www.baseball-reference.com//boxes/SDN/SDN201009250.shtmlProcess 1.29 seconds url: https://www.baseball-reference.com//boxes/TOR/TOR201009250.shtmlProcess 1.368 seconds url: https://www.baseball-reference.com//boxes/ANA/ANA201009260.shtmlProcess 1.344 seconds url: https://www.baseball-reference.com//boxes/CHN/CHN201009260.shtmlProcess 1.281 seconds url: https://www.baseball-reference.com//boxes/COL/COL201009260.shtmlProcess 1.275 seconds url: https://www.baseball-reference.com//boxes/MIL/MIL201009260.shtmlProcess 1.444 seconds url: https://www.baseball-reference.com//boxes/OAK/OAK201009260.shtmlProcess 1.34 seconds url: https://www.baseball-reference.com//boxes/PIT/PIT201009260.shtmlProcess 1.269 seconds url: https://www.baseball-reference.com//boxes/TBA/TBA201009260.shtmlProcess 1.268 seconds url: https://www.baseball-reference.com//boxes/WAS/WAS201009260.shtmlProcess 1.318 seconds url: https://www.baseball-reference.com//boxes/ATL/ATL201009270.shtmlProcess 1.342 seconds url: https://www.baseball-reference.com//boxes/CLE/CLE201009270.shtmlProcess 1.376 seconds url: https://www.baseball-reference.com//boxes/KCA/KCA201009270.shtmlProcess 1.265 seconds url: https://www.baseball-reference.com//boxes/SLN/SLN201009270.shtmlProcess 1.33 seconds url: https://www.baseball-reference.com//boxes/TEX/TEX201009270.shtmlProcess 1.268 seconds url: https://www.baseball-reference.com//boxes/WAS/WAS201009270.shtmlProcess 1.326 seconds url: https://www.baseball-reference.com//boxes/ATL/ATL201009280.shtmlProcess 1.281 seconds url: https://www.baseball-reference.com//boxes/CIN/CIN201009280.shtmlProcess 1.356 seconds url: https://www.baseball-reference.com//boxes/KCA/KCA201009280.shtmlProcess 1.3 seconds url: https://www.baseball-reference.com//boxes/SDN/SDN201009280.shtmlProcess 1.266 seconds url: https://www.baseball-reference.com//boxes/SLN/SLN201009280.shtmlProcess 1.422 seconds url: https://www.baseball-reference.com//boxes/TEX/TEX201009280.shtmlProcess 1.371 seconds url: https://www.baseball-reference.com//boxes/WAS/WAS201009280.shtmlProcess 1.275 seconds url: https://www.baseball-reference.com//boxes/ATL/ATL201009290.shtmlProcess 1.279 seconds url: https://www.baseball-reference.com//boxes/CIN/CIN201009290.shtmlProcess 1.342 seconds url: https://www.baseball-reference.com//boxes/CLE/CLE201009292.shtmlProcess 1.319 seconds url: https://www.baseball-reference.com//boxes/KCA/KCA201009290.shtmlProcess 1.263 seconds url: https://www.baseball-reference.com//boxes/NYN/NYN201009292.shtmlProcess 1.408 seconds url: https://www.baseball-reference.com//boxes/SFN/SFN201009290.shtmlProcess 1.278 seconds url: https://www.baseball-reference.com//boxes/TBA/TBA201009290.shtmlProcess 1.262 seconds url: https://www.baseball-reference.com//boxes/TOR/TOR201009290.shtmlProcess 1.288 seconds url: https://www.baseball-reference.com//boxes/CHA/CHA201009300.shtmlProcess 1.302 seconds url: https://www.baseball-reference.com//boxes/FLO/FLO201009300.shtmlProcess 1.299 seconds url: https://www.baseball-reference.com//boxes/MIN/MIN201009300.shtmlProcess 1.305 seconds url: https://www.baseball-reference.com//boxes/SDN/SDN201009300.shtmlProcess 1.286 seconds url: https://www.baseball-reference.com//boxes/SFN/SFN201009300.shtmlProcess 1.258 seconds url: https://www.baseball-reference.com//boxes/TEX/TEX201009300.shtmlProcess 1.302 seconds url: https://www.baseball-reference.com//boxes/BAL/BAL201010011.shtmlProcess 1.359 seconds url: https://www.baseball-reference.com//boxes/CHA/CHA201010010.shtmlProcess 1.287 seconds url: https://www.baseball-reference.com//boxes/FLO/FLO201010010.shtmlProcess 1.333 seconds url: https://www.baseball-reference.com//boxes/KCA/KCA201010010.shtmlProcess 1.283 seconds url: https://www.baseball-reference.com//boxes/MIN/MIN201010010.shtmlProcess 1.273 seconds url: https://www.baseball-reference.com//boxes/SEA/SEA201010010.shtmlProcess 1.334 seconds url: https://www.baseball-reference.com//boxes/SLN/SLN201010010.shtmlProcess 1.371 seconds url: https://www.baseball-reference.com//boxes/ATL/ATL201010020.shtmlProcess 1.413 seconds url: https://www.baseball-reference.com//boxes/BOS/BOS201010021.shtmlProcess 1.414 seconds url: https://www.baseball-reference.com//boxes/CHA/CHA201010020.shtmlProcess 1.294 seconds url: https://www.baseball-reference.com//boxes/FLO/FLO201010020.shtmlProcess 1.269 seconds url: https://www.baseball-reference.com//boxes/KCA/KCA201010020.shtmlProcess 1.332 seconds url: https://www.baseball-reference.com//boxes/MIN/MIN201010020.shtmlProcess 1.292 seconds url: https://www.baseball-reference.com//boxes/SEA/SEA201010020.shtmlProcess 1.279 seconds url: https://www.baseball-reference.com//boxes/SLN/SLN201010020.shtmlProcess 1.261 seconds url: https://www.baseball-reference.com//boxes/ATL/ATL201010030.shtmlProcess 1.389 seconds url: https://www.baseball-reference.com//boxes/BOS/BOS201010030.shtmlProcess 1.418 seconds url: https://www.baseball-reference.com//boxes/CIN/CIN201010030.shtmlProcess 1.302 seconds url: https://www.baseball-reference.com//boxes/HOU/HOU201010030.shtmlProcess 1.346 seconds url: https://www.baseball-reference.com//boxes/LAN/LAN201010030.shtmlProcess 1.284 seconds url: https://www.baseball-reference.com//boxes/NYN/NYN201010030.shtmlProcess 1.495 seconds url: https://www.baseball-reference.com//boxes/SFN/SFN201010030.shtmlProcess 1.269 seconds url: https://www.baseball-reference.com//boxes/TEX/TEX201010030.shtml