Process 1.563 seconds url: https://www.baseball-reference.com//boxes/ARI/ARI201803290.shtmlProcess 1.325 seconds url: https://www.baseball-reference.com//boxes/ATL/ATL201803290.shtmlProcess 1.298 seconds url: https://www.baseball-reference.com//boxes/KCA/KCA201803290.shtmlProcess 1.298 seconds url: https://www.baseball-reference.com//boxes/MIA/MIA201803290.shtmlProcess 1.309 seconds url: https://www.baseball-reference.com//boxes/OAK/OAK201803290.shtmlProcess 1.291 seconds url: https://www.baseball-reference.com//boxes/SEA/SEA201803290.shtmlProcess 1.301 seconds url: https://www.baseball-reference.com//boxes/TEX/TEX201803290.shtmlProcess 1.389 seconds url: https://www.baseball-reference.com//boxes/ARI/ARI201803300.shtmlProcess 1.29 seconds url: https://www.baseball-reference.com//boxes/CIN/CIN201803300.shtmlProcess 1.304 seconds url: https://www.baseball-reference.com//boxes/LAN/LAN201803300.shtmlProcess 1.436 seconds url: https://www.baseball-reference.com//boxes/OAK/OAK201803300.shtmlProcess 1.3 seconds url: https://www.baseball-reference.com//boxes/TBA/TBA201803300.shtmlProcess 1.295 seconds url: https://www.baseball-reference.com//boxes/TOR/TOR201803300.shtmlProcess 1.346 seconds url: https://www.baseball-reference.com//boxes/ATL/ATL201803310.shtmlProcess 1.318 seconds url: https://www.baseball-reference.com//boxes/CIN/CIN201803310.shtmlProcess 1.313 seconds url: https://www.baseball-reference.com//boxes/LAN/LAN201803310.shtmlProcess 1.32 seconds url: https://www.baseball-reference.com//boxes/NYN/NYN201803310.shtmlProcess 1.296 seconds url: https://www.baseball-reference.com//boxes/SDN/SDN201803310.shtmlProcess 1.397 seconds url: https://www.baseball-reference.com//boxes/TBA/TBA201803310.shtmlProcess 1.343 seconds url: https://www.baseball-reference.com//boxes/TOR/TOR201803310.shtmlProcess 1.303 seconds url: https://www.baseball-reference.com//boxes/CIN/CIN201804010.shtmlProcess 1.308 seconds url: https://www.baseball-reference.com//boxes/DET/DET201804012.shtmlProcess 1.299 seconds url: https://www.baseball-reference.com//boxes/MIA/MIA201804010.shtmlProcess 1.315 seconds url: https://www.baseball-reference.com//boxes/OAK/OAK201804010.shtmlProcess 1.29 seconds url: https://www.baseball-reference.com//boxes/TBA/TBA201804010.shtmlProcess 1.34 seconds url: https://www.baseball-reference.com//boxes/TOR/TOR201804010.shtmlProcess 1.319 seconds url: https://www.baseball-reference.com//boxes/ARI/ARI201804020.shtmlProcess 1.349 seconds url: https://www.baseball-reference.com//boxes/CIN/CIN201804020.shtmlProcess 1.323 seconds url: https://www.baseball-reference.com//boxes/HOU/HOU201804020.shtmlProcess 1.389 seconds url: https://www.baseball-reference.com//boxes/MIL/MIL201804020.shtmlProcess 1.302 seconds url: https://www.baseball-reference.com//boxes/PIT/PIT201804020.shtmlProcess 1.302 seconds url: https://www.baseball-reference.com//boxes/TOR/TOR201804020.shtmlProcess 1.327 seconds url: https://www.baseball-reference.com//boxes/ARI/ARI201804030.shtmlProcess 1.31 seconds url: https://www.baseball-reference.com//boxes/DET/DET201804030.shtmlProcess 1.305 seconds url: https://www.baseball-reference.com//boxes/MIA/MIA201804030.shtmlProcess 1.308 seconds url: https://www.baseball-reference.com//boxes/NYA/NYA201804030.shtmlProcess 1.309 seconds url: https://www.baseball-reference.com//boxes/OAK/OAK201804030.shtmlProcess 1.308 seconds url: https://www.baseball-reference.com//boxes/SFN/SFN201804030.shtmlProcess 1.303 seconds url: https://www.baseball-reference.com//boxes/ANA/ANA201804040.shtmlProcess 1.341 seconds url: https://www.baseball-reference.com//boxes/ATL/ATL201804040.shtmlProcess 1.293 seconds url: https://www.baseball-reference.com//boxes/MIL/MIL201804040.shtmlProcess 1.33 seconds url: https://www.baseball-reference.com//boxes/NYN/NYN201804040.shtmlProcess 1.31 seconds url: https://www.baseball-reference.com//boxes/PIT/PIT201804040.shtmlProcess 1.3 seconds url: https://www.baseball-reference.com//boxes/SFN/SFN201804040.shtmlProcess 1.318 seconds url: https://www.baseball-reference.com//boxes/BOS/BOS201804050.shtmlProcess 1.295 seconds url: https://www.baseball-reference.com//boxes/MIL/MIL201804050.shtmlProcess 1.289 seconds url: https://www.baseball-reference.com//boxes/NYA/NYA201804050.shtmlProcess 1.289 seconds url: https://www.baseball-reference.com//boxes/PHI/PHI201804050.shtmlProcess 1.292 seconds url: https://www.baseball-reference.com//boxes/SDN/SDN201804050.shtmlProcess 1.42 seconds url: https://www.baseball-reference.com//boxes/WAS/WAS201804050.shtmlProcess 1.289 seconds url: https://www.baseball-reference.com//boxes/CLE/CLE201804060.shtmlProcess 1.319 seconds url: https://www.baseball-reference.com//boxes/HOU/HOU201804060.shtmlProcess 1.33 seconds url: https://www.baseball-reference.com//boxes/NYA/NYA201804060.shtmlProcess 1.513 seconds url: https://www.baseball-reference.com//boxes/TEX/TEX201804060.shtmlProcess 1.395 seconds url: https://www.baseball-reference.com//boxes/BOS/BOS201804070.shtmlProcess 1.379 seconds url: https://www.baseball-reference.com//boxes/CLE/CLE201804070.shtmlProcess 1.306 seconds url: https://www.baseball-reference.com//boxes/HOU/HOU201804070.shtmlProcess 1.311 seconds url: https://www.baseball-reference.com//boxes/MIN/MIN201804070.shtmlProcess 1.597 seconds url: https://www.baseball-reference.com//boxes/PHI/PHI201804070.shtmlProcess 1.718 seconds url: https://www.baseball-reference.com//boxes/SFN/SFN201804070.shtmlProcess 1.493 seconds url: https://www.baseball-reference.com//boxes/TEX/TEX201804070.shtmlProcess 1.3 seconds url: https://www.baseball-reference.com//boxes/ANA/ANA201804080.shtmlProcess 1.419 seconds url: https://www.baseball-reference.com//boxes/CHA/CHA201804080.shtmlProcess 1.29 seconds url: https://www.baseball-reference.com//boxes/COL/COL201804080.shtmlProcess 1.304 seconds url: https://www.baseball-reference.com//boxes/MIL/MIL201804080.shtmlProcess 1.302 seconds url: https://www.baseball-reference.com//boxes/PHI/PHI201804080.shtmlProcess 1.304 seconds url: https://www.baseball-reference.com//boxes/SFN/SFN201804080.shtmlProcess 1.347 seconds url: https://www.baseball-reference.com//boxes/TEX/TEX201804080.shtmlProcess 1.351 seconds url: https://www.baseball-reference.com//boxes/BAL/BAL201804090.shtmlProcess 1.289 seconds url: https://www.baseball-reference.com//boxes/CLE/CLE201804090.shtmlProcess 1.343 seconds url: https://www.baseball-reference.com//boxes/KCA/KCA201804090.shtmlProcess 1.324 seconds url: https://www.baseball-reference.com//boxes/MIN/MIN201804090.shtmlProcess 1.297 seconds url: https://www.baseball-reference.com//boxes/SFN/SFN201804090.shtmlProcess 1.31 seconds url: https://www.baseball-reference.com//boxes/TEX/TEX201804090.shtmlProcess 1.393 seconds url: https://www.baseball-reference.com//boxes/BAL/BAL201804100.shtmlProcess 1.309 seconds url: https://www.baseball-reference.com//boxes/CHA/CHA201804100.shtmlProcess 1.306 seconds url: https://www.baseball-reference.com//boxes/CLE/CLE201804100.shtmlProcess 1.306 seconds url: https://www.baseball-reference.com//boxes/KCA/KCA201804100.shtmlProcess 1.298 seconds url: https://www.baseball-reference.com//boxes/MIA/MIA201804100.shtmlProcess 1.295 seconds url: https://www.baseball-reference.com//boxes/PHI/PHI201804100.shtmlProcess 1.304 seconds url: https://www.baseball-reference.com//boxes/SLN/SLN201804100.shtmlProcess 1.296 seconds url: https://www.baseball-reference.com//boxes/WAS/WAS201804100.shtmlProcess 1.314 seconds url: https://www.baseball-reference.com//boxes/BOS/BOS201804110.shtmlProcess 1.299 seconds url: https://www.baseball-reference.com//boxes/CHN/CHN201804110.shtmlProcess 1.303 seconds url: https://www.baseball-reference.com//boxes/COL/COL201804110.shtmlProcess 1.297 seconds url: https://www.baseball-reference.com//boxes/LAN/LAN201804110.shtmlProcess 1.299 seconds url: https://www.baseball-reference.com//boxes/MIN/MIN201804110.shtmlProcess 1.345 seconds url: https://www.baseball-reference.com//boxes/SFN/SFN201804110.shtmlProcess 1.295 seconds url: https://www.baseball-reference.com//boxes/TEX/TEX201804110.shtmlProcess 1.314 seconds url: https://www.baseball-reference.com//boxes/BOS/BOS201804120.shtmlProcess 1.397 seconds url: https://www.baseball-reference.com//boxes/CIN/CIN201804120.shtmlProcess 1.312 seconds url: https://www.baseball-reference.com//boxes/KCA/KCA201804120.shtmlProcess 1.298 seconds url: https://www.baseball-reference.com//boxes/SDN/SDN201804120.shtmlProcess 1.311 seconds url: https://www.baseball-reference.com//boxes/BOS/BOS201804130.shtmlProcess 1.344 seconds url: https://www.baseball-reference.com//boxes/CIN/CIN201804130.shtmlProcess 1.296 seconds url: https://www.baseball-reference.com//boxes/DET/DET201804130.shtmlProcess 1.298 seconds url: https://www.baseball-reference.com//boxes/KCA/KCA201804130.shtmlProcess 1.3 seconds url: https://www.baseball-reference.com//boxes/MIA/MIA201804130.shtmlProcess 1.293 seconds url: https://www.baseball-reference.com//boxes/SDN/SDN201804130.shtmlProcess 1.293 seconds url: https://www.baseball-reference.com//boxes/TBA/TBA201804130.shtmlProcess 1.38 seconds url: https://www.baseball-reference.com//boxes/BOS/BOS201804140.shtmlProcess 1.341 seconds url: https://www.baseball-reference.com//boxes/CIN/CIN201804140.shtmlProcess 1.375 seconds url: https://www.baseball-reference.com//boxes/KCA/KCA201804140.shtmlProcess 1.29 seconds url: https://www.baseball-reference.com//boxes/MIA/MIA201804140.shtmlProcess 1.323 seconds url: https://www.baseball-reference.com//boxes/SDN/SDN201804140.shtmlProcess 1.292 seconds url: https://www.baseball-reference.com//boxes/TBA/TBA201804140.shtmlProcess 1.3 seconds url: https://www.baseball-reference.com//boxes/BOS/BOS201804150.shtmlProcess 1.353 seconds url: https://www.baseball-reference.com//boxes/HOU/HOU201804150.shtmlProcess 1.399 seconds url: https://www.baseball-reference.com//boxes/MIA/MIA201804150.shtmlProcess 1.375 seconds url: https://www.baseball-reference.com//boxes/SDN/SDN201804150.shtmlProcess 1.328 seconds url: https://www.baseball-reference.com//boxes/TBA/TBA201804150.shtmlProcess 1.447 seconds url: https://www.baseball-reference.com//boxes/ATL/ATL201804160.shtmlProcess 1.385 seconds url: https://www.baseball-reference.com//boxes/NYA/NYA201804160.shtmlProcess 1.306 seconds url: https://www.baseball-reference.com//boxes/OAK/OAK201804160.shtmlProcess 1.331 seconds url: https://www.baseball-reference.com//boxes/SDN/SDN201804160.shtmlProcess 1.462 seconds url: https://www.baseball-reference.com//boxes/TBA/TBA201804160.shtmlProcess 2.472 seconds url: https://www.baseball-reference.com//boxes/ARI/ARI201804170.shtmlProcess 1.306 seconds url: https://www.baseball-reference.com//boxes/CHN/CHN201804170.shtmlProcess 1.389 seconds url: https://www.baseball-reference.com//boxes/MIL/MIL201804170.shtmlProcess 1.295 seconds url: https://www.baseball-reference.com//boxes/NYA/NYA201804170.shtmlProcess 1.308 seconds url: https://www.baseball-reference.com//boxes/OAK/OAK201804170.shtmlProcess 1.311 seconds url: https://www.baseball-reference.com//boxes/SDN/SDN201804170.shtmlProcess 1.296 seconds url: https://www.baseball-reference.com//boxes/TBA/TBA201804170.shtmlProcess 1.301 seconds url: https://www.baseball-reference.com//boxes/TOR/TOR201804172.shtmlProcess 1.299 seconds url: https://www.baseball-reference.com//boxes/ARI/ARI201804180.shtmlProcess 1.3 seconds url: https://www.baseball-reference.com//boxes/DET/DET201804180.shtmlProcess 1.314 seconds url: https://www.baseball-reference.com//boxes/MIN/MIN201804180.shtmlProcess 1.367 seconds url: https://www.baseball-reference.com//boxes/OAK/OAK201804180.shtmlProcess 1.327 seconds url: https://www.baseball-reference.com//boxes/SDN/SDN201804180.shtmlProcess 1.31 seconds url: https://www.baseball-reference.com//boxes/TBA/TBA201804180.shtmlProcess 1.397 seconds url: https://www.baseball-reference.com//boxes/ANA/ANA201804190.shtmlProcess 1.467 seconds url: https://www.baseball-reference.com//boxes/ATL/ATL201804190.shtmlProcess 1.398 seconds url: https://www.baseball-reference.com//boxes/DET/DET201804190.shtmlProcess 1.313 seconds url: https://www.baseball-reference.com//boxes/NYA/NYA201804190.shtmlProcess 1.308 seconds url: https://www.baseball-reference.com//boxes/SEA/SEA201804190.shtmlProcess 1.311 seconds url: https://www.baseball-reference.com//boxes/ARI/ARI201804200.shtmlProcess 1.303 seconds url: https://www.baseball-reference.com//boxes/BAL/BAL201804200.shtmlProcess 1.321 seconds url: https://www.baseball-reference.com//boxes/COL/COL201804200.shtmlProcess 1.305 seconds url: https://www.baseball-reference.com//boxes/DET/DET201804202.shtmlTraceback (most recent call last):
/n  File "C:\Anaconda3\lib\site-packages\urllib3\connection.py", line 159, in _new_conn
    (self._dns_host, self.port), self.timeout, **extra_kw)
/n  File "C:\Anaconda3\lib\site-packages\urllib3\util\connection.py", line 57, in create_connection
    for res in socket.getaddrinfo(host, port, family, socket.SOCK_STREAM):
/n  File "C:\Anaconda3\lib\socket.py", line 748, in getaddrinfo
    for res in _socket.getaddrinfo(host, port, family, type, proto, flags):
/nsocket.gaierror: [Errno 11001] getaddrinfo failed
/n
During handling of the above exception, another exception occurred:

/nTraceback (most recent call last):
/n  File "C:\Anaconda3\lib\site-packages\urllib3\connectionpool.py", line 600, in urlopen
    chunked=chunked)
/n  File "C:\Anaconda3\lib\site-packages\urllib3\connectionpool.py", line 343, in _make_request
    self._validate_conn(conn)
/n  File "C:\Anaconda3\lib\site-packages\urllib3\connectionpool.py", line 839, in _validate_conn
    conn.connect()
/n  File "C:\Anaconda3\lib\site-packages\urllib3\connection.py", line 301, in connect
    conn = self._new_conn()
/n  File "C:\Anaconda3\lib\site-packages\urllib3\connection.py", line 168, in _new_conn
    self, "Failed to establish a new connection: %s" % e)
/nurllib3.exceptions.NewConnectionError: <urllib3.connection.VerifiedHTTPSConnection object at 0x00DB7F10>: Failed to establish a new connection: [Errno 11001] getaddrinfo failed
/n
During handling of the above exception, another exception occurred:

/nTraceback (most recent call last):
/n  File "C:\Anaconda3\lib\site-packages\requests\adapters.py", line 449, in send
    timeout=timeout
/n  File "C:\Anaconda3\lib\site-packages\urllib3\connectionpool.py", line 638, in urlopen
    _stacktrace=sys.exc_info()[2])
/n  File "C:\Anaconda3\lib\site-packages\urllib3\util\retry.py", line 398, in increment
    raise MaxRetryError(_pool, url, error or ResponseError(cause))
/nurllib3.exceptions.MaxRetryError: HTTPSConnectionPool(host='www.baseball-reference.com', port=443): Max retries exceeded with url: //boxes/MIL/MIL201804200.shtml (Caused by NewConnectionError('<urllib3.connection.VerifiedHTTPSConnection object at 0x00DB7F10>: Failed to establish a new connection: [Errno 11001] getaddrinfo failed'))
/n
During handling of the above exception, another exception occurred:

/nTraceback (most recent call last):
/n  File "<ipython-input-1-540b36a42d15>", line 105, in load_mlb_games
    reps = requests.get(link)
/n  File "C:\Anaconda3\lib\site-packages\requests\api.py", line 75, in get
    return request('get', url, params=params, **kwargs)
/n  File "C:\Anaconda3\lib\site-packages\requests\api.py", line 60, in request
    return session.request(method=method, url=url, **kwargs)
/n  File "C:\Anaconda3\lib\site-packages\requests\sessions.py", line 533, in request
    resp = self.send(prep, **send_kwargs)
/n  File "C:\Anaconda3\lib\site-packages\requests\sessions.py", line 646, in send
    r = adapter.send(request, **kwargs)
/n  File "C:\Anaconda3\lib\site-packages\requests\adapters.py", line 516, in send
    raise ConnectionError(e, request=request)
/nrequests.exceptions.ConnectionError: HTTPSConnectionPool(host='www.baseball-reference.com', port=443): Max retries exceeded with url: //boxes/MIL/MIL201804200.shtml (Caused by NewConnectionError('<urllib3.connection.VerifiedHTTPSConnection object at 0x00DB7F10>: Failed to establish a new connection: [Errno 11001] getaddrinfo failed'))
/nProcess 1.543 seconds url: https://www.baseball-reference.com//boxes/OAK/OAK201804200.shtmlTraceback (most recent call last):
/n  File "C:\Anaconda3\lib\site-packages\urllib3\connection.py", line 159, in _new_conn
    (self._dns_host, self.port), self.timeout, **extra_kw)
/n  File "C:\Anaconda3\lib\site-packages\urllib3\util\connection.py", line 57, in create_connection
    for res in socket.getaddrinfo(host, port, family, socket.SOCK_STREAM):
/n  File "C:\Anaconda3\lib\socket.py", line 748, in getaddrinfo
    for res in _socket.getaddrinfo(host, port, family, type, proto, flags):
/nsocket.gaierror: [Errno 11001] getaddrinfo failed
/n
During handling of the above exception, another exception occurred:

/nTraceback (most recent call last):
/n  File "C:\Anaconda3\lib\site-packages\urllib3\connectionpool.py", line 600, in urlopen
    chunked=chunked)
/n  File "C:\Anaconda3\lib\site-packages\urllib3\connectionpool.py", line 343, in _make_request
    self._validate_conn(conn)
/n  File "C:\Anaconda3\lib\site-packages\urllib3\connectionpool.py", line 839, in _validate_conn
    conn.connect()
/n  File "C:\Anaconda3\lib\site-packages\urllib3\connection.py", line 301, in connect
    conn = self._new_conn()
/n  File "C:\Anaconda3\lib\site-packages\urllib3\connection.py", line 168, in _new_conn
    self, "Failed to establish a new connection: %s" % e)
/nurllib3.exceptions.NewConnectionError: <urllib3.connection.VerifiedHTTPSConnection object at 0x018A8630>: Failed to establish a new connection: [Errno 11001] getaddrinfo failed
/n
During handling of the above exception, another exception occurred:

/nTraceback (most recent call last):
/n  File "C:\Anaconda3\lib\site-packages\requests\adapters.py", line 449, in send
    timeout=timeout
/n  File "C:\Anaconda3\lib\site-packages\urllib3\connectionpool.py", line 638, in urlopen
    _stacktrace=sys.exc_info()[2])
/n  File "C:\Anaconda3\lib\site-packages\urllib3\util\retry.py", line 398, in increment
    raise MaxRetryError(_pool, url, error or ResponseError(cause))
/nurllib3.exceptions.MaxRetryError: HTTPSConnectionPool(host='www.baseball-reference.com', port=443): Max retries exceeded with url: //boxes/SLN/SLN201804200.shtml (Caused by NewConnectionError('<urllib3.connection.VerifiedHTTPSConnection object at 0x018A8630>: Failed to establish a new connection: [Errno 11001] getaddrinfo failed'))
/n
During handling of the above exception, another exception occurred:

/nTraceback (most recent call last):
/n  File "<ipython-input-1-540b36a42d15>", line 105, in load_mlb_games
    reps = requests.get(link)
/n  File "C:\Anaconda3\lib\site-packages\requests\api.py", line 75, in get
    return request('get', url, params=params, **kwargs)
/n  File "C:\Anaconda3\lib\site-packages\requests\api.py", line 60, in request
    return session.request(method=method, url=url, **kwargs)
/n  File "C:\Anaconda3\lib\site-packages\requests\sessions.py", line 533, in request
    resp = self.send(prep, **send_kwargs)
/n  File "C:\Anaconda3\lib\site-packages\requests\sessions.py", line 646, in send
    r = adapter.send(request, **kwargs)
/n  File "C:\Anaconda3\lib\site-packages\requests\adapters.py", line 516, in send
    raise ConnectionError(e, request=request)
/nrequests.exceptions.ConnectionError: HTTPSConnectionPool(host='www.baseball-reference.com', port=443): Max retries exceeded with url: //boxes/SLN/SLN201804200.shtml (Caused by NewConnectionError('<urllib3.connection.VerifiedHTTPSConnection object at 0x018A8630>: Failed to establish a new connection: [Errno 11001] getaddrinfo failed'))
/nTraceback (most recent call last):
/n  File "C:\Anaconda3\lib\site-packages\urllib3\connection.py", line 159, in _new_conn
    (self._dns_host, self.port), self.timeout, **extra_kw)
/n  File "C:\Anaconda3\lib\site-packages\urllib3\util\connection.py", line 57, in create_connection
    for res in socket.getaddrinfo(host, port, family, socket.SOCK_STREAM):
/n  File "C:\Anaconda3\lib\socket.py", line 748, in getaddrinfo
    for res in _socket.getaddrinfo(host, port, family, type, proto, flags):
/nsocket.gaierror: [Errno 11001] getaddrinfo failed
/n
During handling of the above exception, another exception occurred:

/nTraceback (most recent call last):
/n  File "C:\Anaconda3\lib\site-packages\urllib3\connectionpool.py", line 600, in urlopen
    chunked=chunked)
/n  File "C:\Anaconda3\lib\site-packages\urllib3\connectionpool.py", line 343, in _make_request
    self._validate_conn(conn)
/n  File "C:\Anaconda3\lib\site-packages\urllib3\connectionpool.py", line 839, in _validate_conn
    conn.connect()
/n  File "C:\Anaconda3\lib\site-packages\urllib3\connection.py", line 301, in connect
    conn = self._new_conn()
/n  File "C:\Anaconda3\lib\site-packages\urllib3\connection.py", line 168, in _new_conn
    self, "Failed to establish a new connection: %s" % e)
/nurllib3.exceptions.NewConnectionError: <urllib3.connection.VerifiedHTTPSConnection object at 0x018A8B50>: Failed to establish a new connection: [Errno 11001] getaddrinfo failed
/n
During handling of the above exception, another exception occurred:

/nTraceback (most recent call last):
/n  File "C:\Anaconda3\lib\site-packages\requests\adapters.py", line 449, in send
    timeout=timeout
/n  File "C:\Anaconda3\lib\site-packages\urllib3\connectionpool.py", line 638, in urlopen
    _stacktrace=sys.exc_info()[2])
/n  File "C:\Anaconda3\lib\site-packages\urllib3\util\retry.py", line 398, in increment
    raise MaxRetryError(_pool, url, error or ResponseError(cause))
/nurllib3.exceptions.MaxRetryError: HTTPSConnectionPool(host='www.baseball-reference.com', port=443): Max retries exceeded with url: //boxes/TEX/TEX201804200.shtml (Caused by NewConnectionError('<urllib3.connection.VerifiedHTTPSConnection object at 0x018A8B50>: Failed to establish a new connection: [Errno 11001] getaddrinfo failed'))
/n
During handling of the above exception, another exception occurred:

/nTraceback (most recent call last):
/n  File "<ipython-input-1-540b36a42d15>", line 105, in load_mlb_games
    reps = requests.get(link)
/n  File "C:\Anaconda3\lib\site-packages\requests\api.py", line 75, in get
    return request('get', url, params=params, **kwargs)
/n  File "C:\Anaconda3\lib\site-packages\requests\api.py", line 60, in request
    return session.request(method=method, url=url, **kwargs)
/n  File "C:\Anaconda3\lib\site-packages\requests\sessions.py", line 533, in request
    resp = self.send(prep, **send_kwargs)
/n  File "C:\Anaconda3\lib\site-packages\requests\sessions.py", line 646, in send
    r = adapter.send(request, **kwargs)
/n  File "C:\Anaconda3\lib\site-packages\requests\adapters.py", line 516, in send
    raise ConnectionError(e, request=request)
/nrequests.exceptions.ConnectionError: HTTPSConnectionPool(host='www.baseball-reference.com', port=443): Max retries exceeded with url: //boxes/TEX/TEX201804200.shtml (Caused by NewConnectionError('<urllib3.connection.VerifiedHTTPSConnection object at 0x018A8B50>: Failed to establish a new connection: [Errno 11001] getaddrinfo failed'))
/nTraceback (most recent call last):
/n  File "C:\Anaconda3\lib\site-packages\urllib3\connection.py", line 159, in _new_conn
    (self._dns_host, self.port), self.timeout, **extra_kw)
/n  File "C:\Anaconda3\lib\site-packages\urllib3\util\connection.py", line 57, in create_connection
    for res in socket.getaddrinfo(host, port, family, socket.SOCK_STREAM):
/n  File "C:\Anaconda3\lib\socket.py", line 748, in getaddrinfo
    for res in _socket.getaddrinfo(host, port, family, type, proto, flags):
/nsocket.gaierror: [Errno 11001] getaddrinfo failed
/n
During handling of the above exception, another exception occurred:

/nTraceback (most recent call last):
/n  File "C:\Anaconda3\lib\site-packages\urllib3\connectionpool.py", line 600, in urlopen
    chunked=chunked)
/n  File "C:\Anaconda3\lib\site-packages\urllib3\connectionpool.py", line 343, in _make_request
    self._validate_conn(conn)
/n  File "C:\Anaconda3\lib\site-packages\urllib3\connectionpool.py", line 839, in _validate_conn
    conn.connect()
/n  File "C:\Anaconda3\lib\site-packages\urllib3\connection.py", line 301, in connect
    conn = self._new_conn()
/n  File "C:\Anaconda3\lib\site-packages\urllib3\connection.py", line 168, in _new_conn
    self, "Failed to establish a new connection: %s" % e)
/nurllib3.exceptions.NewConnectionError: <urllib3.connection.VerifiedHTTPSConnection object at 0x08372F10>: Failed to establish a new connection: [Errno 11001] getaddrinfo failed
/n
During handling of the above exception, another exception occurred:

/nTraceback (most recent call last):
/n  File "C:\Anaconda3\lib\site-packages\requests\adapters.py", line 449, in send
    timeout=timeout
/n  File "C:\Anaconda3\lib\site-packages\urllib3\connectionpool.py", line 638, in urlopen
    _stacktrace=sys.exc_info()[2])
/n  File "C:\Anaconda3\lib\site-packages\urllib3\util\retry.py", line 398, in increment
    raise MaxRetryError(_pool, url, error or ResponseError(cause))
/nurllib3.exceptions.MaxRetryError: HTTPSConnectionPool(host='www.baseball-reference.com', port=443): Max retries exceeded with url: //boxes/ARI/ARI201804210.shtml (Caused by NewConnectionError('<urllib3.connection.VerifiedHTTPSConnection object at 0x08372F10>: Failed to establish a new connection: [Errno 11001] getaddrinfo failed'))
/n
During handling of the above exception, another exception occurred:

/nTraceback (most recent call last):
/n  File "<ipython-input-1-540b36a42d15>", line 105, in load_mlb_games
    reps = requests.get(link)
/n  File "C:\Anaconda3\lib\site-packages\requests\api.py", line 75, in get
    return request('get', url, params=params, **kwargs)
/n  File "C:\Anaconda3\lib\site-packages\requests\api.py", line 60, in request
    return session.request(method=method, url=url, **kwargs)
/n  File "C:\Anaconda3\lib\site-packages\requests\sessions.py", line 533, in request
    resp = self.send(prep, **send_kwargs)
/n  File "C:\Anaconda3\lib\site-packages\requests\sessions.py", line 646, in send
    r = adapter.send(request, **kwargs)
/n  File "C:\Anaconda3\lib\site-packages\requests\adapters.py", line 516, in send
    raise ConnectionError(e, request=request)
/nrequests.exceptions.ConnectionError: HTTPSConnectionPool(host='www.baseball-reference.com', port=443): Max retries exceeded with url: //boxes/ARI/ARI201804210.shtml (Caused by NewConnectionError('<urllib3.connection.VerifiedHTTPSConnection object at 0x08372F10>: Failed to establish a new connection: [Errno 11001] getaddrinfo failed'))
/nProcess 4.364 seconds url: https://www.baseball-reference.com//boxes/BAL/BAL201804210.shtmlProcess 5.241 seconds url: https://www.baseball-reference.com//boxes/COL/COL201804210.shtmlProcess 1.315 seconds url: https://www.baseball-reference.com//boxes/LAN/LAN201804210.shtmlProcess 1.465 seconds url: https://www.baseball-reference.com//boxes/NYA/NYA201804210.shtmlProcess 2.758 seconds url: https://www.baseball-reference.com//boxes/PHI/PHI201804210.shtmlProcess 1.356 seconds url: https://www.baseball-reference.com//boxes/TBA/TBA201804210.shtmlProcess 1.52 seconds url: https://www.baseball-reference.com//boxes/ANA/ANA201804220.shtmlProcess 1.56 seconds url: https://www.baseball-reference.com//boxes/BAL/BAL201804220.shtmlProcess 1.365 seconds url: https://www.baseball-reference.com//boxes/COL/COL201804220.shtmlProcess 1.732 seconds url: https://www.baseball-reference.com//boxes/LAN/LAN201804220.shtmlProcess 1.577 seconds url: https://www.baseball-reference.com//boxes/NYA/NYA201804220.shtmlProcess 1.382 seconds url: https://www.baseball-reference.com//boxes/PHI/PHI201804220.shtmlProcess 2.001 seconds url: https://www.baseball-reference.com//boxes/TBA/TBA201804220.shtmlProcess 1.316 seconds url: https://www.baseball-reference.com//boxes/BAL/BAL201804230.shtmlProcess 1.355 seconds url: https://www.baseball-reference.com//boxes/CIN/CIN201804230.shtmlProcess 1.349 seconds url: https://www.baseball-reference.com//boxes/HOU/HOU201804230.shtmlProcess 1.865 seconds url: https://www.baseball-reference.com//boxes/NYA/NYA201804230.shtmlProcess 1.452 seconds url: https://www.baseball-reference.com//boxes/TEX/TEX201804230.shtmlProcess 1.545 seconds url: https://www.baseball-reference.com//boxes/CIN/CIN201804240.shtmlProcess 1.407 seconds url: https://www.baseball-reference.com//boxes/COL/COL201804240.shtmlProcess 1.452 seconds url: https://www.baseball-reference.com//boxes/KCA/KCA201804240.shtmlProcess 1.331 seconds url: https://www.baseball-reference.com//boxes/NYA/NYA201804240.shtmlProcess 1.322 seconds url: https://www.baseball-reference.com//boxes/SFN/SFN201804240.shtmlProcess 1.419 seconds url: https://www.baseball-reference.com//boxes/TEX/TEX201804240.shtmlProcess 1.326 seconds url: https://www.baseball-reference.com//boxes/BAL/BAL201804250.shtmlProcess 1.33 seconds url: https://www.baseball-reference.com//boxes/CIN/CIN201804250.shtmlProcess 1.343 seconds url: https://www.baseball-reference.com//boxes/COL/COL201804250.shtmlProcess 1.347 seconds url: https://www.baseball-reference.com//boxes/KCA/KCA201804250.shtmlProcess 1.381 seconds url: https://www.baseball-reference.com//boxes/NYA/NYA201804250.shtmlProcess 1.363 seconds url: https://www.baseball-reference.com//boxes/PIT/PIT201804251.shtmlProcess 1.341 seconds url: https://www.baseball-reference.com//boxes/SFN/SFN201804250.shtmlProcess 1.338 seconds url: https://www.baseball-reference.com//boxes/TEX/TEX201804250.shtmlProcess 1.5 seconds url: https://www.baseball-reference.com//boxes/BAL/BAL201804260.shtmlProcess 1.361 seconds url: https://www.baseball-reference.com//boxes/CIN/CIN201804260.shtmlProcess 1.316 seconds url: https://www.baseball-reference.com//boxes/KCA/KCA201804260.shtmlProcess 1.362 seconds url: https://www.baseball-reference.com//boxes/PHI/PHI201804260.shtmlProcess 1.375 seconds url: https://www.baseball-reference.com//boxes/SLN/SLN201804260.shtmlProcess 1.315 seconds url: https://www.baseball-reference.com//boxes/ANA/ANA201804270.shtmlProcess 1.317 seconds url: https://www.baseball-reference.com//boxes/BOS/BOS201804270.shtmlProcess 1.328 seconds url: https://www.baseball-reference.com//boxes/CLE/CLE201804270.shtmlProcess 1.327 seconds url: https://www.baseball-reference.com//boxes/KCA/KCA201804270.shtmlProcess 1.318 seconds url: https://www.baseball-reference.com//boxes/MIN/MIN201804270.shtmlProcess 1.433 seconds url: https://www.baseball-reference.com//boxes/PIT/PIT201804270.shtmlProcess 1.334 seconds url: https://www.baseball-reference.com//boxes/SFN/SFN201804270.shtmlProcess 1.322 seconds url: https://www.baseball-reference.com//boxes/WAS/WAS201804270.shtmlProcess 1.325 seconds url: https://www.baseball-reference.com//boxes/BAL/BAL201804280.shtmlProcess 1.315 seconds url: https://www.baseball-reference.com//boxes/CHN/CHN201804280.shtmlProcess 1.367 seconds url: https://www.baseball-reference.com//boxes/HOU/HOU201804280.shtmlProcess 1.296 seconds url: https://www.baseball-reference.com//boxes/KCA/KCA201804282.shtmlProcess 1.328 seconds url: https://www.baseball-reference.com//boxes/MIN/MIN201804280.shtmlProcess 1.651 seconds url: https://www.baseball-reference.com//boxes/PIT/PIT201804280.shtmlProcess 1.334 seconds url: https://www.baseball-reference.com//boxes/SFN/SFN201804281.shtmlProcess 1.513 seconds url: https://www.baseball-reference.com//boxes/TOR/TOR201804280.shtmlProcess 1.306 seconds url: https://www.baseball-reference.com//boxes/ANA/ANA201804290.shtmlProcess 1.308 seconds url: https://www.baseball-reference.com//boxes/BOS/BOS201804290.shtmlProcess 1.47 seconds url: https://www.baseball-reference.com//boxes/CLE/CLE201804290.shtmlProcess 1.782 seconds url: https://www.baseball-reference.com//boxes/KCA/KCA201804290.shtmlProcess 1.363 seconds url: https://www.baseball-reference.com//boxes/MIN/MIN201804290.shtmlProcess 1.37 seconds url: https://www.baseball-reference.com//boxes/PIT/PIT201804290.shtmlProcess 1.419 seconds url: https://www.baseball-reference.com//boxes/SFN/SFN201804290.shtmlProcess 1.311 seconds url: https://www.baseball-reference.com//boxes/WAS/WAS201804290.shtmlProcess 1.465 seconds url: https://www.baseball-reference.com//boxes/BOS/BOS201804300.shtmlProcess 1.473 seconds url: https://www.baseball-reference.com//boxes/CIN/CIN201804300.shtmlProcess 1.426 seconds url: https://www.baseball-reference.com//boxes/DET/DET201804300.shtmlProcess 1.324 seconds url: https://www.baseball-reference.com//boxes/MIA/MIA201804300.shtmlProcess 1.378 seconds url: https://www.baseball-reference.com//boxes/SFN/SFN201804300.shtmlProcess 1.328 seconds url: https://www.baseball-reference.com//boxes/ANA/ANA201805010.shtmlProcess 1.455 seconds url: https://www.baseball-reference.com//boxes/BOS/BOS201805010.shtmlProcess 1.387 seconds url: https://www.baseball-reference.com//boxes/CIN/CIN201805010.shtmlProcess 1.331 seconds url: https://www.baseball-reference.com//boxes/DET/DET201805010.shtmlProcess 1.336 seconds url: https://www.baseball-reference.com//boxes/MIA/MIA201805010.shtmlProcess 1.327 seconds url: https://www.baseball-reference.com//boxes/NYN/NYN201805010.shtmlProcess 1.327 seconds url: https://www.baseball-reference.com//boxes/SFN/SFN201805010.shtmlProcess 1.478 seconds url: https://www.baseball-reference.com//boxes/WAS/WAS201805010.shtmlProcess 1.322 seconds url: https://www.baseball-reference.com//boxes/ARI/ARI201805020.shtmlProcess 1.78 seconds url: https://www.baseball-reference.com//boxes/CHN/CHN201805020.shtmlProcess 1.486 seconds url: https://www.baseball-reference.com//boxes/CLE/CLE201805020.shtmlProcess 1.323 seconds url: https://www.baseball-reference.com//boxes/HOU/HOU201805020.shtmlProcess 1.31 seconds url: https://www.baseball-reference.com//boxes/MIN/MIN201805020.shtmlProcess 1.416 seconds url: https://www.baseball-reference.com//boxes/SEA/SEA201805020.shtmlProcess 1.318 seconds url: https://www.baseball-reference.com//boxes/SLN/SLN201805020.shtmlProcess 1.307 seconds url: https://www.baseball-reference.com//boxes/ANA/ANA201805030.shtmlProcess 1.442 seconds url: https://www.baseball-reference.com//boxes/CHA/CHA201805030.shtmlProcess 1.587 seconds url: https://www.baseball-reference.com//boxes/CLE/CLE201805032.shtmlProcess 1.342 seconds url: https://www.baseball-reference.com//boxes/KCA/KCA201805030.shtmlProcess 1.306 seconds url: https://www.baseball-reference.com//boxes/SEA/SEA201805030.shtmlProcess 1.462 seconds url: https://www.baseball-reference.com//boxes/WAS/WAS201805030.shtmlProcess 1.427 seconds url: https://www.baseball-reference.com//boxes/ATL/ATL201805040.shtmlProcess 1.314 seconds url: https://www.baseball-reference.com//boxes/CIN/CIN201805040.shtmlProcess 1.316 seconds url: https://www.baseball-reference.com//boxes/MIL/MIL201805040.shtmlProcess 1.315 seconds url: https://www.baseball-reference.com//boxes/NYN/NYN201805040.shtmlProcess 1.332 seconds url: https://www.baseball-reference.com//boxes/SDN/SDN201805040.shtmlProcess 1.388 seconds url: https://www.baseball-reference.com//boxes/SLN/SLN201805040.shtmlProcess 1.324 seconds url: https://www.baseball-reference.com//boxes/TEX/TEX201805040.shtmlProcess 1.677 seconds url: https://www.baseball-reference.com//boxes/ARI/ARI201805050.shtmlProcess 1.34 seconds url: https://www.baseball-reference.com//boxes/CHA/CHA201805050.shtmlProcess 1.323 seconds url: https://www.baseball-reference.com//boxes/KCA/KCA201805050.shtmlProcess 1.327 seconds url: https://www.baseball-reference.com//boxes/NYA/NYA201805050.shtmlProcess 1.31 seconds url: https://www.baseball-reference.com//boxes/OAK/OAK201805050.shtmlProcess 1.332 seconds url: https://www.baseball-reference.com//boxes/SEA/SEA201805050.shtmlProcess 1.312 seconds url: https://www.baseball-reference.com//boxes/TBA/TBA201805050.shtmlProcess 1.316 seconds url: https://www.baseball-reference.com//boxes/WAS/WAS201805050.shtmlProcess 1.333 seconds url: https://www.baseball-reference.com//boxes/ATL/ATL201805060.shtmlProcess 1.325 seconds url: https://www.baseball-reference.com//boxes/CIN/CIN201805060.shtmlProcess 1.31 seconds url: https://www.baseball-reference.com//boxes/MIL/MIL201805060.shtmlProcess 1.367 seconds url: https://www.baseball-reference.com//boxes/NYN/NYN201805060.shtmlProcess 1.323 seconds url: https://www.baseball-reference.com//boxes/SDN/SDN201805060.shtmlProcess 1.338 seconds url: https://www.baseball-reference.com//boxes/SLN/SLN201805060.shtmlProcess 1.354 seconds url: https://www.baseball-reference.com//boxes/TEX/TEX201805060.shtmlProcess 1.389 seconds url: https://www.baseball-reference.com//boxes/CHN/CHN201805070.shtmlProcess 1.317 seconds url: https://www.baseball-reference.com//boxes/OAK/OAK201805070.shtmlProcess 1.309 seconds url: https://www.baseball-reference.com//boxes/SDN/SDN201805070.shtmlProcess 1.343 seconds url: https://www.baseball-reference.com//boxes/TEX/TEX201805070.shtmlProcess 1.32 seconds url: https://www.baseball-reference.com//boxes/CHA/CHA201805080.shtmlProcess 1.317 seconds url: https://www.baseball-reference.com//boxes/CIN/CIN201805080.shtmlProcess 1.386 seconds url: https://www.baseball-reference.com//boxes/LAN/LAN201805080.shtmlProcess 1.312 seconds url: https://www.baseball-reference.com//boxes/NYA/NYA201805080.shtmlProcess 1.358 seconds url: https://www.baseball-reference.com//boxes/PHI/PHI201805080.shtmlProcess 1.774 seconds url: https://www.baseball-reference.com//boxes/SLN/SLN201805080.shtmlProcess 1.329 seconds url: https://www.baseball-reference.com//boxes/TEX/TEX201805080.shtmlProcess 1.331 seconds url: https://www.baseball-reference.com//boxes/BAL/BAL201805090.shtmlProcess 1.336 seconds url: https://www.baseball-reference.com//boxes/CHN/CHN201805090.shtmlProcess 1.334 seconds url: https://www.baseball-reference.com//boxes/COL/COL201805090.shtmlProcess 1.438 seconds url: https://www.baseball-reference.com//boxes/MIL/MIL201805090.shtmlProcess 1.391 seconds url: https://www.baseball-reference.com//boxes/OAK/OAK201805090.shtmlProcess 1.365 seconds url: https://www.baseball-reference.com//boxes/SDN/SDN201805090.shtmlProcess 1.38 seconds url: https://www.baseball-reference.com//boxes/TEX/TEX201805090.shtmlProcess 1.328 seconds url: https://www.baseball-reference.com//boxes/ANA/ANA201805100.shtmlProcess 1.335 seconds url: https://www.baseball-reference.com//boxes/BAL/BAL201805100.shtmlProcess 1.341 seconds url: https://www.baseball-reference.com//boxes/LAN/LAN201805100.shtmlProcess 1.526 seconds url: https://www.baseball-reference.com//boxes/NYA/NYA201805100.shtmlProcess 1.458 seconds url: https://www.baseball-reference.com//boxes/SDN/SDN201805100.shtmlProcess 1.378 seconds url: https://www.baseball-reference.com//boxes/ANA/ANA201805110.shtmlProcess 1.32 seconds url: https://www.baseball-reference.com//boxes/BAL/BAL201805110.shtmlProcess 1.71 seconds url: https://www.baseball-reference.com//boxes/CLE/CLE201805110.shtmlProcess 1.374 seconds url: https://www.baseball-reference.com//boxes/HOU/HOU201805110.shtmlProcess 1.439 seconds url: https://www.baseball-reference.com//boxes/MIA/MIA201805110.shtmlProcess 1.443 seconds url: https://www.baseball-reference.com//boxes/PHI/PHI201805110.shtmlProcess 1.312 seconds url: https://www.baseball-reference.com//boxes/SDN/SDN201805110.shtmlProcess 1.389 seconds url: https://www.baseball-reference.com//boxes/ANA/ANA201805120.shtmlProcess 1.511 seconds url: https://www.baseball-reference.com//boxes/BAL/BAL201805121.shtmlProcess 1.328 seconds url: https://www.baseball-reference.com//boxes/CHN/CHN201805120.shtmlProcess 1.727 seconds url: https://www.baseball-reference.com//boxes/COL/COL201805120.shtmlProcess 1.596 seconds url: https://www.baseball-reference.com//boxes/DET/DET201805122.shtmlProcess 1.34 seconds url: https://www.baseball-reference.com//boxes/LAN/LAN201805120.shtmlProcess 1.324 seconds url: https://www.baseball-reference.com//boxes/NYA/NYA201805120.shtmlProcess 1.423 seconds url: https://www.baseball-reference.com//boxes/SDN/SDN201805120.shtmlProcess 1.33 seconds url: https://www.baseball-reference.com//boxes/ANA/ANA201805130.shtmlProcess 1.423 seconds url: https://www.baseball-reference.com//boxes/BAL/BAL201805130.shtmlProcess 1.506 seconds url: https://www.baseball-reference.com//boxes/CLE/CLE201805130.shtmlProcess 1.628 seconds url: https://www.baseball-reference.com//boxes/DET/DET201805130.shtmlProcess 1.396 seconds url: https://www.baseball-reference.com//boxes/LAN/LAN201805130.shtmlProcess 1.318 seconds url: https://www.baseball-reference.com//boxes/NYA/NYA201805130.shtmlProcess 1.436 seconds url: https://www.baseball-reference.com//boxes/PIT/PIT201805130.shtmlProcess 1.349 seconds url: https://www.baseball-reference.com//boxes/TOR/TOR201805130.shtmlProcess 1.38 seconds url: https://www.baseball-reference.com//boxes/ARI/ARI201805140.shtmlProcess 1.423 seconds url: https://www.baseball-reference.com//boxes/CHN/CHN201805140.shtmlProcess 1.319 seconds url: https://www.baseball-reference.com//boxes/KCA/KCA201805140.shtmlProcess 1.381 seconds url: https://www.baseball-reference.com//boxes/SDN/SDN201805140.shtmlProcess 1.349 seconds url: https://www.baseball-reference.com//boxes/ANA/ANA201805150.shtmlProcess 2.205 seconds url: https://www.baseball-reference.com//boxes/ATL/ATL201805150.shtmlProcess 1.348 seconds url: https://www.baseball-reference.com//boxes/DET/DET201805150.shtmlProcess 1.388 seconds url: https://www.baseball-reference.com//boxes/MIA/MIA201805150.shtmlProcess 1.537 seconds url: https://www.baseball-reference.com//boxes/NYN/NYN201805150.shtmlProcess 1.435 seconds url: https://www.baseball-reference.com//boxes/SDN/SDN201805150.shtmlProcess 1.345 seconds url: https://www.baseball-reference.com//boxes/SFN/SFN201805150.shtmlProcess 1.295 seconds url: https://www.baseball-reference.com//boxes/ANA/ANA201805160.shtmlProcess 1.319 seconds url: https://www.baseball-reference.com//boxes/ATL/ATL201805160.shtmlProcess 1.32 seconds url: https://www.baseball-reference.com//boxes/BOS/BOS201805160.shtmlProcess 1.317 seconds url: https://www.baseball-reference.com//boxes/KCA/KCA201805160.shtmlProcess 1.332 seconds url: https://www.baseball-reference.com//boxes/MIN/MIN201805160.shtmlProcess 1.412 seconds url: https://www.baseball-reference.com//boxes/PIT/PIT201805160.shtmlProcess 2.174 seconds url: https://www.baseball-reference.com//boxes/SFN/SFN201805160.shtmlProcess 1.305 seconds url: https://www.baseball-reference.com//boxes/BOS/BOS201805170.shtmlProcess 1.452 seconds url: https://www.baseball-reference.com//boxes/MIA/MIA201805170.shtmlProcess 1.308 seconds url: https://www.baseball-reference.com//boxes/SEA/SEA201805170.shtmlProcess 1.321 seconds url: https://www.baseball-reference.com//boxes/SLN/SLN201805170.shtmlProcess 1.427 seconds url: https://www.baseball-reference.com//boxes/ANA/ANA201805180.shtmlProcess 1.329 seconds url: https://www.baseball-reference.com//boxes/BOS/BOS201805180.shtmlProcess 1.319 seconds url: https://www.baseball-reference.com//boxes/CIN/CIN201805180.shtmlProcess 1.354 seconds url: https://www.baseball-reference.com//boxes/KCA/KCA201805180.shtmlProcess 1.379 seconds url: https://www.baseball-reference.com//boxes/NYN/NYN201805180.shtmlProcess 1.371 seconds url: https://www.baseball-reference.com//boxes/SEA/SEA201805180.shtmlProcess 1.306 seconds url: https://www.baseball-reference.com//boxes/SLN/SLN201805180.shtmlProcess 1.93 seconds url: https://www.baseball-reference.com//boxes/ANA/ANA201805190.shtmlProcess 1.425 seconds url: https://www.baseball-reference.com//boxes/BOS/BOS201805190.shtmlProcess 3.004 seconds url: https://www.baseball-reference.com//boxes/CIN/CIN201805191.shtmlProcess 1.446 seconds url: https://www.baseball-reference.com//boxes/HOU/HOU201805190.shtmlProcess 1.301 seconds url: https://www.baseball-reference.com//boxes/MIN/MIN201805190.shtmlProcess 1.76 seconds url: https://www.baseball-reference.com//boxes/PIT/PIT201805190.shtmlProcess 1.312 seconds url: https://www.baseball-reference.com//boxes/SFN/SFN201805190.shtmlProcess 1.361 seconds url: https://www.baseball-reference.com//boxes/TOR/TOR201805190.shtmlProcess 1.379 seconds url: https://www.baseball-reference.com//boxes/WAS/WAS201805192.shtmlProcess 1.317 seconds url: https://www.baseball-reference.com//boxes/ATL/ATL201805200.shtmlProcess 1.338 seconds url: https://www.baseball-reference.com//boxes/CHA/CHA201805200.shtmlProcess 1.324 seconds url: https://www.baseball-reference.com//boxes/HOU/HOU201805200.shtmlProcess 1.322 seconds url: https://www.baseball-reference.com//boxes/MIN/MIN201805200.shtmlProcess 1.578 seconds url: https://www.baseball-reference.com//boxes/PIT/PIT201805200.shtmlProcess 1.375 seconds url: https://www.baseball-reference.com//boxes/SFN/SFN201805200.shtmlProcess 1.351 seconds url: https://www.baseball-reference.com//boxes/TOR/TOR201805200.shtmlProcess 1.329 seconds url: https://www.baseball-reference.com//boxes/CHA/CHA201805210.shtmlProcess 1.318 seconds url: https://www.baseball-reference.com//boxes/MIL/MIL201805210.shtmlProcess 1.469 seconds url: https://www.baseball-reference.com//boxes/NYN/NYN201805210.shtmlProcess 1.298 seconds url: https://www.baseball-reference.com//boxes/SLN/SLN201805210.shtmlProcess 1.322 seconds url: https://www.baseball-reference.com//boxes/WAS/WAS201805210.shtmlProcess 1.312 seconds url: https://www.baseball-reference.com//boxes/CHN/CHN201805220.shtmlProcess 1.316 seconds url: https://www.baseball-reference.com//boxes/HOU/HOU201805220.shtmlProcess 1.352 seconds url: https://www.baseball-reference.com//boxes/MIL/MIL201805220.shtmlProcess 1.407 seconds url: https://www.baseball-reference.com//boxes/NYN/NYN201805220.shtmlProcess 1.434 seconds url: https://www.baseball-reference.com//boxes/PHI/PHI201805220.shtmlProcess 1.369 seconds url: https://www.baseball-reference.com//boxes/TBA/TBA201805220.shtmlProcess 1.309 seconds url: https://www.baseball-reference.com//boxes/TOR/TOR201805220.shtmlProcess 1.359 seconds url: https://www.baseball-reference.com//boxes/CHA/CHA201805230.shtmlProcess 1.33 seconds url: https://www.baseball-reference.com//boxes/CIN/CIN201805230.shtmlProcess 1.357 seconds url: https://www.baseball-reference.com//boxes/LAN/LAN201805230.shtmlProcess 1.334 seconds url: https://www.baseball-reference.com//boxes/MIN/MIN201805230.shtmlProcess 1.332 seconds url: https://www.baseball-reference.com//boxes/OAK/OAK201805230.shtmlProcess 1.413 seconds url: https://www.baseball-reference.com//boxes/SLN/SLN201805230.shtmlProcess 1.459 seconds url: https://www.baseball-reference.com//boxes/TEX/TEX201805230.shtmlProcess 1.341 seconds url: https://www.baseball-reference.com//boxes/WAS/WAS201805230.shtmlProcess 1.326 seconds url: https://www.baseball-reference.com//boxes/CIN/CIN201805240.shtmlProcess 1.333 seconds url: https://www.baseball-reference.com//boxes/MIL/MIL201805240.shtmlProcess 1.303 seconds url: https://www.baseball-reference.com//boxes/TBA/TBA201805240.shtmlProcess 1.366 seconds url: https://www.baseball-reference.com//boxes/TOR/TOR201805240.shtmlProcess 1.348 seconds url: https://www.baseball-reference.com//boxes/CHN/CHN201805250.shtmlProcess 1.445 seconds url: https://www.baseball-reference.com//boxes/COL/COL201805250.shtmlProcess 1.361 seconds url: https://www.baseball-reference.com//boxes/LAN/LAN201805250.shtmlProcess 1.365 seconds url: https://www.baseball-reference.com//boxes/MIL/MIL201805250.shtmlProcess 1.309 seconds url: https://www.baseball-reference.com//boxes/OAK/OAK201805250.shtmlProcess 1.336 seconds url: https://www.baseball-reference.com//boxes/PIT/PIT201805250.shtmlProcess 1.399 seconds url: https://www.baseball-reference.com//boxes/TBA/TBA201805250.shtmlProcess 1.323 seconds url: https://www.baseball-reference.com//boxes/BOS/BOS201805260.shtmlProcess 1.314 seconds url: https://www.baseball-reference.com//boxes/CLE/CLE201805260.shtmlProcess 1.314 seconds url: https://www.baseball-reference.com//boxes/DET/DET201805260.shtmlProcess 1.298 seconds url: https://www.baseball-reference.com//boxes/MIA/MIA201805260.shtmlProcess 1.425 seconds url: https://www.baseball-reference.com//boxes/NYA/NYA201805260.shtmlProcess 1.311 seconds url: https://www.baseball-reference.com//boxes/PHI/PHI201805260.shtmlProcess 1.347 seconds url: https://www.baseball-reference.com//boxes/SEA/SEA201805260.shtmlProcess 1.321 seconds url: https://www.baseball-reference.com//boxes/TEX/TEX201805260.shtmlProcess 1.331 seconds url: https://www.baseball-reference.com//boxes/CHN/CHN201805270.shtmlProcess 1.309 seconds url: https://www.baseball-reference.com//boxes/COL/COL201805270.shtmlProcess 1.337 seconds url: https://www.baseball-reference.com//boxes/LAN/LAN201805270.shtmlProcess 1.632 seconds url: https://www.baseball-reference.com//boxes/MIL/MIL201805270.shtmlProcess 1.546 seconds url: https://www.baseball-reference.com//boxes/OAK/OAK201805270.shtmlProcess 1.347 seconds url: https://www.baseball-reference.com//boxes/PIT/PIT201805270.shtmlProcess 1.305 seconds url: https://www.baseball-reference.com//boxes/TBA/TBA201805270.shtmlProcess 1.333 seconds url: https://www.baseball-reference.com//boxes/ARI/ARI201805280.shtmlProcess 1.393 seconds url: https://www.baseball-reference.com//boxes/ATL/ATL201805282.shtmlProcess 1.306 seconds url: https://www.baseball-reference.com//boxes/BOS/BOS201805280.shtmlProcess 1.31 seconds url: https://www.baseball-reference.com//boxes/COL/COL201805280.shtmlProcess 1.36 seconds url: https://www.baseball-reference.com//boxes/KCA/KCA201805280.shtmlProcess 1.336 seconds url: https://www.baseball-reference.com//boxes/MIL/MIL201805280.shtmlProcess 1.394 seconds url: https://www.baseball-reference.com//boxes/OAK/OAK201805280.shtmlProcess 1.3 seconds url: https://www.baseball-reference.com//boxes/SDN/SDN201805280.shtmlProcess 1.376 seconds url: https://www.baseball-reference.com//boxes/ARI/ARI201805290.shtmlProcess 1.306 seconds url: https://www.baseball-reference.com//boxes/BAL/BAL201805290.shtmlProcess 1.319 seconds url: https://www.baseball-reference.com//boxes/CLE/CLE201805290.shtmlProcess 2.165 seconds url: https://www.baseball-reference.com//boxes/DET/DET201805290.shtmlProcess 2.321 seconds url: https://www.baseball-reference.com//boxes/LAN/LAN201805290.shtmlProcess 1.549 seconds url: https://www.baseball-reference.com//boxes/NYA/NYA201805290.shtmlProcess 1.973 seconds url: https://www.baseball-reference.com//boxes/PIT/PIT201805290.shtmlProcess 1.458 seconds url: https://www.baseball-reference.com//boxes/SEA/SEA201805290.shtmlProcess 1.429 seconds url: https://www.baseball-reference.com//boxes/ATL/ATL201805300.shtmlProcess 1.398 seconds url: https://www.baseball-reference.com//boxes/BOS/BOS201805300.shtmlProcess 2.631 seconds url: https://www.baseball-reference.com//boxes/COL/COL201805300.shtmlProcess 1.496 seconds url: https://www.baseball-reference.com//boxes/KCA/KCA201805300.shtmlProcess 1.498 seconds url: https://www.baseball-reference.com//boxes/MIL/MIL201805300.shtmlProcess 1.38 seconds url: https://www.baseball-reference.com//boxes/OAK/OAK201805300.shtmlProcess 1.478 seconds url: https://www.baseball-reference.com//boxes/SDN/SDN201805300.shtmlProcess 1.327 seconds url: https://www.baseball-reference.com//boxes/ATL/ATL201805310.shtmlProcess 1.413 seconds url: https://www.baseball-reference.com//boxes/HOU/HOU201805310.shtmlProcess 2.081 seconds url: https://www.baseball-reference.com//boxes/MIN/MIN201805310.shtmlProcess 1.586 seconds url: https://www.baseball-reference.com//boxes/OAK/OAK201805310.shtmlProcess 1.56 seconds url: https://www.baseball-reference.com//boxes/SEA/SEA201805310.shtmlProcess 1.498 seconds url: https://www.baseball-reference.com//boxes/ANA/ANA201806010.shtmlProcess 1.309 seconds url: https://www.baseball-reference.com//boxes/ATL/ATL201806010.shtmlProcess 1.36 seconds url: https://www.baseball-reference.com//boxes/CHA/CHA201806010.shtmlProcess 1.327 seconds url: https://www.baseball-reference.com//boxes/DET/DET201806010.shtmlProcess 1.531 seconds url: https://www.baseball-reference.com//boxes/KCA/KCA201806010.shtmlProcess 1.363 seconds url: https://www.baseball-reference.com//boxes/NYN/NYN201806010.shtmlProcess 1.354 seconds url: https://www.baseball-reference.com//boxes/SEA/SEA201806010.shtmlProcess 1.36 seconds url: https://www.baseball-reference.com//boxes/SLN/SLN201806010.shtmlProcess 1.426 seconds url: https://www.baseball-reference.com//boxes/ARI/ARI201806020.shtmlProcess 1.404 seconds url: https://www.baseball-reference.com//boxes/BAL/BAL201806020.shtmlProcess 1.384 seconds url: https://www.baseball-reference.com//boxes/COL/COL201806020.shtmlProcess 1.418 seconds url: https://www.baseball-reference.com//boxes/HOU/HOU201806020.shtmlProcess 1.389 seconds url: https://www.baseball-reference.com//boxes/MIN/MIN201806020.shtmlProcess 1.323 seconds url: https://www.baseball-reference.com//boxes/SDN/SDN201806020.shtmlProcess 1.318 seconds url: https://www.baseball-reference.com//boxes/SFN/SFN201806020.shtmlProcess 1.319 seconds url: https://www.baseball-reference.com//boxes/ANA/ANA201806030.shtmlProcess 1.321 seconds url: https://www.baseball-reference.com//boxes/ATL/ATL201806030.shtmlProcess 1.469 seconds url: https://www.baseball-reference.com//boxes/COL/COL201806030.shtmlProcess 1.601 seconds url: https://www.baseball-reference.com//boxes/HOU/HOU201806030.shtmlProcess 1.363 seconds url: https://www.baseball-reference.com//boxes/MIN/MIN201806030.shtmlProcess 1.414 seconds url: https://www.baseball-reference.com//boxes/SDN/SDN201806030.shtmlProcess 1.424 seconds url: https://www.baseball-reference.com//boxes/SFN/SFN201806030.shtmlProcess 1.518 seconds url: https://www.baseball-reference.com//boxes/ANA/ANA201806040.shtmlProcess 1.336 seconds url: https://www.baseball-reference.com//boxes/DET/DET201806042.shtmlProcess 1.645 seconds url: https://www.baseball-reference.com//boxes/SFN/SFN201806040.shtmlProcess 1.521 seconds url: https://www.baseball-reference.com//boxes/BOS/BOS201806050.shtmlProcess 1.658 seconds url: https://www.baseball-reference.com//boxes/CIN/CIN201806050.shtmlProcess 1.483 seconds url: https://www.baseball-reference.com//boxes/HOU/HOU201806050.shtmlProcess 2.519 seconds url: https://www.baseball-reference.com//boxes/MIN/MIN201806052.shtmlProcess 1.658 seconds url: https://www.baseball-reference.com//boxes/PIT/PIT201806050.shtmlProcess 1.409 seconds url: https://www.baseball-reference.com//boxes/SFN/SFN201806050.shtmlProcess 1.312 seconds url: https://www.baseball-reference.com//boxes/TEX/TEX201806050.shtmlProcess 1.341 seconds url: https://www.baseball-reference.com//boxes/WAS/WAS201806050.shtmlProcess 1.555 seconds url: https://www.baseball-reference.com//boxes/BOS/BOS201806060.shtmlProcess 1.343 seconds url: https://www.baseball-reference.com//boxes/CIN/CIN201806060.shtmlProcess 1.328 seconds url: https://www.baseball-reference.com//boxes/HOU/HOU201806060.shtmlProcess 1.333 seconds url: https://www.baseball-reference.com//boxes/NYN/NYN201806060.shtmlProcess 1.544 seconds url: https://www.baseball-reference.com//boxes/SDN/SDN201806060.shtmlProcess 1.354 seconds url: https://www.baseball-reference.com//boxes/SLN/SLN201806060.shtmlProcess 1.448 seconds url: https://www.baseball-reference.com//boxes/TOR/TOR201806060.shtmlProcess 1.432 seconds url: https://www.baseball-reference.com//boxes/BOS/BOS201806070.shtmlProcess 1.408 seconds url: https://www.baseball-reference.com//boxes/CIN/CIN201806070.shtmlProcess 1.306 seconds url: https://www.baseball-reference.com//boxes/OAK/OAK201806070.shtmlProcess 1.992 seconds url: https://www.baseball-reference.com//boxes/SLN/SLN201806070.shtmlProcess 1.494 seconds url: https://www.baseball-reference.com//boxes/TEX/TEX201806070.shtmlProcess 1.699 seconds url: https://www.baseball-reference.com//boxes/BOS/BOS201806080.shtmlProcess 1.477 seconds url: https://www.baseball-reference.com//boxes/CIN/CIN201806080.shtmlProcess 1.648 seconds url: https://www.baseball-reference.com//boxes/DET/DET201806080.shtmlProcess 1.394 seconds url: https://www.baseball-reference.com//boxes/MIA/MIA201806080.shtmlProcess 1.387 seconds url: https://www.baseball-reference.com//boxes/NYN/NYN201806080.shtmlProcess 1.332 seconds url: https://www.baseball-reference.com//boxes/PHI/PHI201806080.shtmlProcess 1.322 seconds url: https://www.baseball-reference.com//boxes/TEX/TEX201806080.shtmlProcess 1.316 seconds url: https://www.baseball-reference.com//boxes/WAS/WAS201806080.shtmlProcess 1.308 seconds url: https://www.baseball-reference.com//boxes/CHN/CHN201806090.shtmlProcess 1.361 seconds url: https://www.baseball-reference.com//boxes/COL/COL201806090.shtmlProcess 1.994 seconds url: https://www.baseball-reference.com//boxes/LAN/LAN201806090.shtmlProcess 1.316 seconds url: https://www.baseball-reference.com//boxes/MIN/MIN201806090.shtmlProcess 1.317 seconds url: https://www.baseball-reference.com//boxes/OAK/OAK201806090.shtmlProcess 1.325 seconds url: https://www.baseball-reference.com//boxes/TBA/TBA201806090.shtmlProcess 1.46 seconds url: https://www.baseball-reference.com//boxes/TOR/TOR201806090.shtmlProcess 1.577 seconds url: https://www.baseball-reference.com//boxes/BOS/BOS201806100.shtmlProcess 1.322 seconds url: https://www.baseball-reference.com//boxes/CIN/CIN201806100.shtmlProcess 1.938 seconds url: https://www.baseball-reference.com//boxes/DET/DET201806100.shtmlProcess 1.31 seconds url: https://www.baseball-reference.com//boxes/MIA/MIA201806100.shtmlProcess 1.379 seconds url: https://www.baseball-reference.com//boxes/NYN/NYN201806100.shtmlProcess 1.449 seconds url: https://www.baseball-reference.com//boxes/PHI/PHI201806100.shtmlProcess 8.177 seconds url: https://www.baseball-reference.com//boxes/TEX/TEX201806100.shtmlProcess 6.797 seconds url: https://www.baseball-reference.com//boxes/WAS/WAS201806100.shtmlProcess 5.481 seconds url: https://www.baseball-reference.com//boxes/BAL/BAL201806110.shtmlProcess 2.734 seconds url: https://www.baseball-reference.com//boxes/MIA/MIA201806110.shtmlProcess 1.457 seconds url: https://www.baseball-reference.com//boxes/SEA/SEA201806110.shtmlProcess 1.322 seconds url: https://www.baseball-reference.com//boxes/TBA/TBA201806110.shtmlProcess 1.333 seconds url: https://www.baseball-reference.com//boxes/ATL/ATL201806120.shtmlProcess 1.321 seconds url: https://www.baseball-reference.com//boxes/CHA/CHA201806120.shtmlProcess 1.335 seconds url: https://www.baseball-reference.com//boxes/KCA/KCA201806120.shtmlProcess 1.619 seconds url: https://www.baseball-reference.com//boxes/MIA/MIA201806120.shtmlProcess 2.204 seconds url: https://www.baseball-reference.com//boxes/NYA/NYA201806120.shtmlProcess 1.345 seconds url: https://www.baseball-reference.com//boxes/PHI/PHI201806120.shtmlProcess 1.527 seconds url: https://www.baseball-reference.com//boxes/SLN/SLN201806120.shtmlProcess 1.59 seconds url: https://www.baseball-reference.com//boxes/ARI/ARI201806130.shtmlProcess 1.317 seconds url: https://www.baseball-reference.com//boxes/BAL/BAL201806130.shtmlProcess 1.35 seconds url: https://www.baseball-reference.com//boxes/DET/DET201806130.shtmlProcess 1.435 seconds url: https://www.baseball-reference.com//boxes/LAN/LAN201806130.shtmlProcess 1.367 seconds url: https://www.baseball-reference.com//boxes/MIL/MIL201806130.shtmlProcess 1.366 seconds url: https://www.baseball-reference.com//boxes/OAK/OAK201806130.shtmlProcess 1.326 seconds url: https://www.baseball-reference.com//boxes/SEA/SEA201806130.shtmlProcess 1.311 seconds url: https://www.baseball-reference.com//boxes/TBA/TBA201806130.shtmlProcess 1.336 seconds url: https://www.baseball-reference.com//boxes/ATL/ATL201806140.shtmlProcess 1.325 seconds url: https://www.baseball-reference.com//boxes/DET/DET201806140.shtmlProcess 1.412 seconds url: https://www.baseball-reference.com//boxes/NYA/NYA201806140.shtmlProcess 1.619 seconds url: https://www.baseball-reference.com//boxes/PHI/PHI201806140.shtmlProcess 1.792 seconds url: https://www.baseball-reference.com//boxes/ARI/ARI201806150.shtmlProcess 1.444 seconds url: https://www.baseball-reference.com//boxes/BAL/BAL201806150.shtmlProcess 1.666 seconds url: https://www.baseball-reference.com//boxes/CLE/CLE201806150.shtmlProcess 1.436 seconds url: https://www.baseball-reference.com//boxes/LAN/LAN201806150.shtmlProcess 1.43 seconds url: https://www.baseball-reference.com//boxes/NYA/NYA201806150.shtmlProcess 1.347 seconds url: https://www.baseball-reference.com//boxes/PIT/PIT201806150.shtmlProcess 1.329 seconds url: https://www.baseball-reference.com//boxes/SLN/SLN201806150.shtmlProcess 1.508 seconds url: https://www.baseball-reference.com//boxes/TOR/TOR201806150.shtmlProcess 1.303 seconds url: https://www.baseball-reference.com//boxes/ATL/ATL201806160.shtmlProcess 1.331 seconds url: https://www.baseball-reference.com//boxes/CHA/CHA201806160.shtmlProcess 1.332 seconds url: https://www.baseball-reference.com//boxes/KCA/KCA201806160.shtmlProcess 1.661 seconds url: https://www.baseball-reference.com//boxes/MIL/MIL201806160.shtmlProcess 1.329 seconds url: https://www.baseball-reference.com//boxes/OAK/OAK201806160.shtmlProcess 1.373 seconds url: https://www.baseball-reference.com//boxes/SEA/SEA201806160.shtmlProcess 1.322 seconds url: https://www.baseball-reference.com//boxes/TEX/TEX201806160.shtmlProcess 1.414 seconds url: https://www.baseball-reference.com//boxes/ARI/ARI201806170.shtmlProcess 1.336 seconds url: https://www.baseball-reference.com//boxes/BAL/BAL201806170.shtmlProcess 1.353 seconds url: https://www.baseball-reference.com//boxes/CLE/CLE201806170.shtmlProcess 1.316 seconds url: https://www.baseball-reference.com//boxes/LAN/LAN201806170.shtmlProcess 1.326 seconds url: https://www.baseball-reference.com//boxes/NYA/NYA201806170.shtmlProcess 1.438 seconds url: https://www.baseball-reference.com//boxes/PIT/PIT201806170.shtmlProcess 1.307 seconds url: https://www.baseball-reference.com//boxes/SLN/SLN201806170.shtmlProcess 1.321 seconds url: https://www.baseball-reference.com//boxes/TOR/TOR201806170.shtmlProcess 1.316 seconds url: https://www.baseball-reference.com//boxes/CLE/CLE201806180.shtmlProcess 1.377 seconds url: https://www.baseball-reference.com//boxes/HOU/HOU201806180.shtmlProcess 1.342 seconds url: https://www.baseball-reference.com//boxes/PHI/PHI201806180.shtmlProcess 1.323 seconds url: https://www.baseball-reference.com//boxes/SFN/SFN201806180.shtmlProcess 1.316 seconds url: https://www.baseball-reference.com//boxes/ANA/ANA201806190.shtmlProcess 1.341 seconds url: https://www.baseball-reference.com//boxes/CHN/CHN201806192.shtmlProcess 1.339 seconds url: https://www.baseball-reference.com//boxes/CLE/CLE201806190.shtmlProcess 1.328 seconds url: https://www.baseball-reference.com//boxes/HOU/HOU201806190.shtmlProcess 1.318 seconds url: https://www.baseball-reference.com//boxes/MIN/MIN201806190.shtmlProcess 1.385 seconds url: https://www.baseball-reference.com//boxes/PHI/PHI201806190.shtmlProcess 1.386 seconds url: https://www.baseball-reference.com//boxes/SDN/SDN201806190.shtmlProcess 1.402 seconds url: https://www.baseball-reference.com//boxes/TOR/TOR201806190.shtmlProcess 1.54 seconds url: https://www.baseball-reference.com//boxes/CHN/CHN201806200.shtmlProcess 1.397 seconds url: https://www.baseball-reference.com//boxes/CLE/CLE201806200.shtmlProcess 1.427 seconds url: https://www.baseball-reference.com//boxes/HOU/HOU201806200.shtmlProcess 1.348 seconds url: https://www.baseball-reference.com//boxes/MIN/MIN201806200.shtmlProcess 1.32 seconds url: https://www.baseball-reference.com//boxes/PHI/PHI201806200.shtmlProcess 1.314 seconds url: https://www.baseball-reference.com//boxes/SFN/SFN201806200.shtmlProcess 1.32 seconds url: https://www.baseball-reference.com//boxes/WAS/WAS201806200.shtmlProcess 1.336 seconds url: https://www.baseball-reference.com//boxes/CIN/CIN201806210.shtmlProcess 1.33 seconds url: https://www.baseball-reference.com//boxes/MIL/MIL201806210.shtmlProcess 1.501 seconds url: https://www.baseball-reference.com//boxes/NYA/NYA201806210.shtmlProcess 1.372 seconds url: https://www.baseball-reference.com//boxes/SFN/SFN201806210.shtmlProcess 1.354 seconds url: https://www.baseball-reference.com//boxes/ANA/ANA201806220.shtmlProcess 1.374 seconds url: https://www.baseball-reference.com//boxes/BOS/BOS201806220.shtmlProcess 1.374 seconds url: https://www.baseball-reference.com//boxes/CHA/CHA201806222.shtmlProcess 1.326 seconds url: https://www.baseball-reference.com//boxes/CLE/CLE201806220.shtmlProcess 1.306 seconds url: https://www.baseball-reference.com//boxes/HOU/HOU201806220.shtmlProcess 1.328 seconds url: https://www.baseball-reference.com//boxes/MIN/MIN201806220.shtmlProcess 1.347 seconds url: https://www.baseball-reference.com//boxes/PIT/PIT201806220.shtmlProcess 1.316 seconds url: https://www.baseball-reference.com//boxes/TBA/TBA201806220.shtmlProcess 1.366 seconds url: https://www.baseball-reference.com//boxes/ANA/ANA201806230.shtmlProcess 1.425 seconds url: https://www.baseball-reference.com//boxes/BOS/BOS201806230.shtmlProcess 1.306 seconds url: https://www.baseball-reference.com//boxes/CIN/CIN201806230.shtmlProcess 1.314 seconds url: https://www.baseball-reference.com//boxes/COL/COL201806230.shtmlProcess 1.439 seconds url: https://www.baseball-reference.com//boxes/MIL/MIL201806230.shtmlProcess 1.335 seconds url: https://www.baseball-reference.com//boxes/NYN/NYN201806230.shtmlProcess 1.314 seconds url: https://www.baseball-reference.com//boxes/SFN/SFN201806230.shtmlProcess 1.396 seconds url: https://www.baseball-reference.com//boxes/WAS/WAS201806230.shtmlProcess 1.349 seconds url: https://www.baseball-reference.com//boxes/ATL/ATL201806240.shtmlProcess 1.837 seconds url: https://www.baseball-reference.com//boxes/CHA/CHA201806240.shtmlProcess 1.426 seconds url: https://www.baseball-reference.com//boxes/CLE/CLE201806240.shtmlProcess 1.547 seconds url: https://www.baseball-reference.com//boxes/HOU/HOU201806240.shtmlProcess 1.383 seconds url: https://www.baseball-reference.com//boxes/MIN/MIN201806240.shtmlProcess 1.372 seconds url: https://www.baseball-reference.com//boxes/PIT/PIT201806240.shtmlProcess 1.391 seconds url: https://www.baseball-reference.com//boxes/TBA/TBA201806240.shtmlProcess 1.324 seconds url: https://www.baseball-reference.com//boxes/ATL/ATL201806250.shtmlProcess 1.405 seconds url: https://www.baseball-reference.com//boxes/DET/DET201806250.shtmlProcess 1.306 seconds url: https://www.baseball-reference.com//boxes/KCA/KCA201806250.shtmlProcess 1.447 seconds url: https://www.baseball-reference.com//boxes/MIA/MIA201806250.shtmlProcess 1.369 seconds url: https://www.baseball-reference.com//boxes/PHI/PHI201806250.shtmlProcess 1.303 seconds url: https://www.baseball-reference.com//boxes/TBA/TBA201806250.shtmlProcess 2.132 seconds url: https://www.baseball-reference.com//boxes/ATL/ATL201806260.shtmlProcess 1.377 seconds url: https://www.baseball-reference.com//boxes/BOS/BOS201806260.shtmlProcess 1.318 seconds url: https://www.baseball-reference.com//boxes/DET/DET201806260.shtmlProcess 1.409 seconds url: https://www.baseball-reference.com//boxes/LAN/LAN201806260.shtmlProcess 1.351 seconds url: https://www.baseball-reference.com//boxes/MIL/MIL201806260.shtmlProcess 1.414 seconds url: https://www.baseball-reference.com//boxes/PHI/PHI201806260.shtmlProcess 1.344 seconds url: https://www.baseball-reference.com//boxes/SLN/SLN201806260.shtmlProcess 1.321 seconds url: https://www.baseball-reference.com//boxes/TEX/TEX201806260.shtmlProcess 1.342 seconds url: https://www.baseball-reference.com//boxes/BAL/BAL201806270.shtmlProcess 1.3 seconds url: https://www.baseball-reference.com//boxes/CHA/CHA201806270.shtmlProcess 1.331 seconds url: https://www.baseball-reference.com//boxes/HOU/HOU201806270.shtmlProcess 1.302 seconds url: https://www.baseball-reference.com//boxes/MIA/MIA201806270.shtmlProcess 1.312 seconds url: https://www.baseball-reference.com//boxes/NYN/NYN201806270.shtmlProcess 1.299 seconds url: https://www.baseball-reference.com//boxes/SFN/SFN201806270.shtmlProcess 1.414 seconds url: https://www.baseball-reference.com//boxes/TEX/TEX201806270.shtmlProcess 1.312 seconds url: https://www.baseball-reference.com//boxes/BOS/BOS201806280.shtmlProcess 1.335 seconds url: https://www.baseball-reference.com//boxes/CIN/CIN201806280.shtmlProcess 1.346 seconds url: https://www.baseball-reference.com//boxes/LAN/LAN201806280.shtmlProcess 1.329 seconds url: https://www.baseball-reference.com//boxes/PHI/PHI201806280.shtmlProcess 1.338 seconds url: https://www.baseball-reference.com//boxes/TBA/TBA201806280.shtmlProcess 1.407 seconds url: https://www.baseball-reference.com//boxes/BAL/BAL201806290.shtmlProcess 1.354 seconds url: https://www.baseball-reference.com//boxes/CIN/CIN201806290.shtmlProcess 1.382 seconds url: https://www.baseball-reference.com//boxes/MIA/MIA201806290.shtmlProcess 1.339 seconds url: https://www.baseball-reference.com//boxes/OAK/OAK201806290.shtmlProcess 1.322 seconds url: https://www.baseball-reference.com//boxes/SDN/SDN201806290.shtmlProcess 1.339 seconds url: https://www.baseball-reference.com//boxes/SLN/SLN201806290.shtmlProcess 1.321 seconds url: https://www.baseball-reference.com//boxes/TEX/TEX201806290.shtmlProcess 1.32 seconds url: https://www.baseball-reference.com//boxes/ARI/ARI201806300.shtmlProcess 1.322 seconds url: https://www.baseball-reference.com//boxes/CHN/CHN201806300.shtmlProcess 1.315 seconds url: https://www.baseball-reference.com//boxes/LAN/LAN201806300.shtmlProcess 1.301 seconds url: https://www.baseball-reference.com//boxes/NYA/NYA201806300.shtmlProcess 1.335 seconds url: https://www.baseball-reference.com//boxes/PHI/PHI201806300.shtmlProcess 1.468 seconds url: https://www.baseball-reference.com//boxes/SEA/SEA201806300.shtmlProcess 1.301 seconds url: https://www.baseball-reference.com//boxes/TBA/TBA201806300.shtmlProcess 1.306 seconds url: https://www.baseball-reference.com//boxes/TOR/TOR201806300.shtmlProcess 1.304 seconds url: https://www.baseball-reference.com//boxes/BAL/BAL201807010.shtmlProcess 1.327 seconds url: https://www.baseball-reference.com//boxes/CIN/CIN201807010.shtmlProcess 1.331 seconds url: https://www.baseball-reference.com//boxes/MIA/MIA201807010.shtmlProcess 1.321 seconds url: https://www.baseball-reference.com//boxes/OAK/OAK201807010.shtmlProcess 1.901 seconds url: https://www.baseball-reference.com//boxes/SDN/SDN201807010.shtmlProcess 1.442 seconds url: https://www.baseball-reference.com//boxes/SLN/SLN201807010.shtmlProcess 1.484 seconds url: https://www.baseball-reference.com//boxes/TEX/TEX201807010.shtmlProcess 1.32 seconds url: https://www.baseball-reference.com//boxes/ARI/ARI201807020.shtmlProcess 1.328 seconds url: https://www.baseball-reference.com//boxes/COL/COL201807020.shtmlProcess 1.342 seconds url: https://www.baseball-reference.com//boxes/LAN/LAN201807020.shtmlProcess 1.338 seconds url: https://www.baseball-reference.com//boxes/MIL/MIL201807020.shtmlProcess 1.422 seconds url: https://www.baseball-reference.com//boxes/TOR/TOR201807020.shtmlProcess 1.323 seconds url: https://www.baseball-reference.com//boxes/ARI/ARI201807030.shtmlProcess 1.322 seconds url: https://www.baseball-reference.com//boxes/CIN/CIN201807030.shtmlProcess 1.359 seconds url: https://www.baseball-reference.com//boxes/KCA/KCA201807030.shtmlProcess 1.323 seconds url: https://www.baseball-reference.com//boxes/MIA/MIA201807030.shtmlProcess 1.404 seconds url: https://www.baseball-reference.com//boxes/NYA/NYA201807030.shtmlProcess 1.43 seconds url: https://www.baseball-reference.com//boxes/PHI/PHI201807030.shtmlProcess 1.676 seconds url: https://www.baseball-reference.com//boxes/TEX/TEX201807030.shtmlProcess 1.367 seconds url: https://www.baseball-reference.com//boxes/WAS/WAS201807030.shtmlProcess 1.47 seconds url: https://www.baseball-reference.com//boxes/CHN/CHN201807040.shtmlProcess 1.328 seconds url: https://www.baseball-reference.com//boxes/COL/COL201807040.shtmlProcess 1.602 seconds url: https://www.baseball-reference.com//boxes/LAN/LAN201807040.shtmlProcess 1.461 seconds url: https://www.baseball-reference.com//boxes/MIL/MIL201807040.shtmlProcess 1.322 seconds url: https://www.baseball-reference.com//boxes/OAK/OAK201807040.shtmlProcess 1.317 seconds url: https://www.baseball-reference.com//boxes/SEA/SEA201807040.shtmlProcess 1.347 seconds url: https://www.baseball-reference.com//boxes/TOR/TOR201807040.shtmlProcess 1.319 seconds url: https://www.baseball-reference.com//boxes/ARI/ARI201807050.shtmlProcess 1.296 seconds url: https://www.baseball-reference.com//boxes/HOU/HOU201807050.shtmlProcess 1.41 seconds url: https://www.baseball-reference.com//boxes/MIN/MIN201807050.shtmlProcess 1.325 seconds url: https://www.baseball-reference.com//boxes/SFN/SFN201807050.shtmlProcess 1.313 seconds url: https://www.baseball-reference.com//boxes/ANA/ANA201807060.shtmlProcess 1.312 seconds url: https://www.baseball-reference.com//boxes/CHN/CHN201807060.shtmlProcess 1.315 seconds url: https://www.baseball-reference.com//boxes/DET/DET201807060.shtmlProcess 1.334 seconds url: https://www.baseball-reference.com//boxes/KCA/KCA201807060.shtmlProcess 1.39 seconds url: https://www.baseball-reference.com//boxes/MIN/MIN201807060.shtmlProcess 1.517 seconds url: https://www.baseball-reference.com//boxes/PIT/PIT201807060.shtmlTraceback (most recent call last):
/n  File "C:\Anaconda3\lib\site-packages\urllib3\connection.py", line 159, in _new_conn
    (self._dns_host, self.port), self.timeout, **extra_kw)
/n  File "C:\Anaconda3\lib\site-packages\urllib3\util\connection.py", line 57, in create_connection
    for res in socket.getaddrinfo(host, port, family, socket.SOCK_STREAM):
/n  File "C:\Anaconda3\lib\socket.py", line 748, in getaddrinfo
    for res in _socket.getaddrinfo(host, port, family, type, proto, flags):
/nsocket.gaierror: [Errno 11001] getaddrinfo failed
/n
During handling of the above exception, another exception occurred:

/nTraceback (most recent call last):
/n  File "C:\Anaconda3\lib\site-packages\urllib3\connectionpool.py", line 600, in urlopen
    chunked=chunked)
/n  File "C:\Anaconda3\lib\site-packages\urllib3\connectionpool.py", line 343, in _make_request
    self._validate_conn(conn)
/n  File "C:\Anaconda3\lib\site-packages\urllib3\connectionpool.py", line 839, in _validate_conn
    conn.connect()
/n  File "C:\Anaconda3\lib\site-packages\urllib3\connection.py", line 301, in connect
    conn = self._new_conn()
/n  File "C:\Anaconda3\lib\site-packages\urllib3\connection.py", line 168, in _new_conn
    self, "Failed to establish a new connection: %s" % e)
/nurllib3.exceptions.NewConnectionError: <urllib3.connection.VerifiedHTTPSConnection object at 0x0842D650>: Failed to establish a new connection: [Errno 11001] getaddrinfo failed
/n
During handling of the above exception, another exception occurred:

/nTraceback (most recent call last):
/n  File "C:\Anaconda3\lib\site-packages\requests\adapters.py", line 449, in send
    timeout=timeout
/n  File "C:\Anaconda3\lib\site-packages\urllib3\connectionpool.py", line 638, in urlopen
    _stacktrace=sys.exc_info()[2])
/n  File "C:\Anaconda3\lib\site-packages\urllib3\util\retry.py", line 398, in increment
    raise MaxRetryError(_pool, url, error or ResponseError(cause))
/nurllib3.exceptions.MaxRetryError: HTTPSConnectionPool(host='www.baseball-reference.com', port=443): Max retries exceeded with url: //boxes/SFN/SFN201807060.shtml (Caused by NewConnectionError('<urllib3.connection.VerifiedHTTPSConnection object at 0x0842D650>: Failed to establish a new connection: [Errno 11001] getaddrinfo failed'))
/n
During handling of the above exception, another exception occurred:

/nTraceback (most recent call last):
/n  File "<ipython-input-1-540b36a42d15>", line 105, in load_mlb_games
    reps = requests.get(link)
/n  File "C:\Anaconda3\lib\site-packages\requests\api.py", line 75, in get
    return request('get', url, params=params, **kwargs)
/n  File "C:\Anaconda3\lib\site-packages\requests\api.py", line 60, in request
    return session.request(method=method, url=url, **kwargs)
/n  File "C:\Anaconda3\lib\site-packages\requests\sessions.py", line 533, in request
    resp = self.send(prep, **send_kwargs)
/n  File "C:\Anaconda3\lib\site-packages\requests\sessions.py", line 646, in send
    r = adapter.send(request, **kwargs)
/n  File "C:\Anaconda3\lib\site-packages\requests\adapters.py", line 516, in send
    raise ConnectionError(e, request=request)
/nrequests.exceptions.ConnectionError: HTTPSConnectionPool(host='www.baseball-reference.com', port=443): Max retries exceeded with url: //boxes/SFN/SFN201807060.shtml (Caused by NewConnectionError('<urllib3.connection.VerifiedHTTPSConnection object at 0x0842D650>: Failed to establish a new connection: [Errno 11001] getaddrinfo failed'))
/nTraceback (most recent call last):
/n  File "C:\Anaconda3\lib\site-packages\urllib3\connection.py", line 159, in _new_conn
    (self._dns_host, self.port), self.timeout, **extra_kw)
/n  File "C:\Anaconda3\lib\site-packages\urllib3\util\connection.py", line 57, in create_connection
    for res in socket.getaddrinfo(host, port, family, socket.SOCK_STREAM):
/n  File "C:\Anaconda3\lib\socket.py", line 748, in getaddrinfo
    for res in _socket.getaddrinfo(host, port, family, type, proto, flags):
/nsocket.gaierror: [Errno 11001] getaddrinfo failed
/n
During handling of the above exception, another exception occurred:

/nTraceback (most recent call last):
/n  File "C:\Anaconda3\lib\site-packages\urllib3\connectionpool.py", line 600, in urlopen
    chunked=chunked)
/n  File "C:\Anaconda3\lib\site-packages\urllib3\connectionpool.py", line 343, in _make_request
    self._validate_conn(conn)
/n  File "C:\Anaconda3\lib\site-packages\urllib3\connectionpool.py", line 839, in _validate_conn
    conn.connect()
/n  File "C:\Anaconda3\lib\site-packages\urllib3\connection.py", line 301, in connect
    conn = self._new_conn()
/n  File "C:\Anaconda3\lib\site-packages\urllib3\connection.py", line 168, in _new_conn
    self, "Failed to establish a new connection: %s" % e)
/nurllib3.exceptions.NewConnectionError: <urllib3.connection.VerifiedHTTPSConnection object at 0x0842DB70>: Failed to establish a new connection: [Errno 11001] getaddrinfo failed
/n
During handling of the above exception, another exception occurred:

/nTraceback (most recent call last):
/n  File "C:\Anaconda3\lib\site-packages\requests\adapters.py", line 449, in send
    timeout=timeout
/n  File "C:\Anaconda3\lib\site-packages\urllib3\connectionpool.py", line 638, in urlopen
    _stacktrace=sys.exc_info()[2])
/n  File "C:\Anaconda3\lib\site-packages\urllib3\util\retry.py", line 398, in increment
    raise MaxRetryError(_pool, url, error or ResponseError(cause))
/nurllib3.exceptions.MaxRetryError: HTTPSConnectionPool(host='www.baseball-reference.com', port=443): Max retries exceeded with url: //boxes/WAS/WAS201807060.shtml (Caused by NewConnectionError('<urllib3.connection.VerifiedHTTPSConnection object at 0x0842DB70>: Failed to establish a new connection: [Errno 11001] getaddrinfo failed'))
/n
During handling of the above exception, another exception occurred:

/nTraceback (most recent call last):
/n  File "<ipython-input-1-540b36a42d15>", line 105, in load_mlb_games
    reps = requests.get(link)
/n  File "C:\Anaconda3\lib\site-packages\requests\api.py", line 75, in get
    return request('get', url, params=params, **kwargs)
/n  File "C:\Anaconda3\lib\site-packages\requests\api.py", line 60, in request
    return session.request(method=method, url=url, **kwargs)
/n  File "C:\Anaconda3\lib\site-packages\requests\sessions.py", line 533, in request
    resp = self.send(prep, **send_kwargs)
/n  File "C:\Anaconda3\lib\site-packages\requests\sessions.py", line 646, in send
    r = adapter.send(request, **kwargs)
/n  File "C:\Anaconda3\lib\site-packages\requests\adapters.py", line 516, in send
    raise ConnectionError(e, request=request)
/nrequests.exceptions.ConnectionError: HTTPSConnectionPool(host='www.baseball-reference.com', port=443): Max retries exceeded with url: //boxes/WAS/WAS201807060.shtml (Caused by NewConnectionError('<urllib3.connection.VerifiedHTTPSConnection object at 0x0842DB70>: Failed to establish a new connection: [Errno 11001] getaddrinfo failed'))
/nProcess 1.384 seconds url: https://www.baseball-reference.com//boxes/ARI/ARI201807070.shtmlProcess 1.665 seconds url: https://www.baseball-reference.com//boxes/CLE/CLE201807070.shtmlProcess 1.283 seconds url: https://www.baseball-reference.com//boxes/HOU/HOU201807070.shtmlProcess 1.365 seconds url: https://www.baseball-reference.com//boxes/MIL/MIL201807070.shtmlProcess 1.294 seconds url: https://www.baseball-reference.com//boxes/NYN/NYN201807070.shtmlProcess 1.291 seconds url: https://www.baseball-reference.com//boxes/SEA/SEA201807070.shtmlProcess 1.297 seconds url: https://www.baseball-reference.com//boxes/TOR/TOR201807070.shtmlProcess 1.393 seconds url: https://www.baseball-reference.com//boxes/ANA/ANA201807080.shtmlProcess 1.323 seconds url: https://www.baseball-reference.com//boxes/CHN/CHN201807080.shtmlProcess 1.292 seconds url: https://www.baseball-reference.com//boxes/DET/DET201807080.shtmlProcess 1.293 seconds url: https://www.baseball-reference.com//boxes/KCA/KCA201807080.shtmlProcess 1.325 seconds url: https://www.baseball-reference.com//boxes/MIN/MIN201807080.shtmlProcess 1.296 seconds url: https://www.baseball-reference.com//boxes/PIT/PIT201807080.shtmlProcess 1.349 seconds url: https://www.baseball-reference.com//boxes/SFN/SFN201807080.shtmlProcess 1.385 seconds url: https://www.baseball-reference.com//boxes/WAS/WAS201807080.shtmlProcess 1.342 seconds url: https://www.baseball-reference.com//boxes/BAL/BAL201807092.shtmlProcess 1.348 seconds url: https://www.baseball-reference.com//boxes/CLE/CLE201807090.shtmlProcess 1.32 seconds url: https://www.baseball-reference.com//boxes/MIA/MIA201807090.shtmlProcess 1.308 seconds url: https://www.baseball-reference.com//boxes/NYN/NYN201807091.shtmlProcess 1.449 seconds url: https://www.baseball-reference.com//boxes/PIT/PIT201807090.shtmlProcess 1.294 seconds url: https://www.baseball-reference.com//boxes/SFN/SFN201807090.shtmlProcess 1.295 seconds url: https://www.baseball-reference.com//boxes/ANA/ANA201807100.shtmlProcess 1.29 seconds url: https://www.baseball-reference.com//boxes/BAL/BAL201807100.shtmlProcess 1.293 seconds url: https://www.baseball-reference.com//boxes/CHA/CHA201807100.shtmlProcess 1.324 seconds url: https://www.baseball-reference.com//boxes/COL/COL201807100.shtmlProcess 1.66 seconds url: https://www.baseball-reference.com//boxes/MIA/MIA201807100.shtmlProcess 1.301 seconds url: https://www.baseball-reference.com//boxes/NYN/NYN201807100.shtmlProcess 1.355 seconds url: https://www.baseball-reference.com//boxes/SDN/SDN201807100.shtmlProcess 1.329 seconds url: https://www.baseball-reference.com//boxes/TBA/TBA201807100.shtmlProcess 1.311 seconds url: https://www.baseball-reference.com//boxes/ATL/ATL201807110.shtmlProcess 1.329 seconds url: https://www.baseball-reference.com//boxes/BOS/BOS201807110.shtmlProcess 1.32 seconds url: https://www.baseball-reference.com//boxes/CLE/CLE201807110.shtmlProcess 1.327 seconds url: https://www.baseball-reference.com//boxes/HOU/HOU201807110.shtmlProcess 1.322 seconds url: https://www.baseball-reference.com//boxes/MIN/MIN201807110.shtmlProcess 1.429 seconds url: https://www.baseball-reference.com//boxes/PIT/PIT201807110.shtmlProcess 1.334 seconds url: https://www.baseball-reference.com//boxes/SFN/SFN201807110.shtmlProcess 1.387 seconds url: https://www.baseball-reference.com//boxes/ANA/ANA201807120.shtmlProcess 1.449 seconds url: https://www.baseball-reference.com//boxes/BOS/BOS201807120.shtmlProcess 1.307 seconds url: https://www.baseball-reference.com//boxes/COL/COL201807120.shtmlProcess 1.37 seconds url: https://www.baseball-reference.com//boxes/MIN/MIN201807120.shtmlProcess 1.377 seconds url: https://www.baseball-reference.com//boxes/PIT/PIT201807120.shtmlProcess 1.371 seconds url: https://www.baseball-reference.com//boxes/ATL/ATL201807130.shtmlProcess 1.298 seconds url: https://www.baseball-reference.com//boxes/BOS/BOS201807130.shtmlProcess 1.319 seconds url: https://www.baseball-reference.com//boxes/CLE/CLE201807130.shtmlProcess 1.423 seconds url: https://www.baseball-reference.com//boxes/HOU/HOU201807130.shtmlProcess 1.43 seconds url: https://www.baseball-reference.com//boxes/MIA/MIA201807130.shtmlProcess 1.381 seconds url: https://www.baseball-reference.com//boxes/NYN/NYN201807130.shtmlProcess 4.105 seconds url: https://www.baseball-reference.com//boxes/SDN/SDN201807130.shtmlProcess 5.262 seconds url: https://www.baseball-reference.com//boxes/SLN/SLN201807130.shtmlProcess 2.889 seconds url: https://www.baseball-reference.com//boxes/BAL/BAL201807140.shtmlProcess 3.165 seconds url: https://www.baseball-reference.com//boxes/CHA/CHA201807140.shtmlProcess 1.529 seconds url: https://www.baseball-reference.com//boxes/COL/COL201807140.shtmlProcess 1.331 seconds url: https://www.baseball-reference.com//boxes/LAN/LAN201807140.shtmlProcess 1.323 seconds url: https://www.baseball-reference.com//boxes/MIN/MIN201807140.shtmlProcess 1.392 seconds url: https://www.baseball-reference.com//boxes/PIT/PIT201807141.shtmlProcess 1.32 seconds url: https://www.baseball-reference.com//boxes/SDN/SDN201807140.shtmlProcess 1.575 seconds url: https://www.baseball-reference.com//boxes/SLN/SLN201807140.shtmlProcess 1.367 seconds url: https://www.baseball-reference.com//boxes/BAL/BAL201807150.shtmlProcess 1.318 seconds url: https://www.baseball-reference.com//boxes/CHA/CHA201807150.shtmlProcess 1.336 seconds url: https://www.baseball-reference.com//boxes/COL/COL201807150.shtmlProcess 1.312 seconds url: https://www.baseball-reference.com//boxes/LAN/LAN201807150.shtmlProcess 1.404 seconds url: https://www.baseball-reference.com//boxes/MIN/MIN201807150.shtmlProcess 1.422 seconds url: https://www.baseball-reference.com//boxes/PIT/PIT201807150.shtmlProcess 1.326 seconds url: https://www.baseball-reference.com//boxes/SFN/SFN201807150.shtmlProcess 1.315 seconds url: https://www.baseball-reference.com//boxes/CHN/CHN201807190.shtmlProcess 1.317 seconds url: https://www.baseball-reference.com//boxes/ARI/ARI201807200.shtmlProcess 1.32 seconds url: https://www.baseball-reference.com//boxes/CIN/CIN201807200.shtmlProcess 1.381 seconds url: https://www.baseball-reference.com//boxes/KCA/KCA201807200.shtmlProcess 1.314 seconds url: https://www.baseball-reference.com//boxes/NYA/NYA201807200.shtmlProcess 2.068 seconds url: https://www.baseball-reference.com//boxes/PHI/PHI201807200.shtmlProcess 1.401 seconds url: https://www.baseball-reference.com//boxes/TBA/TBA201807200.shtmlProcess 1.372 seconds url: https://www.baseball-reference.com//boxes/TOR/TOR201807200.shtmlProcess 1.331 seconds url: https://www.baseball-reference.com//boxes/ANA/ANA201807210.shtmlProcess 1.308 seconds url: https://www.baseball-reference.com//boxes/CHN/CHN201807211.shtmlProcess 1.288 seconds url: https://www.baseball-reference.com//boxes/CIN/CIN201807210.shtmlProcess 1.323 seconds url: https://www.baseball-reference.com//boxes/KCA/KCA201807210.shtmlProcess 1.321 seconds url: https://www.baseball-reference.com//boxes/NYA/NYA201807210.shtmlProcess 1.316 seconds url: https://www.baseball-reference.com//boxes/SEA/SEA201807210.shtmlProcess 1.331 seconds url: https://www.baseball-reference.com//boxes/TEX/TEX201807210.shtmlProcess 1.33 seconds url: https://www.baseball-reference.com//boxes/ANA/ANA201807220.shtmlProcess 1.322 seconds url: https://www.baseball-reference.com//boxes/CHN/CHN201807220.shtmlProcess 1.317 seconds url: https://www.baseball-reference.com//boxes/DET/DET201807220.shtmlProcess 1.316 seconds url: https://www.baseball-reference.com//boxes/MIL/MIL201807220.shtmlProcess 1.333 seconds url: https://www.baseball-reference.com//boxes/PHI/PHI201807221.shtmlProcess 1.359 seconds url: https://www.baseball-reference.com//boxes/SEA/SEA201807220.shtmlProcess 1.359 seconds url: https://www.baseball-reference.com//boxes/TEX/TEX201807220.shtmlProcess 1.431 seconds url: https://www.baseball-reference.com//boxes/WAS/WAS201807220.shtmlProcess 1.321 seconds url: https://www.baseball-reference.com//boxes/BAL/BAL201807230.shtmlProcess 1.335 seconds url: https://www.baseball-reference.com//boxes/CIN/CIN201807230.shtmlProcess 1.321 seconds url: https://www.baseball-reference.com//boxes/KCA/KCA201807230.shtmlProcess 1.375 seconds url: https://www.baseball-reference.com//boxes/MIL/MIL201807230.shtmlProcess 1.313 seconds url: https://www.baseball-reference.com//boxes/PHI/PHI201807230.shtmlProcess 1.376 seconds url: https://www.baseball-reference.com//boxes/TEX/TEX201807230.shtmlProcess 1.365 seconds url: https://www.baseball-reference.com//boxes/ANA/ANA201807240.shtmlProcess 1.32 seconds url: https://www.baseball-reference.com//boxes/CHN/CHN201807240.shtmlProcess 1.319 seconds url: https://www.baseball-reference.com//boxes/CLE/CLE201807240.shtmlProcess 1.311 seconds url: https://www.baseball-reference.com//boxes/KCA/KCA201807240.shtmlProcess 1.447 seconds url: https://www.baseball-reference.com//boxes/MIL/MIL201807240.shtmlProcess 1.319 seconds url: https://www.baseball-reference.com//boxes/PHI/PHI201807240.shtmlProcess 1.32 seconds url: https://www.baseball-reference.com//boxes/TBA/TBA201807240.shtmlProcess 1.298 seconds url: https://www.baseball-reference.com//boxes/TOR/TOR201807240.shtmlProcess 1.433 seconds url: https://www.baseball-reference.com//boxes/CHN/CHN201807250.shtmlProcess 1.308 seconds url: https://www.baseball-reference.com//boxes/CLE/CLE201807250.shtmlProcess 1.343 seconds url: https://www.baseball-reference.com//boxes/KCA/KCA201807250.shtmlProcess 1.318 seconds url: https://www.baseball-reference.com//boxes/NYN/NYN201807250.shtmlProcess 1.324 seconds url: https://www.baseball-reference.com//boxes/SEA/SEA201807250.shtmlProcess 1.323 seconds url: https://www.baseball-reference.com//boxes/TEX/TEX201807250.shtmlProcess 1.325 seconds url: https://www.baseball-reference.com//boxes/ANA/ANA201807260.shtmlProcess 1.314 seconds url: https://www.baseball-reference.com//boxes/BAL/BAL201807260.shtmlProcess 1.326 seconds url: https://www.baseball-reference.com//boxes/CHN/CHN201807260.shtmlProcess 1.317 seconds url: https://www.baseball-reference.com//boxes/MIA/MIA201807260.shtmlProcess 1.39 seconds url: https://www.baseball-reference.com//boxes/PIT/PIT201807260.shtmlProcess 1.315 seconds url: https://www.baseball-reference.com//boxes/TEX/TEX201807260.shtmlProcess 1.354 seconds url: https://www.baseball-reference.com//boxes/ATL/ATL201807270.shtmlProcess 1.325 seconds url: https://www.baseball-reference.com//boxes/BOS/BOS201807270.shtmlProcess 1.311 seconds url: https://www.baseball-reference.com//boxes/CIN/CIN201807270.shtmlProcess 1.324 seconds url: https://www.baseball-reference.com//boxes/DET/DET201807270.shtmlProcess 1.314 seconds url: https://www.baseball-reference.com//boxes/MIA/MIA201807270.shtmlProcess 1.306 seconds url: https://www.baseball-reference.com//boxes/SDN/SDN201807270.shtmlProcess 1.333 seconds url: https://www.baseball-reference.com//boxes/SLN/SLN201807270.shtmlProcess 1.316 seconds url: https://www.baseball-reference.com//boxes/ATL/ATL201807280.shtmlProcess 1.318 seconds url: https://www.baseball-reference.com//boxes/BOS/BOS201807280.shtmlProcess 1.304 seconds url: https://www.baseball-reference.com//boxes/CIN/CIN201807280.shtmlProcess 1.317 seconds url: https://www.baseball-reference.com//boxes/DET/DET201807280.shtmlProcess 1.33 seconds url: https://www.baseball-reference.com//boxes/MIA/MIA201807280.shtmlProcess 1.317 seconds url: https://www.baseball-reference.com//boxes/NYA/NYA201807282.shtmlProcess 1.317 seconds url: https://www.baseball-reference.com//boxes/SDN/SDN201807280.shtmlProcess 1.317 seconds url: https://www.baseball-reference.com//boxes/SLN/SLN201807280.shtmlProcess 1.363 seconds url: https://www.baseball-reference.com//boxes/ATL/ATL201807290.shtmlProcess 1.333 seconds url: https://www.baseball-reference.com//boxes/BOS/BOS201807290.shtmlProcess 1.313 seconds url: https://www.baseball-reference.com//boxes/CIN/CIN201807290.shtmlProcess 1.301 seconds url: https://www.baseball-reference.com//boxes/DET/DET201807290.shtmlProcess 1.342 seconds url: https://www.baseball-reference.com//boxes/MIA/MIA201807290.shtmlProcess 1.428 seconds url: https://www.baseball-reference.com//boxes/PIT/PIT201807290.shtmlProcess 1.315 seconds url: https://www.baseball-reference.com//boxes/SFN/SFN201807290.shtmlProcess 1.331 seconds url: https://www.baseball-reference.com//boxes/ARI/ARI201807300.shtmlProcess 1.349 seconds url: https://www.baseball-reference.com//boxes/BOS/BOS201807300.shtmlProcess 1.333 seconds url: https://www.baseball-reference.com//boxes/MIN/MIN201807300.shtmlProcess 1.33 seconds url: https://www.baseball-reference.com//boxes/SDN/SDN201807300.shtmlProcess 1.321 seconds url: https://www.baseball-reference.com//boxes/SLN/SLN201807300.shtmlProcess 1.313 seconds url: https://www.baseball-reference.com//boxes/ATL/ATL201807310.shtmlProcess 1.31 seconds url: https://www.baseball-reference.com//boxes/CHA/CHA201807310.shtmlProcess 1.309 seconds url: https://www.baseball-reference.com//boxes/LAN/LAN201807310.shtmlProcess 1.325 seconds url: https://www.baseball-reference.com//boxes/NYA/NYA201807310.shtmlProcess 1.34 seconds url: https://www.baseball-reference.com//boxes/PIT/PIT201807310.shtmlProcess 1.353 seconds url: https://www.baseball-reference.com//boxes/SEA/SEA201807310.shtmlProcess 1.312 seconds url: https://www.baseball-reference.com//boxes/TBA/TBA201807310.shtmlProcess 1.378 seconds url: https://www.baseball-reference.com//boxes/CHA/CHA201808010.shtmlProcess 1.322 seconds url: https://www.baseball-reference.com//boxes/LAN/LAN201808010.shtmlProcess 1.364 seconds url: https://www.baseball-reference.com//boxes/NYA/NYA201808010.shtmlProcess 1.344 seconds url: https://www.baseball-reference.com//boxes/PIT/PIT201808010.shtmlProcess 1.335 seconds url: https://www.baseball-reference.com//boxes/SLN/SLN201808010.shtmlProcess 1.331 seconds url: https://www.baseball-reference.com//boxes/WAS/WAS201808010.shtmlProcess 1.384 seconds url: https://www.baseball-reference.com//boxes/BOS/BOS201808020.shtmlProcess 1.321 seconds url: https://www.baseball-reference.com//boxes/CHN/CHN201808020.shtmlProcess 1.319 seconds url: https://www.baseball-reference.com//boxes/NYN/NYN201808020.shtmlProcess 1.32 seconds url: https://www.baseball-reference.com//boxes/SEA/SEA201808020.shtmlProcess 1.418 seconds url: https://www.baseball-reference.com//boxes/TBA/TBA201808020.shtmlProcess 1.323 seconds url: https://www.baseball-reference.com//boxes/WAS/WAS201808020.shtmlProcess 1.346 seconds url: https://www.baseball-reference.com//boxes/BOS/BOS201808030.shtmlProcess 1.437 seconds url: https://www.baseball-reference.com//boxes/CLE/CLE201808030.shtmlProcess 1.348 seconds url: https://www.baseball-reference.com//boxes/MIL/MIL201808030.shtmlProcess 1.309 seconds url: https://www.baseball-reference.com//boxes/NYN/NYN201808030.shtmlProcess 1.325 seconds url: https://www.baseball-reference.com//boxes/PHI/PHI201808030.shtmlProcess 1.344 seconds url: https://www.baseball-reference.com//boxes/SEA/SEA201808030.shtmlProcess 1.326 seconds url: https://www.baseball-reference.com//boxes/TEX/TEX201808030.shtmlProcess 1.313 seconds url: https://www.baseball-reference.com//boxes/BOS/BOS201808040.shtmlProcess 1.327 seconds url: https://www.baseball-reference.com//boxes/CLE/CLE201808040.shtmlProcess 1.453 seconds url: https://www.baseball-reference.com//boxes/MIL/MIL201808040.shtmlProcess 1.367 seconds url: https://www.baseball-reference.com//boxes/NYN/NYN201808040.shtmlProcess 1.312 seconds url: https://www.baseball-reference.com//boxes/PHI/PHI201808040.shtmlProcess 1.305 seconds url: https://www.baseball-reference.com//boxes/SEA/SEA201808040.shtmlProcess 1.359 seconds url: https://www.baseball-reference.com//boxes/TEX/TEX201808040.shtmlProcess 1.335 seconds url: https://www.baseball-reference.com//boxes/WAS/WAS201808042.shtmlProcess 1.336 seconds url: https://www.baseball-reference.com//boxes/BOS/BOS201808050.shtmlProcess 1.327 seconds url: https://www.baseball-reference.com//boxes/CLE/CLE201808050.shtmlProcess 1.406 seconds url: https://www.baseball-reference.com//boxes/MIL/MIL201808050.shtmlProcess 1.313 seconds url: https://www.baseball-reference.com//boxes/NYN/NYN201808050.shtmlProcess 1.391 seconds url: https://www.baseball-reference.com//boxes/PHI/PHI201808050.shtmlProcess 1.34 seconds url: https://www.baseball-reference.com//boxes/SEA/SEA201808050.shtmlProcess 1.356 seconds url: https://www.baseball-reference.com//boxes/TEX/TEX201808050.shtmlProcess 1.338 seconds url: https://www.baseball-reference.com//boxes/ANA/ANA201808060.shtmlProcess 1.313 seconds url: https://www.baseball-reference.com//boxes/CHA/CHA201808060.shtmlProcess 1.316 seconds url: https://www.baseball-reference.com//boxes/COL/COL201808060.shtmlProcess 1.33 seconds url: https://www.baseball-reference.com//boxes/MIA/MIA201808060.shtmlProcess 1.335 seconds url: https://www.baseball-reference.com//boxes/SFN/SFN201808060.shtmlProcess 1.333 seconds url: https://www.baseball-reference.com//boxes/ANA/ANA201808070.shtmlProcess 1.332 seconds url: https://www.baseball-reference.com//boxes/CHA/CHA201808070.shtmlProcess 1.311 seconds url: https://www.baseball-reference.com//boxes/COL/COL201808070.shtmlProcess 1.342 seconds url: https://www.baseball-reference.com//boxes/MIA/MIA201808070.shtmlProcess 1.397 seconds url: https://www.baseball-reference.com//boxes/NYN/NYN201808070.shtmlProcess 1.313 seconds url: https://www.baseball-reference.com//boxes/SFN/SFN201808070.shtmlProcess 1.323 seconds url: https://www.baseball-reference.com//boxes/TEX/TEX201808070.shtmlProcess 1.323 seconds url: https://www.baseball-reference.com//boxes/WAS/WAS201808071.shtmlProcess 1.311 seconds url: https://www.baseball-reference.com//boxes/ANA/ANA201808080.shtmlProcess 1.315 seconds url: https://www.baseball-reference.com//boxes/CHA/CHA201808080.shtmlProcess 1.334 seconds url: https://www.baseball-reference.com//boxes/COL/COL201808080.shtmlProcess 1.332 seconds url: https://www.baseball-reference.com//boxes/MIA/MIA201808080.shtmlProcess 1.316 seconds url: https://www.baseball-reference.com//boxes/NYN/NYN201808080.shtmlProcess 1.319 seconds url: https://www.baseball-reference.com//boxes/TBA/TBA201808080.shtmlProcess 1.323 seconds url: https://www.baseball-reference.com//boxes/TOR/TOR201808080.shtmlProcess 1.294 seconds url: https://www.baseball-reference.com//boxes/CLE/CLE201808090.shtmlProcess 1.34 seconds url: https://www.baseball-reference.com//boxes/HOU/HOU201808090.shtmlProcess 1.326 seconds url: https://www.baseball-reference.com//boxes/NYA/NYA201808090.shtmlProcess 1.306 seconds url: https://www.baseball-reference.com//boxes/TBA/TBA201808090.shtmlProcess 1.34 seconds url: https://www.baseball-reference.com//boxes/WAS/WAS201808090.shtmlProcess 1.307 seconds url: https://www.baseball-reference.com//boxes/ATL/ATL201808100.shtmlProcess 1.335 seconds url: https://www.baseball-reference.com//boxes/CHA/CHA201808100.shtmlProcess 1.307 seconds url: https://www.baseball-reference.com//boxes/CIN/CIN201808100.shtmlProcess 1.316 seconds url: https://www.baseball-reference.com//boxes/DET/DET201808100.shtmlProcess 1.309 seconds url: https://www.baseball-reference.com//boxes/KCA/KCA201808100.shtmlProcess 1.326 seconds url: https://www.baseball-reference.com//boxes/NYA/NYA201808100.shtmlProcess 1.328 seconds url: https://www.baseball-reference.com//boxes/SFN/SFN201808100.shtmlProcess 1.329 seconds url: https://www.baseball-reference.com//boxes/ANA/ANA201808110.shtmlProcess 1.392 seconds url: https://www.baseball-reference.com//boxes/BAL/BAL201808111.shtmlProcess 1.361 seconds url: https://www.baseball-reference.com//boxes/CHA/CHA201808110.shtmlProcess 1.331 seconds url: https://www.baseball-reference.com//boxes/CIN/CIN201808110.shtmlProcess 1.364 seconds url: https://www.baseball-reference.com//boxes/DET/DET201808110.shtmlProcess 1.337 seconds url: https://www.baseball-reference.com//boxes/KCA/KCA201808110.shtmlProcess 1.31 seconds url: https://www.baseball-reference.com//boxes/NYA/NYA201808110.shtmlProcess 1.306 seconds url: https://www.baseball-reference.com//boxes/SFN/SFN201808110.shtmlProcess 1.328 seconds url: https://www.baseball-reference.com//boxes/ANA/ANA201808120.shtmlProcess 1.313 seconds url: https://www.baseball-reference.com//boxes/BAL/BAL201808120.shtmlProcess 1.319 seconds url: https://www.baseball-reference.com//boxes/CHN/CHN201808120.shtmlProcess 1.316 seconds url: https://www.baseball-reference.com//boxes/COL/COL201808120.shtmlProcess 1.334 seconds url: https://www.baseball-reference.com//boxes/HOU/HOU201808120.shtmlProcess 1.356 seconds url: https://www.baseball-reference.com//boxes/MIA/MIA201808120.shtmlProcess 1.35 seconds url: https://www.baseball-reference.com//boxes/SDN/SDN201808120.shtmlProcess 1.311 seconds url: https://www.baseball-reference.com//boxes/TOR/TOR201808120.shtmlProcess 1.493 seconds url: https://www.baseball-reference.com//boxes/ATL/ATL201808132.shtmlProcess 1.337 seconds url: https://www.baseball-reference.com//boxes/DET/DET201808130.shtmlProcess 1.312 seconds url: https://www.baseball-reference.com//boxes/LAN/LAN201808130.shtmlProcess 1.31 seconds url: https://www.baseball-reference.com//boxes/OAK/OAK201808130.shtmlProcess 1.381 seconds url: https://www.baseball-reference.com//boxes/SLN/SLN201808130.shtmlProcess 1.318 seconds url: https://www.baseball-reference.com//boxes/ATL/ATL201808140.shtmlProcess 1.326 seconds url: https://www.baseball-reference.com//boxes/CHN/CHN201808140.shtmlProcess 1.299 seconds url: https://www.baseball-reference.com//boxes/DET/DET201808140.shtmlProcess 1.306 seconds url: https://www.baseball-reference.com//boxes/KCA/KCA201808140.shtmlProcess 1.369 seconds url: https://www.baseball-reference.com//boxes/MIN/MIN201808140.shtmlProcess 1.322 seconds url: https://www.baseball-reference.com//boxes/OAK/OAK201808140.shtmlProcess 1.316 seconds url: https://www.baseball-reference.com//boxes/SDN/SDN201808140.shtmlProcess 1.317 seconds url: https://www.baseball-reference.com//boxes/TEX/TEX201808140.shtmlProcess 1.317 seconds url: https://www.baseball-reference.com//boxes/BAL/BAL201808150.shtmlProcess 1.324 seconds url: https://www.baseball-reference.com//boxes/CIN/CIN201808150.shtmlProcess 1.305 seconds url: https://www.baseball-reference.com//boxes/HOU/HOU201808150.shtmlProcess 1.311 seconds url: https://www.baseball-reference.com//boxes/LAN/LAN201808150.shtmlProcess 1.363 seconds url: https://www.baseball-reference.com//boxes/NYA/NYA201808150.shtmlProcess 1.313 seconds url: https://www.baseball-reference.com//boxes/PHI/PHI201808150.shtmlProcess 1.324 seconds url: https://www.baseball-reference.com//boxes/SLN/SLN201808150.shtmlProcess 1.305 seconds url: https://www.baseball-reference.com//boxes/KCA/KCA201808160.shtmlProcess 1.319 seconds url: https://www.baseball-reference.com//boxes/NYA/NYA201808160.shtmlProcess 1.311 seconds url: https://www.baseball-reference.com//boxes/PHI/PHI201808162.shtmlProcess 1.318 seconds url: https://www.baseball-reference.com//boxes/SDN/SDN201808160.shtmlProcess 1.31 seconds url: https://www.baseball-reference.com//boxes/TEX/TEX201808160.shtmlProcess 1.352 seconds url: https://www.baseball-reference.com//boxes/BOS/BOS201808170.shtmlProcess 1.38 seconds url: https://www.baseball-reference.com//boxes/CIN/CIN201808170.shtmlProcess 1.32 seconds url: https://www.baseball-reference.com//boxes/MIN/MIN201808170.shtmlProcess 1.333 seconds url: https://www.baseball-reference.com//boxes/OAK/OAK201808170.shtmlProcess 1.474 seconds url: https://www.baseball-reference.com//boxes/PIT/PIT201808170.shtmlProcess 1.354 seconds url: https://www.baseball-reference.com//boxes/SEA/SEA201808170.shtmlProcess 1.316 seconds url: https://www.baseball-reference.com//boxes/TEX/TEX201808170.shtmlProcess 1.446 seconds url: https://www.baseball-reference.com//boxes/ATL/ATL201808180.shtmlProcess 1.304 seconds url: https://www.baseball-reference.com//boxes/CHA/CHA201808180.shtmlProcess 1.345 seconds url: https://www.baseball-reference.com//boxes/CLE/CLE201808180.shtmlProcess 1.733 seconds url: https://www.baseball-reference.com//boxes/NYA/NYA201808180.shtmlProcess 1.357 seconds url: https://www.baseball-reference.com//boxes/PHI/PHI201808180.shtmlProcess 1.559 seconds url: https://www.baseball-reference.com//boxes/SDN/SDN201808180.shtmlProcess 1.822 seconds url: https://www.baseball-reference.com//boxes/SLN/SLN201808180.shtmlProcess 1.418 seconds url: https://www.baseball-reference.com//boxes/WAS/WAS201808180.shtmlProcess 1.47 seconds url: https://www.baseball-reference.com//boxes/BOS/BOS201808190.shtmlProcess 1.4 seconds url: https://www.baseball-reference.com//boxes/CIN/CIN201808190.shtmlProcess 1.436 seconds url: https://www.baseball-reference.com//boxes/MIN/MIN201808190.shtmlProcess 1.4 seconds url: https://www.baseball-reference.com//boxes/OAK/OAK201808190.shtmlProcess 1.449 seconds url: https://www.baseball-reference.com//boxes/PIT/PIT201808190.shtmlProcess 1.355 seconds url: https://www.baseball-reference.com//boxes/SEA/SEA201808190.shtmlProcess 1.366 seconds url: https://www.baseball-reference.com//boxes/TEX/TEX201808190.shtmlProcess 1.395 seconds url: https://www.baseball-reference.com//boxes/BOS/BOS201808200.shtmlProcess 1.43 seconds url: https://www.baseball-reference.com//boxes/MIL/MIL201808200.shtmlProcess 1.39 seconds url: https://www.baseball-reference.com//boxes/NYN/NYN201808200.shtmlProcess 1.411 seconds url: https://www.baseball-reference.com//boxes/PIT/PIT201808200.shtmlProcess 1.366 seconds url: https://www.baseball-reference.com//boxes/TBA/TBA201808200.shtmlProcess 1.416 seconds url: https://www.baseball-reference.com//boxes/ARI/ARI201808210.shtmlProcess 1.392 seconds url: https://www.baseball-reference.com//boxes/CHA/CHA201808210.shtmlProcess 1.391 seconds url: https://www.baseball-reference.com//boxes/DET/DET201808210.shtmlProcess 1.393 seconds url: https://www.baseball-reference.com//boxes/MIA/MIA201808210.shtmlProcess 1.35 seconds url: https://www.baseball-reference.com//boxes/NYN/NYN201808210.shtmlProcess 1.335 seconds url: https://www.baseball-reference.com//boxes/PIT/PIT201808210.shtmlProcess 1.445 seconds url: https://www.baseball-reference.com//boxes/TBA/TBA201808210.shtmlProcess 1.491 seconds url: https://www.baseball-reference.com//boxes/WAS/WAS201808210.shtmlProcess 1.367 seconds url: https://www.baseball-reference.com//boxes/BOS/BOS201808220.shtmlProcess 1.35 seconds url: https://www.baseball-reference.com//boxes/COL/COL201808220.shtmlProcess 1.451 seconds url: https://www.baseball-reference.com//boxes/LAN/LAN201808220.shtmlProcess 1.36 seconds url: https://www.baseball-reference.com//boxes/MIL/MIL201808220.shtmlProcess 1.326 seconds url: https://www.baseball-reference.com//boxes/OAK/OAK201808220.shtmlProcess 1.41 seconds url: https://www.baseball-reference.com//boxes/SEA/SEA201808220.shtmlProcess 1.401 seconds url: https://www.baseball-reference.com//boxes/TOR/TOR201808220.shtmlProcess 1.337 seconds url: https://www.baseball-reference.com//boxes/BOS/BOS201808230.shtmlProcess 1.33 seconds url: https://www.baseball-reference.com//boxes/COL/COL201808230.shtmlProcess 1.322 seconds url: https://www.baseball-reference.com//boxes/MIA/MIA201808230.shtmlProcess 1.31 seconds url: https://www.baseball-reference.com//boxes/NYN/NYN201808230.shtmlProcess 1.302 seconds url: https://www.baseball-reference.com//boxes/WAS/WAS201808230.shtmlProcess 1.305 seconds url: https://www.baseball-reference.com//boxes/ARI/ARI201808240.shtmlProcess 1.316 seconds url: https://www.baseball-reference.com//boxes/CHN/CHN201808240.shtmlProcess 1.324 seconds url: https://www.baseball-reference.com//boxes/DET/DET201808240.shtmlProcess 1.314 seconds url: https://www.baseball-reference.com//boxes/LAN/LAN201808240.shtmlProcess 1.442 seconds url: https://www.baseball-reference.com//boxes/MIL/MIL201808240.shtmlProcess 1.401 seconds url: https://www.baseball-reference.com//boxes/NYN/NYN201808240.shtmlProcess 1.323 seconds url: https://www.baseball-reference.com//boxes/TBA/TBA201808240.shtmlProcess 1.314 seconds url: https://www.baseball-reference.com//boxes/ANA/ANA201808250.shtmlProcess 1.321 seconds url: https://www.baseball-reference.com//boxes/BAL/BAL201808251.shtmlProcess 1.327 seconds url: https://www.baseball-reference.com//boxes/CHN/CHN201808250.shtmlProcess 1.311 seconds url: https://www.baseball-reference.com//boxes/DET/DET201808250.shtmlProcess 1.357 seconds url: https://www.baseball-reference.com//boxes/LAN/LAN201808250.shtmlProcess 1.323 seconds url: https://www.baseball-reference.com//boxes/MIL/MIL201808250.shtmlProcess 1.314 seconds url: https://www.baseball-reference.com//boxes/NYN/NYN201808250.shtmlProcess 1.318 seconds url: https://www.baseball-reference.com//boxes/TBA/TBA201808250.shtmlProcess 1.325 seconds url: https://www.baseball-reference.com//boxes/ANA/ANA201808260.shtmlProcess 1.314 seconds url: https://www.baseball-reference.com//boxes/BAL/BAL201808260.shtmlProcess 1.338 seconds url: https://www.baseball-reference.com//boxes/COL/COL201808260.shtmlProcess 1.317 seconds url: https://www.baseball-reference.com//boxes/KCA/KCA201808260.shtmlProcess 1.323 seconds url: https://www.baseball-reference.com//boxes/MIA/MIA201808260.shtmlProcess 1.471 seconds url: https://www.baseball-reference.com//boxes/MIN/MIN201808260.shtmlProcess 1.317 seconds url: https://www.baseball-reference.com//boxes/SFN/SFN201808260.shtmlProcess 1.312 seconds url: https://www.baseball-reference.com//boxes/TOR/TOR201808260.shtmlProcess 1.324 seconds url: https://www.baseball-reference.com//boxes/BAL/BAL201808270.shtmlProcess 1.337 seconds url: https://www.baseball-reference.com//boxes/HOU/HOU201808270.shtmlProcess 1.335 seconds url: https://www.baseball-reference.com//boxes/PHI/PHI201808270.shtmlProcess 1.45 seconds url: https://www.baseball-reference.com//boxes/ANA/ANA201808280.shtmlProcess 1.38 seconds url: https://www.baseball-reference.com//boxes/BAL/BAL201808280.shtmlProcess 1.383 seconds url: https://www.baseball-reference.com//boxes/CHN/CHN201808280.shtmlProcess 1.402 seconds url: https://www.baseball-reference.com//boxes/CLE/CLE201808280.shtmlProcess 1.385 seconds url: https://www.baseball-reference.com//boxes/KCA/KCA201808280.shtmlProcess 1.389 seconds url: https://www.baseball-reference.com//boxes/PHI/PHI201808280.shtmlProcess 1.388 seconds url: https://www.baseball-reference.com//boxes/SFN/SFN201808280.shtmlProcess 1.377 seconds url: https://www.baseball-reference.com//boxes/TEX/TEX201808280.shtmlProcess 1.405 seconds url: https://www.baseball-reference.com//boxes/BAL/BAL201808290.shtmlProcess 1.461 seconds url: https://www.baseball-reference.com//boxes/CHN/CHN201808290.shtmlProcess 1.431 seconds url: https://www.baseball-reference.com//boxes/CLE/CLE201808290.shtmlProcess 1.402 seconds url: https://www.baseball-reference.com//boxes/KCA/KCA201808290.shtmlProcess 1.32 seconds url: https://www.baseball-reference.com//boxes/PHI/PHI201808290.shtmlProcess 1.306 seconds url: https://www.baseball-reference.com//boxes/SFN/SFN201808290.shtmlProcess 1.35 seconds url: https://www.baseball-reference.com//boxes/TEX/TEX201808290.shtmlProcess 1.319 seconds url: https://www.baseball-reference.com//boxes/CHA/CHA201808300.shtmlProcess 1.381 seconds url: https://www.baseball-reference.com//boxes/CLE/CLE201808300.shtmlProcess 1.307 seconds url: https://www.baseball-reference.com//boxes/LAN/LAN201808300.shtmlProcess 1.315 seconds url: https://www.baseball-reference.com//boxes/OAK/OAK201808300.shtmlProcess 1.301 seconds url: https://www.baseball-reference.com//boxes/SLN/SLN201808300.shtmlProcess 1.305 seconds url: https://www.baseball-reference.com//boxes/CHA/CHA201808310.shtmlProcess 1.318 seconds url: https://www.baseball-reference.com//boxes/HOU/HOU201808310.shtmlProcess 1.34 seconds url: https://www.baseball-reference.com//boxes/LAN/LAN201808310.shtmlProcess 1.364 seconds url: https://www.baseball-reference.com//boxes/NYA/NYA201808310.shtmlProcess 1.344 seconds url: https://www.baseball-reference.com//boxes/PHI/PHI201808310.shtmlProcess 1.324 seconds url: https://www.baseball-reference.com//boxes/SFN/SFN201808310.shtmlProcess 1.331 seconds url: https://www.baseball-reference.com//boxes/TEX/TEX201808310.shtmlProcess 1.423 seconds url: https://www.baseball-reference.com//boxes/ATL/ATL201809010.shtmlProcess 1.315 seconds url: https://www.baseball-reference.com//boxes/CLE/CLE201809010.shtmlProcess 1.38 seconds url: https://www.baseball-reference.com//boxes/KCA/KCA201809010.shtmlProcess 1.584 seconds url: https://www.baseball-reference.com//boxes/MIA/MIA201809010.shtmlProcess 1.63 seconds url: https://www.baseball-reference.com//boxes/OAK/OAK201809010.shtmlProcess 1.416 seconds url: https://www.baseball-reference.com//boxes/SDN/SDN201809010.shtmlProcess 1.339 seconds url: https://www.baseball-reference.com//boxes/SLN/SLN201809010.shtmlProcess 1.341 seconds url: https://www.baseball-reference.com//boxes/WAS/WAS201809010.shtmlProcess 1.309 seconds url: https://www.baseball-reference.com//boxes/CHA/CHA201809020.shtmlProcess 1.32 seconds url: https://www.baseball-reference.com//boxes/HOU/HOU201809020.shtmlProcess 1.322 seconds url: https://www.baseball-reference.com//boxes/LAN/LAN201809020.shtmlProcess 1.35 seconds url: https://www.baseball-reference.com//boxes/NYA/NYA201809020.shtmlProcess 1.32 seconds url: https://www.baseball-reference.com//boxes/PHI/PHI201809020.shtmlProcess 1.378 seconds url: https://www.baseball-reference.com//boxes/SFN/SFN201809020.shtmlProcess 1.316 seconds url: https://www.baseball-reference.com//boxes/TEX/TEX201809020.shtmlProcess 1.325 seconds url: https://www.baseball-reference.com//boxes/ARI/ARI201809030.shtmlProcess 1.314 seconds url: https://www.baseball-reference.com//boxes/CHA/CHA201809030.shtmlProcess 1.331 seconds url: https://www.baseball-reference.com//boxes/COL/COL201809030.shtmlProcess 1.536 seconds url: https://www.baseball-reference.com//boxes/LAN/LAN201809030.shtmlProcess 1.331 seconds url: https://www.baseball-reference.com//boxes/MIL/MIL201809030.shtmlProcess 1.392 seconds url: https://www.baseball-reference.com//boxes/PIT/PIT201809030.shtmlProcess 1.306 seconds url: https://www.baseball-reference.com//boxes/TEX/TEX201809030.shtmlProcess 1.325 seconds url: https://www.baseball-reference.com//boxes/WAS/WAS201809030.shtmlProcess 1.31 seconds url: https://www.baseball-reference.com//boxes/ATL/ATL201809040.shtmlProcess 1.396 seconds url: https://www.baseball-reference.com//boxes/CLE/CLE201809040.shtmlProcess 1.333 seconds url: https://www.baseball-reference.com//boxes/HOU/HOU201809040.shtmlProcess 1.316 seconds url: https://www.baseball-reference.com//boxes/MIA/MIA201809040.shtmlProcess 1.322 seconds url: https://www.baseball-reference.com//boxes/OAK/OAK201809040.shtmlProcess 1.332 seconds url: https://www.baseball-reference.com//boxes/SEA/SEA201809040.shtmlProcess 1.338 seconds url: https://www.baseball-reference.com//boxes/TOR/TOR201809040.shtmlProcess 1.308 seconds url: https://www.baseball-reference.com//boxes/ATL/ATL201809050.shtmlProcess 1.333 seconds url: https://www.baseball-reference.com//boxes/CLE/CLE201809050.shtmlProcess 1.318 seconds url: https://www.baseball-reference.com//boxes/HOU/HOU201809050.shtmlProcess 1.316 seconds url: https://www.baseball-reference.com//boxes/MIA/MIA201809050.shtmlProcess 1.327 seconds url: https://www.baseball-reference.com//boxes/OAK/OAK201809050.shtmlProcess 1.355 seconds url: https://www.baseball-reference.com//boxes/SEA/SEA201809050.shtmlProcess 1.32 seconds url: https://www.baseball-reference.com//boxes/TOR/TOR201809050.shtmlProcess 1.324 seconds url: https://www.baseball-reference.com//boxes/ARI/ARI201809060.shtmlProcess 1.332 seconds url: https://www.baseball-reference.com//boxes/TOR/TOR201809060.shtmlProcess 1.355 seconds url: https://www.baseball-reference.com//boxes/ARI/ARI201809070.shtmlProcess 1.362 seconds url: https://www.baseball-reference.com//boxes/CHA/CHA201809070.shtmlProcess 1.33 seconds url: https://www.baseball-reference.com//boxes/COL/COL201809070.shtmlProcess 1.439 seconds url: https://www.baseball-reference.com//boxes/MIL/MIL201809070.shtmlProcess 1.327 seconds url: https://www.baseball-reference.com//boxes/NYN/NYN201809070.shtmlProcess 1.595 seconds url: https://www.baseball-reference.com//boxes/PIT/PIT201809070.shtmlProcess 1.318 seconds url: https://www.baseball-reference.com//boxes/TBA/TBA201809070.shtmlProcess 1.325 seconds url: https://www.baseball-reference.com//boxes/ARI/ARI201809080.shtmlProcess 1.32 seconds url: https://www.baseball-reference.com//boxes/CHA/CHA201809080.shtmlProcess 1.325 seconds url: https://www.baseball-reference.com//boxes/COL/COL201809080.shtmlProcess 1.355 seconds url: https://www.baseball-reference.com//boxes/MIL/MIL201809080.shtmlProcess 1.309 seconds url: https://www.baseball-reference.com//boxes/NYN/NYN201809080.shtmlProcess 1.329 seconds url: https://www.baseball-reference.com//boxes/PIT/PIT201809080.shtmlProcess 1.377 seconds url: https://www.baseball-reference.com//boxes/TBA/TBA201809080.shtmlProcess 1.31 seconds url: https://www.baseball-reference.com//boxes/WAS/WAS201809081.shtmlProcess 1.315 seconds url: https://www.baseball-reference.com//boxes/ARI/ARI201809090.shtmlProcess 1.36 seconds url: https://www.baseball-reference.com//boxes/CHA/CHA201809090.shtmlProcess 1.335 seconds url: https://www.baseball-reference.com//boxes/COL/COL201809090.shtmlProcess 1.343 seconds url: https://www.baseball-reference.com//boxes/MIL/MIL201809090.shtmlProcess 1.328 seconds url: https://www.baseball-reference.com//boxes/NYN/NYN201809090.shtmlProcess 1.339 seconds url: https://www.baseball-reference.com//boxes/SEA/SEA201809090.shtmlProcess 1.312 seconds url: https://www.baseball-reference.com//boxes/TOR/TOR201809090.shtmlProcess 1.313 seconds url: https://www.baseball-reference.com//boxes/CHN/CHN201809100.shtmlProcess 1.311 seconds url: https://www.baseball-reference.com//boxes/COL/COL201809100.shtmlProcess 1.315 seconds url: https://www.baseball-reference.com//boxes/KCA/KCA201809100.shtmlProcess 1.336 seconds url: https://www.baseball-reference.com//boxes/SFN/SFN201809100.shtmlProcess 1.319 seconds url: https://www.baseball-reference.com//boxes/TBA/TBA201809100.shtmlProcess 1.328 seconds url: https://www.baseball-reference.com//boxes/BAL/BAL201809110.shtmlProcess 1.315 seconds url: https://www.baseball-reference.com//boxes/CHN/CHN201809110.shtmlProcess 1.322 seconds url: https://www.baseball-reference.com//boxes/COL/COL201809110.shtmlProcess 1.335 seconds url: https://www.baseball-reference.com//boxes/KCA/KCA201809110.shtmlProcess 1.334 seconds url: https://www.baseball-reference.com//boxes/NYN/NYN201809110.shtmlProcess 1.313 seconds url: https://www.baseball-reference.com//boxes/PHI/PHI201809112.shtmlProcess 1.304 seconds url: https://www.baseball-reference.com//boxes/SFN/SFN201809110.shtmlProcess 1.445 seconds url: https://www.baseball-reference.com//boxes/TBA/TBA201809110.shtmlProcess 1.337 seconds url: https://www.baseball-reference.com//boxes/BAL/BAL201809120.shtmlProcess 1.378 seconds url: https://www.baseball-reference.com//boxes/CHN/CHN201809120.shtmlProcess 1.477 seconds url: https://www.baseball-reference.com//boxes/COL/COL201809120.shtmlProcess 1.316 seconds url: https://www.baseball-reference.com//boxes/KCA/KCA201809120.shtmlProcess 1.305 seconds url: https://www.baseball-reference.com//boxes/NYN/NYN201809120.shtmlProcess 1.315 seconds url: https://www.baseball-reference.com//boxes/SEA/SEA201809120.shtmlProcess 1.324 seconds url: https://www.baseball-reference.com//boxes/SLN/SLN201809120.shtmlProcess 1.311 seconds url: https://www.baseball-reference.com//boxes/ANA/ANA201809130.shtmlProcess 1.37 seconds url: https://www.baseball-reference.com//boxes/BOS/BOS201809130.shtmlProcess 1.316 seconds url: https://www.baseball-reference.com//boxes/KCA/KCA201809130.shtmlProcess 1.323 seconds url: https://www.baseball-reference.com//boxes/NYN/NYN201809132.shtmlProcess 1.333 seconds url: https://www.baseball-reference.com//boxes/WAS/WAS201809130.shtmlProcess 1.312 seconds url: https://www.baseball-reference.com//boxes/ATL/ATL201809140.shtmlProcess 1.388 seconds url: https://www.baseball-reference.com//boxes/BOS/BOS201809140.shtmlProcess 1.35 seconds url: https://www.baseball-reference.com//boxes/CLE/CLE201809140.shtmlProcess 1.316 seconds url: https://www.baseball-reference.com//boxes/KCA/KCA201809140.shtmlProcess 1.338 seconds url: https://www.baseball-reference.com//boxes/NYA/NYA201809140.shtmlProcess 1.308 seconds url: https://www.baseball-reference.com//boxes/SDN/SDN201809140.shtmlProcess 1.329 seconds url: https://www.baseball-reference.com//boxes/SLN/SLN201809140.shtmlProcess 1.326 seconds url: https://www.baseball-reference.com//boxes/ANA/ANA201809150.shtmlProcess 1.328 seconds url: https://www.baseball-reference.com//boxes/BAL/BAL201809150.shtmlProcess 1.315 seconds url: https://www.baseball-reference.com//boxes/CHN/CHN201809150.shtmlProcess 1.315 seconds url: https://www.baseball-reference.com//boxes/HOU/HOU201809150.shtmlProcess 1.339 seconds url: https://www.baseball-reference.com//boxes/MIL/MIL201809150.shtmlProcess 1.317 seconds url: https://www.baseball-reference.com//boxes/PHI/PHI201809150.shtmlProcess 1.332 seconds url: https://www.baseball-reference.com//boxes/SFN/SFN201809150.shtmlProcess 1.341 seconds url: https://www.baseball-reference.com//boxes/TBA/TBA201809150.shtmlProcess 1.372 seconds url: https://www.baseball-reference.com//boxes/ATL/ATL201809160.shtmlProcess 1.326 seconds url: https://www.baseball-reference.com//boxes/BOS/BOS201809160.shtmlProcess 1.342 seconds url: https://www.baseball-reference.com//boxes/CLE/CLE201809160.shtmlProcess 1.315 seconds url: https://www.baseball-reference.com//boxes/KCA/KCA201809160.shtmlProcess 1.361 seconds url: https://www.baseball-reference.com//boxes/NYA/NYA201809160.shtmlProcess 1.332 seconds url: https://www.baseball-reference.com//boxes/SDN/SDN201809160.shtmlProcess 1.327 seconds url: https://www.baseball-reference.com//boxes/SLN/SLN201809160.shtmlProcess 1.313 seconds url: https://www.baseball-reference.com//boxes/ARI/ARI201809170.shtmlProcess 1.329 seconds url: https://www.baseball-reference.com//boxes/BAL/BAL201809170.shtmlProcess 1.386 seconds url: https://www.baseball-reference.com//boxes/HOU/HOU201809170.shtmlProcess 1.389 seconds url: https://www.baseball-reference.com//boxes/MIA/MIA201809170.shtmlProcess 1.322 seconds url: https://www.baseball-reference.com//boxes/PHI/PHI201809170.shtmlProcess 1.317 seconds url: https://www.baseball-reference.com//boxes/SDN/SDN201809170.shtmlProcess 1.308 seconds url: https://www.baseball-reference.com//boxes/ARI/ARI201809180.shtmlProcess 1.313 seconds url: https://www.baseball-reference.com//boxes/BAL/BAL201809180.shtmlProcess 1.316 seconds url: https://www.baseball-reference.com//boxes/DET/DET201809180.shtmlProcess 1.313 seconds url: https://www.baseball-reference.com//boxes/LAN/LAN201809180.shtmlProcess 1.341 seconds url: https://www.baseball-reference.com//boxes/MIL/MIL201809180.shtmlProcess 1.342 seconds url: https://www.baseball-reference.com//boxes/OAK/OAK201809180.shtmlProcess 1.326 seconds url: https://www.baseball-reference.com//boxes/PIT/PIT201809180.shtmlProcess 1.332 seconds url: https://www.baseball-reference.com//boxes/TEX/TEX201809180.shtmlProcess 1.354 seconds url: https://www.baseball-reference.com//boxes/ATL/ATL201809190.shtmlProcess 1.317 seconds url: https://www.baseball-reference.com//boxes/CLE/CLE201809190.shtmlProcess 1.35 seconds url: https://www.baseball-reference.com//boxes/HOU/HOU201809190.shtmlProcess 1.323 seconds url: https://www.baseball-reference.com//boxes/MIL/MIL201809190.shtmlProcess 1.324 seconds url: https://www.baseball-reference.com//boxes/OAK/OAK201809190.shtmlProcess 1.336 seconds url: https://www.baseball-reference.com//boxes/PIT/PIT201809190.shtmlProcess 1.316 seconds url: https://www.baseball-reference.com//boxes/TEX/TEX201809190.shtmlProcess 1.312 seconds url: https://www.baseball-reference.com//boxes/CLE/CLE201809200.shtmlProcess 1.325 seconds url: https://www.baseball-reference.com//boxes/MIA/MIA201809200.shtmlProcess 1.317 seconds url: https://www.baseball-reference.com//boxes/OAK/OAK201809200.shtmlProcess 1.317 seconds url: https://www.baseball-reference.com//boxes/WAS/WAS201809200.shtmlProcess 1.325 seconds url: https://www.baseball-reference.com//boxes/ATL/ATL201809210.shtmlProcess 1.354 seconds url: https://www.baseball-reference.com//boxes/CLE/CLE201809210.shtmlProcess 1.315 seconds url: https://www.baseball-reference.com//boxes/HOU/HOU201809210.shtmlProcess 1.309 seconds url: https://www.baseball-reference.com//boxes/MIA/MIA201809210.shtmlProcess 1.323 seconds url: https://www.baseball-reference.com//boxes/OAK/OAK201809210.shtmlProcess 1.326 seconds url: https://www.baseball-reference.com//boxes/SLN/SLN201809210.shtmlProcess 1.325 seconds url: https://www.baseball-reference.com//boxes/TOR/TOR201809210.shtmlProcess 1.305 seconds url: https://www.baseball-reference.com//boxes/ARI/ARI201809220.shtmlTraceback (most recent call last):
/n  File "C:\Anaconda3\lib\site-packages\urllib3\connection.py", line 159, in _new_conn
    (self._dns_host, self.port), self.timeout, **extra_kw)
/n  File "C:\Anaconda3\lib\site-packages\urllib3\util\connection.py", line 57, in create_connection
    for res in socket.getaddrinfo(host, port, family, socket.SOCK_STREAM):
/n  File "C:\Anaconda3\lib\socket.py", line 748, in getaddrinfo
    for res in _socket.getaddrinfo(host, port, family, type, proto, flags):
/nsocket.gaierror: [Errno 11001] getaddrinfo failed
/n
During handling of the above exception, another exception occurred:

/nTraceback (most recent call last):
/n  File "C:\Anaconda3\lib\site-packages\urllib3\connectionpool.py", line 600, in urlopen
    chunked=chunked)
/n  File "C:\Anaconda3\lib\site-packages\urllib3\connectionpool.py", line 343, in _make_request
    self._validate_conn(conn)
/n  File "C:\Anaconda3\lib\site-packages\urllib3\connectionpool.py", line 839, in _validate_conn
    conn.connect()
/n  File "C:\Anaconda3\lib\site-packages\urllib3\connection.py", line 301, in connect
    conn = self._new_conn()
/n  File "C:\Anaconda3\lib\site-packages\urllib3\connection.py", line 168, in _new_conn
    self, "Failed to establish a new connection: %s" % e)
/nurllib3.exceptions.NewConnectionError: <urllib3.connection.VerifiedHTTPSConnection object at 0x07AC99F0>: Failed to establish a new connection: [Errno 11001] getaddrinfo failed
/n
During handling of the above exception, another exception occurred:

/nTraceback (most recent call last):
/n  File "C:\Anaconda3\lib\site-packages\requests\adapters.py", line 449, in send
    timeout=timeout
/n  File "C:\Anaconda3\lib\site-packages\urllib3\connectionpool.py", line 638, in urlopen
    _stacktrace=sys.exc_info()[2])
/n  File "C:\Anaconda3\lib\site-packages\urllib3\util\retry.py", line 398, in increment
    raise MaxRetryError(_pool, url, error or ResponseError(cause))
/nurllib3.exceptions.MaxRetryError: HTTPSConnectionPool(host='www.baseball-reference.com', port=443): Max retries exceeded with url: //boxes/CHA/CHA201809220.shtml (Caused by NewConnectionError('<urllib3.connection.VerifiedHTTPSConnection object at 0x07AC99F0>: Failed to establish a new connection: [Errno 11001] getaddrinfo failed'))
/n
During handling of the above exception, another exception occurred:

/nTraceback (most recent call last):
/n  File "<ipython-input-1-540b36a42d15>", line 105, in load_mlb_games
    reps = requests.get(link)
/n  File "C:\Anaconda3\lib\site-packages\requests\api.py", line 75, in get
    return request('get', url, params=params, **kwargs)
/n  File "C:\Anaconda3\lib\site-packages\requests\api.py", line 60, in request
    return session.request(method=method, url=url, **kwargs)
/n  File "C:\Anaconda3\lib\site-packages\requests\sessions.py", line 533, in request
    resp = self.send(prep, **send_kwargs)
/n  File "C:\Anaconda3\lib\site-packages\requests\sessions.py", line 646, in send
    r = adapter.send(request, **kwargs)
/n  File "C:\Anaconda3\lib\site-packages\requests\adapters.py", line 516, in send
    raise ConnectionError(e, request=request)
/nrequests.exceptions.ConnectionError: HTTPSConnectionPool(host='www.baseball-reference.com', port=443): Max retries exceeded with url: //boxes/CHA/CHA201809220.shtml (Caused by NewConnectionError('<urllib3.connection.VerifiedHTTPSConnection object at 0x07AC99F0>: Failed to establish a new connection: [Errno 11001] getaddrinfo failed'))
/nProcess 1.399 seconds url: https://www.baseball-reference.com//boxes/DET/DET201809220.shtmlProcess 8.174e+04 seconds url: https://www.baseball-reference.com//boxes/LAN/LAN201809220.shtmlProcess 2.531 seconds url: https://www.baseball-reference.com//boxes/NYA/NYA201809220.shtmlProcess 1.673 seconds url: https://www.baseball-reference.com//boxes/PIT/PIT201809220.shtmlProcess 1.581 seconds url: https://www.baseball-reference.com//boxes/TEX/TEX201809220.shtmlProcess 1.833 seconds url: https://www.baseball-reference.com//boxes/WAS/WAS201809220.shtmlProcess 2.017 seconds url: https://www.baseball-reference.com//boxes/ATL/ATL201809230.shtmlProcess 1.296 seconds url: https://www.baseball-reference.com//boxes/CLE/CLE201809230.shtmlProcess 2.082 seconds url: https://www.baseball-reference.com//boxes/HOU/HOU201809230.shtmlProcess 1.388 seconds url: https://www.baseball-reference.com//boxes/MIA/MIA201809230.shtmlProcess 1.343 seconds url: https://www.baseball-reference.com//boxes/OAK/OAK201809230.shtmlProcess 1.31 seconds url: https://www.baseball-reference.com//boxes/SLN/SLN201809230.shtmlProcess 1.363 seconds url: https://www.baseball-reference.com//boxes/TOR/TOR201809230.shtmlProcess 1.485 seconds url: https://www.baseball-reference.com//boxes/ANA/ANA201809240.shtmlProcess 1.383 seconds url: https://www.baseball-reference.com//boxes/BOS/BOS201809240.shtmlProcess 1.319 seconds url: https://www.baseball-reference.com//boxes/CHN/CHN201809240.shtmlProcess 1.445 seconds url: https://www.baseball-reference.com//boxes/SEA/SEA201809240.shtmlProcess 1.445 seconds url: https://www.baseball-reference.com//boxes/SLN/SLN201809240.shtmlProcess 1.705 seconds url: https://www.baseball-reference.com//boxes/TOR/TOR201809240.shtmlProcess 1.473 seconds url: https://www.baseball-reference.com//boxes/ANA/ANA201809250.shtmlProcess 1.296 seconds url: https://www.baseball-reference.com//boxes/CHA/CHA201809250.shtmlTraceback (most recent call last):
/n  File "C:\Anaconda3\lib\site-packages\urllib3\connection.py", line 159, in _new_conn
    (self._dns_host, self.port), self.timeout, **extra_kw)
/n  File "C:\Anaconda3\lib\site-packages\urllib3\util\connection.py", line 57, in create_connection
    for res in socket.getaddrinfo(host, port, family, socket.SOCK_STREAM):
/n  File "C:\Anaconda3\lib\socket.py", line 748, in getaddrinfo
    for res in _socket.getaddrinfo(host, port, family, type, proto, flags):
/nsocket.gaierror: [Errno 11001] getaddrinfo failed
/n
During handling of the above exception, another exception occurred:

/nTraceback (most recent call last):
/n  File "C:\Anaconda3\lib\site-packages\urllib3\connectionpool.py", line 600, in urlopen
    chunked=chunked)
/n  File "C:\Anaconda3\lib\site-packages\urllib3\connectionpool.py", line 343, in _make_request
    self._validate_conn(conn)
/n  File "C:\Anaconda3\lib\site-packages\urllib3\connectionpool.py", line 839, in _validate_conn
    conn.connect()
/n  File "C:\Anaconda3\lib\site-packages\urllib3\connection.py", line 301, in connect
    conn = self._new_conn()
/n  File "C:\Anaconda3\lib\site-packages\urllib3\connection.py", line 168, in _new_conn
    self, "Failed to establish a new connection: %s" % e)
/nurllib3.exceptions.NewConnectionError: <urllib3.connection.VerifiedHTTPSConnection object at 0x07FC0F10>: Failed to establish a new connection: [Errno 11001] getaddrinfo failed
/n
During handling of the above exception, another exception occurred:

/nTraceback (most recent call last):
/n  File "C:\Anaconda3\lib\site-packages\requests\adapters.py", line 449, in send
    timeout=timeout
/n  File "C:\Anaconda3\lib\site-packages\urllib3\connectionpool.py", line 638, in urlopen
    _stacktrace=sys.exc_info()[2])
/n  File "C:\Anaconda3\lib\site-packages\urllib3\util\retry.py", line 398, in increment
    raise MaxRetryError(_pool, url, error or ResponseError(cause))
/nurllib3.exceptions.MaxRetryError: HTTPSConnectionPool(host='www.baseball-reference.com', port=443): Max retries exceeded with url: //boxes/CIN/CIN201809250.shtml (Caused by NewConnectionError('<urllib3.connection.VerifiedHTTPSConnection object at 0x07FC0F10>: Failed to establish a new connection: [Errno 11001] getaddrinfo failed'))
/n
During handling of the above exception, another exception occurred:

/nTraceback (most recent call last):
/n  File "<ipython-input-1-540b36a42d15>", line 105, in load_mlb_games
    reps = requests.get(link)
/n  File "C:\Anaconda3\lib\site-packages\requests\api.py", line 75, in get
    return request('get', url, params=params, **kwargs)
/n  File "C:\Anaconda3\lib\site-packages\requests\api.py", line 60, in request
    return session.request(method=method, url=url, **kwargs)
/n  File "C:\Anaconda3\lib\site-packages\requests\sessions.py", line 533, in request
    resp = self.send(prep, **send_kwargs)
/n  File "C:\Anaconda3\lib\site-packages\requests\sessions.py", line 646, in send
    r = adapter.send(request, **kwargs)
/n  File "C:\Anaconda3\lib\site-packages\requests\adapters.py", line 516, in send
    raise ConnectionError(e, request=request)
/nrequests.exceptions.ConnectionError: HTTPSConnectionPool(host='www.baseball-reference.com', port=443): Max retries exceeded with url: //boxes/CIN/CIN201809250.shtml (Caused by NewConnectionError('<urllib3.connection.VerifiedHTTPSConnection object at 0x07FC0F10>: Failed to establish a new connection: [Errno 11001] getaddrinfo failed'))
/nTraceback (most recent call last):
/n  File "C:\Anaconda3\lib\site-packages\urllib3\connection.py", line 159, in _new_conn
    (self._dns_host, self.port), self.timeout, **extra_kw)
/n  File "C:\Anaconda3\lib\site-packages\urllib3\util\connection.py", line 57, in create_connection
    for res in socket.getaddrinfo(host, port, family, socket.SOCK_STREAM):
/n  File "C:\Anaconda3\lib\socket.py", line 748, in getaddrinfo
    for res in _socket.getaddrinfo(host, port, family, type, proto, flags):
/nsocket.gaierror: [Errno 11001] getaddrinfo failed
/n
During handling of the above exception, another exception occurred:

/nTraceback (most recent call last):
/n  File "C:\Anaconda3\lib\site-packages\urllib3\connectionpool.py", line 600, in urlopen
    chunked=chunked)
/n  File "C:\Anaconda3\lib\site-packages\urllib3\connectionpool.py", line 343, in _make_request
    self._validate_conn(conn)
/n  File "C:\Anaconda3\lib\site-packages\urllib3\connectionpool.py", line 839, in _validate_conn
    conn.connect()
/n  File "C:\Anaconda3\lib\site-packages\urllib3\connection.py", line 301, in connect
    conn = self._new_conn()
/n  File "C:\Anaconda3\lib\site-packages\urllib3\connection.py", line 168, in _new_conn
    self, "Failed to establish a new connection: %s" % e)
/nurllib3.exceptions.NewConnectionError: <urllib3.connection.VerifiedHTTPSConnection object at 0x07FC0B90>: Failed to establish a new connection: [Errno 11001] getaddrinfo failed
/n
During handling of the above exception, another exception occurred:

/nTraceback (most recent call last):
/n  File "C:\Anaconda3\lib\site-packages\requests\adapters.py", line 449, in send
    timeout=timeout
/n  File "C:\Anaconda3\lib\site-packages\urllib3\connectionpool.py", line 638, in urlopen
    _stacktrace=sys.exc_info()[2])
/n  File "C:\Anaconda3\lib\site-packages\urllib3\util\retry.py", line 398, in increment
    raise MaxRetryError(_pool, url, error or ResponseError(cause))
/nurllib3.exceptions.MaxRetryError: HTTPSConnectionPool(host='www.baseball-reference.com', port=443): Max retries exceeded with url: //boxes/MIN/MIN201809250.shtml (Caused by NewConnectionError('<urllib3.connection.VerifiedHTTPSConnection object at 0x07FC0B90>: Failed to establish a new connection: [Errno 11001] getaddrinfo failed'))
/n
During handling of the above exception, another exception occurred:

/nTraceback (most recent call last):
/n  File "<ipython-input-1-540b36a42d15>", line 105, in load_mlb_games
    reps = requests.get(link)
/n  File "C:\Anaconda3\lib\site-packages\requests\api.py", line 75, in get
    return request('get', url, params=params, **kwargs)
/n  File "C:\Anaconda3\lib\site-packages\requests\api.py", line 60, in request
    return session.request(method=method, url=url, **kwargs)
/n  File "C:\Anaconda3\lib\site-packages\requests\sessions.py", line 533, in request
    resp = self.send(prep, **send_kwargs)
/n  File "C:\Anaconda3\lib\site-packages\requests\sessions.py", line 646, in send
    r = adapter.send(request, **kwargs)
/n  File "C:\Anaconda3\lib\site-packages\requests\adapters.py", line 516, in send
    raise ConnectionError(e, request=request)
/nrequests.exceptions.ConnectionError: HTTPSConnectionPool(host='www.baseball-reference.com', port=443): Max retries exceeded with url: //boxes/MIN/MIN201809250.shtml (Caused by NewConnectionError('<urllib3.connection.VerifiedHTTPSConnection object at 0x07FC0B90>: Failed to establish a new connection: [Errno 11001] getaddrinfo failed'))
/nTraceback (most recent call last):
/n  File "C:\Anaconda3\lib\site-packages\urllib3\connection.py", line 159, in _new_conn
    (self._dns_host, self.port), self.timeout, **extra_kw)
/n  File "C:\Anaconda3\lib\site-packages\urllib3\util\connection.py", line 57, in create_connection
    for res in socket.getaddrinfo(host, port, family, socket.SOCK_STREAM):
/n  File "C:\Anaconda3\lib\socket.py", line 748, in getaddrinfo
    for res in _socket.getaddrinfo(host, port, family, type, proto, flags):
/nsocket.gaierror: [Errno 11001] getaddrinfo failed
/n
During handling of the above exception, another exception occurred:

/nTraceback (most recent call last):
/n  File "C:\Anaconda3\lib\site-packages\urllib3\connectionpool.py", line 600, in urlopen
    chunked=chunked)
/n  File "C:\Anaconda3\lib\site-packages\urllib3\connectionpool.py", line 343, in _make_request
    self._validate_conn(conn)
/n  File "C:\Anaconda3\lib\site-packages\urllib3\connectionpool.py", line 839, in _validate_conn
    conn.connect()
/n  File "C:\Anaconda3\lib\site-packages\urllib3\connection.py", line 301, in connect
    conn = self._new_conn()
/n  File "C:\Anaconda3\lib\site-packages\urllib3\connection.py", line 168, in _new_conn
    self, "Failed to establish a new connection: %s" % e)
/nurllib3.exceptions.NewConnectionError: <urllib3.connection.VerifiedHTTPSConnection object at 0x07FC0B50>: Failed to establish a new connection: [Errno 11001] getaddrinfo failed
/n
During handling of the above exception, another exception occurred:

/nTraceback (most recent call last):
/n  File "C:\Anaconda3\lib\site-packages\requests\adapters.py", line 449, in send
    timeout=timeout
/n  File "C:\Anaconda3\lib\site-packages\urllib3\connectionpool.py", line 638, in urlopen
    _stacktrace=sys.exc_info()[2])
/n  File "C:\Anaconda3\lib\site-packages\urllib3\util\retry.py", line 398, in increment
    raise MaxRetryError(_pool, url, error or ResponseError(cause))
/nurllib3.exceptions.MaxRetryError: HTTPSConnectionPool(host='www.baseball-reference.com', port=443): Max retries exceeded with url: //boxes/SEA/SEA201809250.shtml (Caused by NewConnectionError('<urllib3.connection.VerifiedHTTPSConnection object at 0x07FC0B50>: Failed to establish a new connection: [Errno 11001] getaddrinfo failed'))
/n
During handling of the above exception, another exception occurred:

/nTraceback (most recent call last):
/n  File "<ipython-input-1-540b36a42d15>", line 105, in load_mlb_games
    reps = requests.get(link)
/n  File "C:\Anaconda3\lib\site-packages\requests\api.py", line 75, in get
    return request('get', url, params=params, **kwargs)
/n  File "C:\Anaconda3\lib\site-packages\requests\api.py", line 60, in request
    return session.request(method=method, url=url, **kwargs)
/n  File "C:\Anaconda3\lib\site-packages\requests\sessions.py", line 533, in request
    resp = self.send(prep, **send_kwargs)
/n  File "C:\Anaconda3\lib\site-packages\requests\sessions.py", line 646, in send
    r = adapter.send(request, **kwargs)
/n  File "C:\Anaconda3\lib\site-packages\requests\adapters.py", line 516, in send
    raise ConnectionError(e, request=request)
/nrequests.exceptions.ConnectionError: HTTPSConnectionPool(host='www.baseball-reference.com', port=443): Max retries exceeded with url: //boxes/SEA/SEA201809250.shtml (Caused by NewConnectionError('<urllib3.connection.VerifiedHTTPSConnection object at 0x07FC0B50>: Failed to establish a new connection: [Errno 11001] getaddrinfo failed'))
/nTraceback (most recent call last):
/n  File "C:\Anaconda3\lib\site-packages\urllib3\connection.py", line 159, in _new_conn
    (self._dns_host, self.port), self.timeout, **extra_kw)
/n  File "C:\Anaconda3\lib\site-packages\urllib3\util\connection.py", line 57, in create_connection
    for res in socket.getaddrinfo(host, port, family, socket.SOCK_STREAM):
/n  File "C:\Anaconda3\lib\socket.py", line 748, in getaddrinfo
    for res in _socket.getaddrinfo(host, port, family, type, proto, flags):
/nsocket.gaierror: [Errno 11001] getaddrinfo failed
/n
During handling of the above exception, another exception occurred:

/nTraceback (most recent call last):
/n  File "C:\Anaconda3\lib\site-packages\urllib3\connectionpool.py", line 600, in urlopen
    chunked=chunked)
/n  File "C:\Anaconda3\lib\site-packages\urllib3\connectionpool.py", line 343, in _make_request
    self._validate_conn(conn)
/n  File "C:\Anaconda3\lib\site-packages\urllib3\connectionpool.py", line 839, in _validate_conn
    conn.connect()
/n  File "C:\Anaconda3\lib\site-packages\urllib3\connection.py", line 301, in connect
    conn = self._new_conn()
/n  File "C:\Anaconda3\lib\site-packages\urllib3\connection.py", line 168, in _new_conn
    self, "Failed to establish a new connection: %s" % e)
/nurllib3.exceptions.NewConnectionError: <urllib3.connection.VerifiedHTTPSConnection object at 0x07FC09B0>: Failed to establish a new connection: [Errno 11001] getaddrinfo failed
/n
During handling of the above exception, another exception occurred:

/nTraceback (most recent call last):
/n  File "C:\Anaconda3\lib\site-packages\requests\adapters.py", line 449, in send
    timeout=timeout
/n  File "C:\Anaconda3\lib\site-packages\urllib3\connectionpool.py", line 638, in urlopen
    _stacktrace=sys.exc_info()[2])
/n  File "C:\Anaconda3\lib\site-packages\urllib3\util\retry.py", line 398, in increment
    raise MaxRetryError(_pool, url, error or ResponseError(cause))
/nurllib3.exceptions.MaxRetryError: HTTPSConnectionPool(host='www.baseball-reference.com', port=443): Max retries exceeded with url: //boxes/SLN/SLN201809250.shtml (Caused by NewConnectionError('<urllib3.connection.VerifiedHTTPSConnection object at 0x07FC09B0>: Failed to establish a new connection: [Errno 11001] getaddrinfo failed'))
/n
During handling of the above exception, another exception occurred:

/nTraceback (most recent call last):
/n  File "<ipython-input-1-540b36a42d15>", line 105, in load_mlb_games
    reps = requests.get(link)
/n  File "C:\Anaconda3\lib\site-packages\requests\api.py", line 75, in get
    return request('get', url, params=params, **kwargs)
/n  File "C:\Anaconda3\lib\site-packages\requests\api.py", line 60, in request
    return session.request(method=method, url=url, **kwargs)
/n  File "C:\Anaconda3\lib\site-packages\requests\sessions.py", line 533, in request
    resp = self.send(prep, **send_kwargs)
/n  File "C:\Anaconda3\lib\site-packages\requests\sessions.py", line 646, in send
    r = adapter.send(request, **kwargs)
/n  File "C:\Anaconda3\lib\site-packages\requests\adapters.py", line 516, in send
    raise ConnectionError(e, request=request)
/nrequests.exceptions.ConnectionError: HTTPSConnectionPool(host='www.baseball-reference.com', port=443): Max retries exceeded with url: //boxes/SLN/SLN201809250.shtml (Caused by NewConnectionError('<urllib3.connection.VerifiedHTTPSConnection object at 0x07FC09B0>: Failed to establish a new connection: [Errno 11001] getaddrinfo failed'))
/nTraceback (most recent call last):
/n  File "C:\Anaconda3\lib\site-packages\urllib3\connection.py", line 159, in _new_conn
    (self._dns_host, self.port), self.timeout, **extra_kw)
/n  File "C:\Anaconda3\lib\site-packages\urllib3\util\connection.py", line 57, in create_connection
    for res in socket.getaddrinfo(host, port, family, socket.SOCK_STREAM):
/n  File "C:\Anaconda3\lib\socket.py", line 748, in getaddrinfo
    for res in _socket.getaddrinfo(host, port, family, type, proto, flags):
/nsocket.gaierror: [Errno 11001] getaddrinfo failed
/n
During handling of the above exception, another exception occurred:

/nTraceback (most recent call last):
/n  File "C:\Anaconda3\lib\site-packages\urllib3\connectionpool.py", line 600, in urlopen
    chunked=chunked)
/n  File "C:\Anaconda3\lib\site-packages\urllib3\connectionpool.py", line 343, in _make_request
    self._validate_conn(conn)
/n  File "C:\Anaconda3\lib\site-packages\urllib3\connectionpool.py", line 839, in _validate_conn
    conn.connect()
/n  File "C:\Anaconda3\lib\site-packages\urllib3\connection.py", line 301, in connect
    conn = self._new_conn()
/n  File "C:\Anaconda3\lib\site-packages\urllib3\connection.py", line 168, in _new_conn
    self, "Failed to establish a new connection: %s" % e)
/nurllib3.exceptions.NewConnectionError: <urllib3.connection.VerifiedHTTPSConnection object at 0x07FC0BF0>: Failed to establish a new connection: [Errno 11001] getaddrinfo failed
/n
During handling of the above exception, another exception occurred:

/nTraceback (most recent call last):
/n  File "C:\Anaconda3\lib\site-packages\requests\adapters.py", line 449, in send
    timeout=timeout
/n  File "C:\Anaconda3\lib\site-packages\urllib3\connectionpool.py", line 638, in urlopen
    _stacktrace=sys.exc_info()[2])
/n  File "C:\Anaconda3\lib\site-packages\urllib3\util\retry.py", line 398, in increment
    raise MaxRetryError(_pool, url, error or ResponseError(cause))
/nurllib3.exceptions.MaxRetryError: HTTPSConnectionPool(host='www.baseball-reference.com', port=443): Max retries exceeded with url: //boxes/TOR/TOR201809250.shtml (Caused by NewConnectionError('<urllib3.connection.VerifiedHTTPSConnection object at 0x07FC0BF0>: Failed to establish a new connection: [Errno 11001] getaddrinfo failed'))
/n
During handling of the above exception, another exception occurred:

/nTraceback (most recent call last):
/n  File "<ipython-input-1-540b36a42d15>", line 105, in load_mlb_games
    reps = requests.get(link)
/n  File "C:\Anaconda3\lib\site-packages\requests\api.py", line 75, in get
    return request('get', url, params=params, **kwargs)
/n  File "C:\Anaconda3\lib\site-packages\requests\api.py", line 60, in request
    return session.request(method=method, url=url, **kwargs)
/n  File "C:\Anaconda3\lib\site-packages\requests\sessions.py", line 533, in request
    resp = self.send(prep, **send_kwargs)
/n  File "C:\Anaconda3\lib\site-packages\requests\sessions.py", line 646, in send
    r = adapter.send(request, **kwargs)
/n  File "C:\Anaconda3\lib\site-packages\requests\adapters.py", line 516, in send
    raise ConnectionError(e, request=request)
/nrequests.exceptions.ConnectionError: HTTPSConnectionPool(host='www.baseball-reference.com', port=443): Max retries exceeded with url: //boxes/TOR/TOR201809250.shtml (Caused by NewConnectionError('<urllib3.connection.VerifiedHTTPSConnection object at 0x07FC0BF0>: Failed to establish a new connection: [Errno 11001] getaddrinfo failed'))
/nTraceback (most recent call last):
/n  File "C:\Anaconda3\lib\site-packages\urllib3\connection.py", line 159, in _new_conn
    (self._dns_host, self.port), self.timeout, **extra_kw)
/n  File "C:\Anaconda3\lib\site-packages\urllib3\util\connection.py", line 57, in create_connection
    for res in socket.getaddrinfo(host, port, family, socket.SOCK_STREAM):
/n  File "C:\Anaconda3\lib\socket.py", line 748, in getaddrinfo
    for res in _socket.getaddrinfo(host, port, family, type, proto, flags):
/nsocket.gaierror: [Errno 11001] getaddrinfo failed
/n
During handling of the above exception, another exception occurred:

/nTraceback (most recent call last):
/n  File "C:\Anaconda3\lib\site-packages\urllib3\connectionpool.py", line 600, in urlopen
    chunked=chunked)
/n  File "C:\Anaconda3\lib\site-packages\urllib3\connectionpool.py", line 343, in _make_request
    self._validate_conn(conn)
/n  File "C:\Anaconda3\lib\site-packages\urllib3\connectionpool.py", line 839, in _validate_conn
    conn.connect()
/n  File "C:\Anaconda3\lib\site-packages\urllib3\connection.py", line 301, in connect
    conn = self._new_conn()
/n  File "C:\Anaconda3\lib\site-packages\urllib3\connection.py", line 168, in _new_conn
    self, "Failed to establish a new connection: %s" % e)
/nurllib3.exceptions.NewConnectionError: <urllib3.connection.VerifiedHTTPSConnection object at 0x07FC0F10>: Failed to establish a new connection: [Errno 11001] getaddrinfo failed
/n
During handling of the above exception, another exception occurred:

/nTraceback (most recent call last):
/n  File "C:\Anaconda3\lib\site-packages\requests\adapters.py", line 449, in send
    timeout=timeout
/n  File "C:\Anaconda3\lib\site-packages\urllib3\connectionpool.py", line 638, in urlopen
    _stacktrace=sys.exc_info()[2])
/n  File "C:\Anaconda3\lib\site-packages\urllib3\util\retry.py", line 398, in increment
    raise MaxRetryError(_pool, url, error or ResponseError(cause))
/nurllib3.exceptions.MaxRetryError: HTTPSConnectionPool(host='www.baseball-reference.com', port=443): Max retries exceeded with url: //boxes/ANA/ANA201809260.shtml (Caused by NewConnectionError('<urllib3.connection.VerifiedHTTPSConnection object at 0x07FC0F10>: Failed to establish a new connection: [Errno 11001] getaddrinfo failed'))
/n
During handling of the above exception, another exception occurred:

/nTraceback (most recent call last):
/n  File "<ipython-input-1-540b36a42d15>", line 105, in load_mlb_games
    reps = requests.get(link)
/n  File "C:\Anaconda3\lib\site-packages\requests\api.py", line 75, in get
    return request('get', url, params=params, **kwargs)
/n  File "C:\Anaconda3\lib\site-packages\requests\api.py", line 60, in request
    return session.request(method=method, url=url, **kwargs)
/n  File "C:\Anaconda3\lib\site-packages\requests\sessions.py", line 533, in request
    resp = self.send(prep, **send_kwargs)
/n  File "C:\Anaconda3\lib\site-packages\requests\sessions.py", line 646, in send
    r = adapter.send(request, **kwargs)
/n  File "C:\Anaconda3\lib\site-packages\requests\adapters.py", line 516, in send
    raise ConnectionError(e, request=request)
/nrequests.exceptions.ConnectionError: HTTPSConnectionPool(host='www.baseball-reference.com', port=443): Max retries exceeded with url: //boxes/ANA/ANA201809260.shtml (Caused by NewConnectionError('<urllib3.connection.VerifiedHTTPSConnection object at 0x07FC0F10>: Failed to establish a new connection: [Errno 11001] getaddrinfo failed'))
/nTraceback (most recent call last):
/n  File "C:\Anaconda3\lib\site-packages\urllib3\connection.py", line 159, in _new_conn
    (self._dns_host, self.port), self.timeout, **extra_kw)
/n  File "C:\Anaconda3\lib\site-packages\urllib3\util\connection.py", line 57, in create_connection
    for res in socket.getaddrinfo(host, port, family, socket.SOCK_STREAM):
/n  File "C:\Anaconda3\lib\socket.py", line 748, in getaddrinfo
    for res in _socket.getaddrinfo(host, port, family, type, proto, flags):
/nsocket.gaierror: [Errno 11001] getaddrinfo failed
/n
During handling of the above exception, another exception occurred:

/nTraceback (most recent call last):
/n  File "C:\Anaconda3\lib\site-packages\urllib3\connectionpool.py", line 600, in urlopen
    chunked=chunked)
/n  File "C:\Anaconda3\lib\site-packages\urllib3\connectionpool.py", line 343, in _make_request
    self._validate_conn(conn)
/n  File "C:\Anaconda3\lib\site-packages\urllib3\connectionpool.py", line 839, in _validate_conn
    conn.connect()
/n  File "C:\Anaconda3\lib\site-packages\urllib3\connection.py", line 301, in connect
    conn = self._new_conn()
/n  File "C:\Anaconda3\lib\site-packages\urllib3\connection.py", line 168, in _new_conn
    self, "Failed to establish a new connection: %s" % e)
/nurllib3.exceptions.NewConnectionError: <urllib3.connection.VerifiedHTTPSConnection object at 0x07FC0B90>: Failed to establish a new connection: [Errno 11001] getaddrinfo failed
/n
During handling of the above exception, another exception occurred:

/nTraceback (most recent call last):
/n  File "C:\Anaconda3\lib\site-packages\requests\adapters.py", line 449, in send
    timeout=timeout
/n  File "C:\Anaconda3\lib\site-packages\urllib3\connectionpool.py", line 638, in urlopen
    _stacktrace=sys.exc_info()[2])
/n  File "C:\Anaconda3\lib\site-packages\urllib3\util\retry.py", line 398, in increment
    raise MaxRetryError(_pool, url, error or ResponseError(cause))
/nurllib3.exceptions.MaxRetryError: HTTPSConnectionPool(host='www.baseball-reference.com', port=443): Max retries exceeded with url: //boxes/BOS/BOS201809261.shtml (Caused by NewConnectionError('<urllib3.connection.VerifiedHTTPSConnection object at 0x07FC0B90>: Failed to establish a new connection: [Errno 11001] getaddrinfo failed'))
/n
During handling of the above exception, another exception occurred:

/nTraceback (most recent call last):
/n  File "<ipython-input-1-540b36a42d15>", line 105, in load_mlb_games
    reps = requests.get(link)
/n  File "C:\Anaconda3\lib\site-packages\requests\api.py", line 75, in get
    return request('get', url, params=params, **kwargs)
/n  File "C:\Anaconda3\lib\site-packages\requests\api.py", line 60, in request
    return session.request(method=method, url=url, **kwargs)
/n  File "C:\Anaconda3\lib\site-packages\requests\sessions.py", line 533, in request
    resp = self.send(prep, **send_kwargs)
/n  File "C:\Anaconda3\lib\site-packages\requests\sessions.py", line 646, in send
    r = adapter.send(request, **kwargs)
/n  File "C:\Anaconda3\lib\site-packages\requests\adapters.py", line 516, in send
    raise ConnectionError(e, request=request)
/nrequests.exceptions.ConnectionError: HTTPSConnectionPool(host='www.baseball-reference.com', port=443): Max retries exceeded with url: //boxes/BOS/BOS201809261.shtml (Caused by NewConnectionError('<urllib3.connection.VerifiedHTTPSConnection object at 0x07FC0B90>: Failed to establish a new connection: [Errno 11001] getaddrinfo failed'))
/nTraceback (most recent call last):
/n  File "C:\Anaconda3\lib\site-packages\urllib3\connection.py", line 159, in _new_conn
    (self._dns_host, self.port), self.timeout, **extra_kw)
/n  File "C:\Anaconda3\lib\site-packages\urllib3\util\connection.py", line 57, in create_connection
    for res in socket.getaddrinfo(host, port, family, socket.SOCK_STREAM):
/n  File "C:\Anaconda3\lib\socket.py", line 748, in getaddrinfo
    for res in _socket.getaddrinfo(host, port, family, type, proto, flags):
/nsocket.gaierror: [Errno 11001] getaddrinfo failed
/n
During handling of the above exception, another exception occurred:

/nTraceback (most recent call last):
/n  File "C:\Anaconda3\lib\site-packages\urllib3\connectionpool.py", line 600, in urlopen
    chunked=chunked)
/n  File "C:\Anaconda3\lib\site-packages\urllib3\connectionpool.py", line 343, in _make_request
    self._validate_conn(conn)
/n  File "C:\Anaconda3\lib\site-packages\urllib3\connectionpool.py", line 839, in _validate_conn
    conn.connect()
/n  File "C:\Anaconda3\lib\site-packages\urllib3\connection.py", line 301, in connect
    conn = self._new_conn()
/n  File "C:\Anaconda3\lib\site-packages\urllib3\connection.py", line 168, in _new_conn
    self, "Failed to establish a new connection: %s" % e)
/nurllib3.exceptions.NewConnectionError: <urllib3.connection.VerifiedHTTPSConnection object at 0x07FC0B50>: Failed to establish a new connection: [Errno 11001] getaddrinfo failed
/n
During handling of the above exception, another exception occurred:

/nTraceback (most recent call last):
/n  File "C:\Anaconda3\lib\site-packages\requests\adapters.py", line 449, in send
    timeout=timeout
/n  File "C:\Anaconda3\lib\site-packages\urllib3\connectionpool.py", line 638, in urlopen
    _stacktrace=sys.exc_info()[2])
/n  File "C:\Anaconda3\lib\site-packages\urllib3\util\retry.py", line 398, in increment
    raise MaxRetryError(_pool, url, error or ResponseError(cause))
/nurllib3.exceptions.MaxRetryError: HTTPSConnectionPool(host='www.baseball-reference.com', port=443): Max retries exceeded with url: //boxes/CHA/CHA201809260.shtml (Caused by NewConnectionError('<urllib3.connection.VerifiedHTTPSConnection object at 0x07FC0B50>: Failed to establish a new connection: [Errno 11001] getaddrinfo failed'))
/n
During handling of the above exception, another exception occurred:

/nTraceback (most recent call last):
/n  File "<ipython-input-1-540b36a42d15>", line 105, in load_mlb_games
    reps = requests.get(link)
/n  File "C:\Anaconda3\lib\site-packages\requests\api.py", line 75, in get
    return request('get', url, params=params, **kwargs)
/n  File "C:\Anaconda3\lib\site-packages\requests\api.py", line 60, in request
    return session.request(method=method, url=url, **kwargs)
/n  File "C:\Anaconda3\lib\site-packages\requests\sessions.py", line 533, in request
    resp = self.send(prep, **send_kwargs)
/n  File "C:\Anaconda3\lib\site-packages\requests\sessions.py", line 646, in send
    r = adapter.send(request, **kwargs)
/n  File "C:\Anaconda3\lib\site-packages\requests\adapters.py", line 516, in send
    raise ConnectionError(e, request=request)
/nrequests.exceptions.ConnectionError: HTTPSConnectionPool(host='www.baseball-reference.com', port=443): Max retries exceeded with url: //boxes/CHA/CHA201809260.shtml (Caused by NewConnectionError('<urllib3.connection.VerifiedHTTPSConnection object at 0x07FC0B50>: Failed to establish a new connection: [Errno 11001] getaddrinfo failed'))
/nTraceback (most recent call last):
/n  File "C:\Anaconda3\lib\site-packages\urllib3\connection.py", line 159, in _new_conn
    (self._dns_host, self.port), self.timeout, **extra_kw)
/n  File "C:\Anaconda3\lib\site-packages\urllib3\util\connection.py", line 57, in create_connection
    for res in socket.getaddrinfo(host, port, family, socket.SOCK_STREAM):
/n  File "C:\Anaconda3\lib\socket.py", line 748, in getaddrinfo
    for res in _socket.getaddrinfo(host, port, family, type, proto, flags):
/nsocket.gaierror: [Errno 11001] getaddrinfo failed
/n
During handling of the above exception, another exception occurred:

/nTraceback (most recent call last):
/n  File "C:\Anaconda3\lib\site-packages\urllib3\connectionpool.py", line 600, in urlopen
    chunked=chunked)
/n  File "C:\Anaconda3\lib\site-packages\urllib3\connectionpool.py", line 343, in _make_request
    self._validate_conn(conn)
/n  File "C:\Anaconda3\lib\site-packages\urllib3\connectionpool.py", line 839, in _validate_conn
    conn.connect()
/n  File "C:\Anaconda3\lib\site-packages\urllib3\connection.py", line 301, in connect
    conn = self._new_conn()
/n  File "C:\Anaconda3\lib\site-packages\urllib3\connection.py", line 168, in _new_conn
    self, "Failed to establish a new connection: %s" % e)
/nurllib3.exceptions.NewConnectionError: <urllib3.connection.VerifiedHTTPSConnection object at 0x07F9D9B0>: Failed to establish a new connection: [Errno 11001] getaddrinfo failed
/n
During handling of the above exception, another exception occurred:

/nTraceback (most recent call last):
/n  File "C:\Anaconda3\lib\site-packages\requests\adapters.py", line 449, in send
    timeout=timeout
/n  File "C:\Anaconda3\lib\site-packages\urllib3\connectionpool.py", line 638, in urlopen
    _stacktrace=sys.exc_info()[2])
/n  File "C:\Anaconda3\lib\site-packages\urllib3\util\retry.py", line 398, in increment
    raise MaxRetryError(_pool, url, error or ResponseError(cause))
/nurllib3.exceptions.MaxRetryError: HTTPSConnectionPool(host='www.baseball-reference.com', port=443): Max retries exceeded with url: //boxes/CIN/CIN201809260.shtml (Caused by NewConnectionError('<urllib3.connection.VerifiedHTTPSConnection object at 0x07F9D9B0>: Failed to establish a new connection: [Errno 11001] getaddrinfo failed'))
/n
During handling of the above exception, another exception occurred:

/nTraceback (most recent call last):
/n  File "<ipython-input-1-540b36a42d15>", line 105, in load_mlb_games
    reps = requests.get(link)
/n  File "C:\Anaconda3\lib\site-packages\requests\api.py", line 75, in get
    return request('get', url, params=params, **kwargs)
/n  File "C:\Anaconda3\lib\site-packages\requests\api.py", line 60, in request
    return session.request(method=method, url=url, **kwargs)
/n  File "C:\Anaconda3\lib\site-packages\requests\sessions.py", line 533, in request
    resp = self.send(prep, **send_kwargs)
/n  File "C:\Anaconda3\lib\site-packages\requests\sessions.py", line 646, in send
    r = adapter.send(request, **kwargs)
/n  File "C:\Anaconda3\lib\site-packages\requests\adapters.py", line 516, in send
    raise ConnectionError(e, request=request)
/nrequests.exceptions.ConnectionError: HTTPSConnectionPool(host='www.baseball-reference.com', port=443): Max retries exceeded with url: //boxes/CIN/CIN201809260.shtml (Caused by NewConnectionError('<urllib3.connection.VerifiedHTTPSConnection object at 0x07F9D9B0>: Failed to establish a new connection: [Errno 11001] getaddrinfo failed'))
/nTraceback (most recent call last):
/n  File "C:\Anaconda3\lib\site-packages\urllib3\connection.py", line 159, in _new_conn
    (self._dns_host, self.port), self.timeout, **extra_kw)
/n  File "C:\Anaconda3\lib\site-packages\urllib3\util\connection.py", line 57, in create_connection
    for res in socket.getaddrinfo(host, port, family, socket.SOCK_STREAM):
/n  File "C:\Anaconda3\lib\socket.py", line 748, in getaddrinfo
    for res in _socket.getaddrinfo(host, port, family, type, proto, flags):
/nsocket.gaierror: [Errno 11001] getaddrinfo failed
/n
During handling of the above exception, another exception occurred:

/nTraceback (most recent call last):
/n  File "C:\Anaconda3\lib\site-packages\urllib3\connectionpool.py", line 600, in urlopen
    chunked=chunked)
/n  File "C:\Anaconda3\lib\site-packages\urllib3\connectionpool.py", line 343, in _make_request
    self._validate_conn(conn)
/n  File "C:\Anaconda3\lib\site-packages\urllib3\connectionpool.py", line 839, in _validate_conn
    conn.connect()
/n  File "C:\Anaconda3\lib\site-packages\urllib3\connection.py", line 301, in connect
    conn = self._new_conn()
/n  File "C:\Anaconda3\lib\site-packages\urllib3\connection.py", line 168, in _new_conn
    self, "Failed to establish a new connection: %s" % e)
/nurllib3.exceptions.NewConnectionError: <urllib3.connection.VerifiedHTTPSConnection object at 0x07FC0D30>: Failed to establish a new connection: [Errno 11001] getaddrinfo failed
/n
During handling of the above exception, another exception occurred:

/nTraceback (most recent call last):
/n  File "C:\Anaconda3\lib\site-packages\requests\adapters.py", line 449, in send
    timeout=timeout
/n  File "C:\Anaconda3\lib\site-packages\urllib3\connectionpool.py", line 638, in urlopen
    _stacktrace=sys.exc_info()[2])
/n  File "C:\Anaconda3\lib\site-packages\urllib3\util\retry.py", line 398, in increment
    raise MaxRetryError(_pool, url, error or ResponseError(cause))
/nurllib3.exceptions.MaxRetryError: HTTPSConnectionPool(host='www.baseball-reference.com', port=443): Max retries exceeded with url: //boxes/MIN/MIN201809260.shtml (Caused by NewConnectionError('<urllib3.connection.VerifiedHTTPSConnection object at 0x07FC0D30>: Failed to establish a new connection: [Errno 11001] getaddrinfo failed'))
/n
During handling of the above exception, another exception occurred:

/nTraceback (most recent call last):
/n  File "<ipython-input-1-540b36a42d15>", line 105, in load_mlb_games
    reps = requests.get(link)
/n  File "C:\Anaconda3\lib\site-packages\requests\api.py", line 75, in get
    return request('get', url, params=params, **kwargs)
/n  File "C:\Anaconda3\lib\site-packages\requests\api.py", line 60, in request
    return session.request(method=method, url=url, **kwargs)
/n  File "C:\Anaconda3\lib\site-packages\requests\sessions.py", line 533, in request
    resp = self.send(prep, **send_kwargs)
/n  File "C:\Anaconda3\lib\site-packages\requests\sessions.py", line 646, in send
    r = adapter.send(request, **kwargs)
/n  File "C:\Anaconda3\lib\site-packages\requests\adapters.py", line 516, in send
    raise ConnectionError(e, request=request)
/nrequests.exceptions.ConnectionError: HTTPSConnectionPool(host='www.baseball-reference.com', port=443): Max retries exceeded with url: //boxes/MIN/MIN201809260.shtml (Caused by NewConnectionError('<urllib3.connection.VerifiedHTTPSConnection object at 0x07FC0D30>: Failed to establish a new connection: [Errno 11001] getaddrinfo failed'))
/nTraceback (most recent call last):
/n  File "C:\Anaconda3\lib\site-packages\urllib3\connection.py", line 159, in _new_conn
    (self._dns_host, self.port), self.timeout, **extra_kw)
/n  File "C:\Anaconda3\lib\site-packages\urllib3\util\connection.py", line 57, in create_connection
    for res in socket.getaddrinfo(host, port, family, socket.SOCK_STREAM):
/n  File "C:\Anaconda3\lib\socket.py", line 748, in getaddrinfo
    for res in _socket.getaddrinfo(host, port, family, type, proto, flags):
/nsocket.gaierror: [Errno 11001] getaddrinfo failed
/n
During handling of the above exception, another exception occurred:

/nTraceback (most recent call last):
/n  File "C:\Anaconda3\lib\site-packages\urllib3\connectionpool.py", line 600, in urlopen
    chunked=chunked)
/n  File "C:\Anaconda3\lib\site-packages\urllib3\connectionpool.py", line 343, in _make_request
    self._validate_conn(conn)
/n  File "C:\Anaconda3\lib\site-packages\urllib3\connectionpool.py", line 839, in _validate_conn
    conn.connect()
/n  File "C:\Anaconda3\lib\site-packages\urllib3\connection.py", line 301, in connect
    conn = self._new_conn()
/n  File "C:\Anaconda3\lib\site-packages\urllib3\connection.py", line 168, in _new_conn
    self, "Failed to establish a new connection: %s" % e)
/nurllib3.exceptions.NewConnectionError: <urllib3.connection.VerifiedHTTPSConnection object at 0x07FC0C10>: Failed to establish a new connection: [Errno 11001] getaddrinfo failed
/n
During handling of the above exception, another exception occurred:

/nTraceback (most recent call last):
/n  File "C:\Anaconda3\lib\site-packages\requests\adapters.py", line 449, in send
    timeout=timeout
/n  File "C:\Anaconda3\lib\site-packages\urllib3\connectionpool.py", line 638, in urlopen
    _stacktrace=sys.exc_info()[2])
/n  File "C:\Anaconda3\lib\site-packages\urllib3\util\retry.py", line 398, in increment
    raise MaxRetryError(_pool, url, error or ResponseError(cause))
/nurllib3.exceptions.MaxRetryError: HTTPSConnectionPool(host='www.baseball-reference.com', port=443): Max retries exceeded with url: //boxes/SEA/SEA201809260.shtml (Caused by NewConnectionError('<urllib3.connection.VerifiedHTTPSConnection object at 0x07FC0C10>: Failed to establish a new connection: [Errno 11001] getaddrinfo failed'))
/n
During handling of the above exception, another exception occurred:

/nTraceback (most recent call last):
/n  File "<ipython-input-1-540b36a42d15>", line 105, in load_mlb_games
    reps = requests.get(link)
/n  File "C:\Anaconda3\lib\site-packages\requests\api.py", line 75, in get
    return request('get', url, params=params, **kwargs)
/n  File "C:\Anaconda3\lib\site-packages\requests\api.py", line 60, in request
    return session.request(method=method, url=url, **kwargs)
/n  File "C:\Anaconda3\lib\site-packages\requests\sessions.py", line 533, in request
    resp = self.send(prep, **send_kwargs)
/n  File "C:\Anaconda3\lib\site-packages\requests\sessions.py", line 646, in send
    r = adapter.send(request, **kwargs)
/n  File "C:\Anaconda3\lib\site-packages\requests\adapters.py", line 516, in send
    raise ConnectionError(e, request=request)
/nrequests.exceptions.ConnectionError: HTTPSConnectionPool(host='www.baseball-reference.com', port=443): Max retries exceeded with url: //boxes/SEA/SEA201809260.shtml (Caused by NewConnectionError('<urllib3.connection.VerifiedHTTPSConnection object at 0x07FC0C10>: Failed to establish a new connection: [Errno 11001] getaddrinfo failed'))
/nProcess 1.58 seconds url: https://www.baseball-reference.com//boxes/SLN/SLN201809260.shtmlProcess 1.412 seconds url: https://www.baseball-reference.com//boxes/TOR/TOR201809260.shtmlProcess 1.418 seconds url: https://www.baseball-reference.com//boxes/CHN/CHN201809270.shtmlProcess 1.548 seconds url: https://www.baseball-reference.com//boxes/KCA/KCA201809270.shtmlProcess 1.631 seconds url: https://www.baseball-reference.com//boxes/NYN/NYN201809270.shtmlProcess 1.412 seconds url: https://www.baseball-reference.com//boxes/TBA/TBA201809270.shtmlProcess 1.476 seconds url: https://www.baseball-reference.com//boxes/BAL/BAL201809280.shtmlProcess 1.425 seconds url: https://www.baseball-reference.com//boxes/CHN/CHN201809280.shtmlProcess 1.35 seconds url: https://www.baseball-reference.com//boxes/COL/COL201809280.shtmlProcess 2.681 seconds url: https://www.baseball-reference.com//boxes/MIL/MIL201809280.shtmlProcess 1.478 seconds url: https://www.baseball-reference.com//boxes/MIN/MIN201809282.shtmlProcess 2.041 seconds url: https://www.baseball-reference.com//boxes/PHI/PHI201809280.shtmlProcess 1.415 seconds url: https://www.baseball-reference.com//boxes/SEA/SEA201809280.shtmlProcess 1.382 seconds url: https://www.baseball-reference.com//boxes/TBA/TBA201809280.shtmlProcess 1.415 seconds url: https://www.baseball-reference.com//boxes/BAL/BAL201809291.shtmlProcess 1.442 seconds url: https://www.baseball-reference.com//boxes/BOS/BOS201809290.shtmlProcess 1.421 seconds url: https://www.baseball-reference.com//boxes/CIN/CIN201809290.shtmlProcess 1.377 seconds url: https://www.baseball-reference.com//boxes/KCA/KCA201809290.shtmlProcess 1.624 seconds url: https://www.baseball-reference.com//boxes/MIN/MIN201809290.shtmlProcess 1.494 seconds url: https://www.baseball-reference.com//boxes/PHI/PHI201809290.shtmlProcess 1.476 seconds url: https://www.baseball-reference.com//boxes/SEA/SEA201809290.shtmlProcess 2.39 seconds url: https://www.baseball-reference.com//boxes/TBA/TBA201809290.shtmlProcess 2.008 seconds url: https://www.baseball-reference.com//boxes/BAL/BAL201809300.shtmlProcess 1.362 seconds url: https://www.baseball-reference.com//boxes/CHN/CHN201809300.shtmlProcess 1.392 seconds url: https://www.baseball-reference.com//boxes/COL/COL201809300.shtmlProcess 1.447 seconds url: https://www.baseball-reference.com//boxes/MIL/MIL201809300.shtmlProcess 1.354 seconds url: https://www.baseball-reference.com//boxes/NYN/NYN201809300.shtmlProcess 1.358 seconds url: https://www.baseball-reference.com//boxes/SDN/SDN201809300.shtmlProcess 1.336 seconds url: https://www.baseball-reference.com//boxes/SFN/SFN201809300.shtmlProcess 1.318 seconds url: https://www.baseball-reference.com//boxes/CHN/CHN201810010.shtml